[ 2016-10-31T10:00:06+08:00 ] ::1 /caipiao/
INFO: [ app_init ] --START--
INFO: Run Behavior\BuildLiteBehavior [ RunTime:0.000029s ]
INFO: [ app_init ] --END-- [ RunTime:0.009539s ]

[ 2016-10-31T10:00:27+08:00 ] ::1 /caipiao/Home/Login/Username
INFO: [ app_init ] --START--
INFO: Run Behavior\BuildLiteBehavior [ RunTime:0.000025s ]
INFO: [ app_init ] --END-- [ RunTime:0.000862s ]
INFO: [ app_begin ] --START--
INFO: Run Behavior\ReadHtmlCacheBehavior [ RunTime:0.001157s ]
INFO: [ app_begin ] --END-- [ RunTime:0.001419s ]
SQL: SHOW COLUMNS FROM `bocai_user` [ RunTime:0.0491s ]
SQL: SELECT * FROM `bocai_user` WHERE `user_name` = 'root'  [ RunTime:0.0009s ]
INFO: [ app_end ] --START--
INFO: Run Behavior\ShowPageTraceBehavior [ RunTime:0.002165s ]
INFO: [ app_end ] --END-- [ RunTime:0.002352s ]

[ 2016-10-31T10:00:30+08:00 ] ::1 /caipiao/Home/Login/Login
INFO: [ app_init ] --START--
INFO: Run Behavior\BuildLiteBehavior [ RunTime:0.000015s ]
INFO: [ app_init ] --END-- [ RunTime:0.000457s ]
INFO: [ app_begin ] --START--
INFO: Run Behavior\ReadHtmlCacheBehavior [ RunTime:0.000563s ]
INFO: [ app_begin ] --END-- [ RunTime:0.000628s ]
SQL: SHOW COLUMNS FROM `bocai_user` [ RunTime:0.0095s ]
SQL: SELECT * FROM `bocai_user` WHERE `user_name` = 'root' AND `user_pwd` = 'root'  [ RunTime:0.0008s ]
INFO: [ app_end ] --START--
INFO: Run Behavior\ShowPageTraceBehavior [ RunTime:0.002087s ]
INFO: [ app_end ] --END-- [ RunTime:0.002276s ]

[ 2016-10-31T10:00:31+08:00 ] ::1 /caipiao/Home/Homepage/Homepage
INFO: [ app_init ] --START--
INFO: Run Behavior\BuildLiteBehavior [ RunTime:0.000028s ]
INFO: [ app_init ] --END-- [ RunTime:0.000873s ]

[ 2016-10-31T10:00:37+08:00 ] ::1 /caipiao/Home/Shuangse/Shuangse
INFO: [ app_init ] --START--
INFO: Run Behavior\BuildLiteBehavior [ RunTime:0.000015s ]
INFO: [ app_init ] --END-- [ RunTime:0.000492s ]

[ 2016-10-31T10:00:43+08:00 ] ::1 /caipiao/index.php/Home/Shuangse/Shuangse/p/2.html
INFO: [ app_init ] --START--
INFO: Run Behavior\BuildLiteBehavior [ RunTime:0.000014s ]
INFO: [ app_init ] --END-- [ RunTime:0.000486s ]

[ 2016-10-31T10:00:46+08:00 ] ::1 /caipiao/index.php/Home/Shuangse/Shuangse/p/6.html
INFO: [ app_init ] --START--
INFO: Run Behavior\BuildLiteBehavior [ RunTime:0.000016s ]
INFO: [ app_init ] --END-- [ RunTime:0.000466s ]

[ 2016-10-31T10:03:36+08:00 ] ::1 /caipiao/index.php/Home/Shuangse/Shuangse/p/6.html
INFO: [ app_init ] --START--
INFO: Run Behavior\BuildLiteBehavior [ RunTime:0.000015s ]
INFO: [ app_init ] --END-- [ RunTime:0.000515s ]

[ 2016-10-31T10:03:41+08:00 ] ::1 /caipiao/index.php/Home/Shuangse/Shuangse/p/5.html
INFO: [ app_init ] --START--
INFO: Run Behavior\BuildLiteBehavior [ RunTime:0.000015s ]
INFO: [ app_init ] --END-- [ RunTime:0.000544s ]

[ 2016-10-31T10:03:44+08:00 ] ::1 /caipiao/index.php/Home/Shuangse/Shuangse/p/6.html
INFO: [ app_init ] --START--
INFO: Run Behavior\BuildLiteBehavior [ RunTime:0.000015s ]
INFO: [ app_init ] --END-- [ RunTime:0.000610s ]

[ 2016-10-31T10:09:50+08:00 ] ::1 /caipiao/index.php/Home/Shuangse/Shuangse/p/6.html
INFO: [ app_init ] --START--
INFO: Run Behavior\BuildLiteBehavior [ RunTime:0.000017s ]
INFO: [ app_init ] --END-- [ RunTime:0.000567s ]

[ 2016-10-31T10:09:53+08:00 ] ::1 /caipiao/index.php/Home/Shuangse/Shuangse/p/7.html
INFO: [ app_init ] --START--
INFO: Run Behavior\BuildLiteBehavior [ RunTime:0.000016s ]
INFO: [ app_init ] --END-- [ RunTime:0.000505s ]

[ 2016-10-31T10:09:56+08:00 ] ::1 /caipiao/index.php/Home/Shuangse/Shuangse/p/6.html
INFO: [ app_init ] --START--
INFO: Run Behavior\BuildLiteBehavior [ RunTime:0.000014s ]
INFO: [ app_init ] --END-- [ RunTime:0.000519s ]

[ 2016-10-31T10:12:40+08:00 ] ::1 /caipiao/index.php/Home/Shuangse/Shuangse/p/7.html
INFO: [ app_init ] --START--
INFO: Run Behavior\BuildLiteBehavior [ RunTime:0.000027s ]
INFO: [ app_init ] --END-- [ RunTime:0.006808s ]

[ 2016-10-31T10:12:58+08:00 ] ::1 /caipiao/index.php/Home/Shuangse/Shuangse/p/1.html
INFO: [ app_init ] --START--
INFO: Run Behavior\BuildLiteBehavior [ RunTime:0.000016s ]
INFO: [ app_init ] --END-- [ RunTime:0.000568s ]

[ 2016-10-31T10:13:21+08:00 ] ::1 /caipiao/index.php/Home/Shuangse/Shuangse/p/7.html
INFO: [ app_init ] --START--
INFO: Run Behavior\BuildLiteBehavior [ RunTime:0.000017s ]
INFO: [ app_init ] --END-- [ RunTime:0.000564s ]

[ 2016-10-31T10:13:35+08:00 ] ::1 /caipiao/index.php/Home/Shuangse/Shuangse/p/6.html
INFO: [ app_init ] --START--
INFO: Run Behavior\BuildLiteBehavior [ RunTime:0.000015s ]
INFO: [ app_init ] --END-- [ RunTime:0.000504s ]

[ 2016-10-31T10:16:10+08:00 ] ::1 /caipiao/index.php/Home/Shuangse/Shuangse/p/6.html
INFO: [ app_init ] --START--
INFO: Run Behavior\BuildLiteBehavior [ RunTime:0.000016s ]
INFO: [ app_init ] --END-- [ RunTime:0.000625s ]

[ 2016-10-31T10:16:13+08:00 ] ::1 /caipiao/index.php/Home/Shuangse/Shuangse/p/7.html
INFO: [ app_init ] --START--
INFO: Run Behavior\BuildLiteBehavior [ RunTime:0.000016s ]
INFO: [ app_init ] --END-- [ RunTime:0.000618s ]

[ 2016-10-31T10:16:14+08:00 ] ::1 /caipiao/index.php/Home/Shuangse/Shuangse/p/7.html
INFO: [ app_init ] --START--
INFO: Run Behavior\BuildLiteBehavior [ RunTime:0.000017s ]
INFO: [ app_init ] --END-- [ RunTime:0.000584s ]

[ 2016-10-31T10:16:17+08:00 ] ::1 /caipiao/index.php/Home/Shuangse/Shuangse/p/2.html
INFO: [ app_init ] --START--
INFO: Run Behavior\BuildLiteBehavior [ RunTime:0.000032s ]
INFO: [ app_init ] --END-- [ RunTime:0.000695s ]

[ 2016-10-31T10:17:00+08:00 ] ::1 /caipiao/index.php/Home/Shuangse/Shuangse/p/2.html
INFO: [ app_init ] --START--
INFO: Run Behavior\BuildLiteBehavior [ RunTime:0.000017s ]
INFO: [ app_init ] --END-- [ RunTime:0.000564s ]

[ 2016-10-31T10:20:03+08:00 ] ::1 /caipiao/index.php/Home/Shuangse/Shuangse/p/2.html
INFO: [ app_init ] --START--
INFO: Run Behavior\BuildLiteBehavior [ RunTime:0.000017s ]
INFO: [ app_init ] --END-- [ RunTime:0.000581s ]

[ 2016-10-31T10:20:43+08:00 ] ::1 /caipiao/index.php/Home/Shuangse/Shuangse/p/2.html
INFO: [ app_init ] --START--
INFO: Run Behavior\BuildLiteBehavior [ RunTime:0.000029s ]
INFO: [ app_init ] --END-- [ RunTime:0.000691s ]

[ 2016-10-31T10:23:04+08:00 ] ::1 /caipiao/index.php/Home/Shuangse/Shuangse/p/7.html
INFO: [ app_init ] --START--
INFO: Run Behavior\BuildLiteBehavior [ RunTime:0.000015s ]
INFO: [ app_init ] --END-- [ RunTime:0.000557s ]

[ 2016-10-31T10:30:05+08:00 ] ::1 /caipiao/index.php/Home/Shuangse/Shuangse/p/7.html
INFO: [ app_init ] --START--
INFO: Run Behavior\BuildLiteBehavior [ RunTime:0.000016s ]
INFO: [ app_init ] --END-- [ RunTime:0.000640s ]

[ 2016-10-31T10:30:27+08:00 ] ::1 /caipiao/index.php/Home/Shuangse/Shuangse/p/7.html
INFO: [ app_init ] --START--
INFO: Run Behavior\BuildLiteBehavior [ RunTime:0.000015s ]
INFO: [ app_init ] --END-- [ RunTime:0.000552s ]

[ 2016-10-31T10:30:33+08:00 ] ::1 /caipiao/index.php/Home/Shuangse/Shuangse/p/5.html
INFO: [ app_init ] --START--
INFO: Run Behavior\BuildLiteBehavior [ RunTime:0.000016s ]
INFO: [ app_init ] --END-- [ RunTime:0.000536s ]

[ 2016-10-31T10:33:09+08:00 ] ::1 /caipiao/index.php/Home/Shuangse/Shuangse/p/5.html
INFO: [ app_init ] --START--
INFO: Run Behavior\BuildLiteBehavior [ RunTime:0.000016s ]
INFO: [ app_init ] --END-- [ RunTime:0.000629s ]

[ 2016-10-31T10:33:36+08:00 ] ::1 /caipiao/index.php/Home/Shuangse/Shuangse/p/5.html
INFO: [ app_init ] --START--
INFO: Run Behavior\BuildLiteBehavior [ RunTime:0.000018s ]
INFO: [ app_init ] --END-- [ RunTime:0.000543s ]

[ 2016-10-31T10:36:48+08:00 ] ::1 /caipiao/index.php/Home/Shuangse/Shuangse/p/5.html
INFO: [ app_init ] --START--
INFO: Run Behavior\BuildLiteBehavior [ RunTime:0.000017s ]
INFO: [ app_init ] --END-- [ RunTime:0.000553s ]

[ 2016-10-31T10:36:53+08:00 ] ::1 /caipiao/index.php/Home/Shuangse/Shuangse/p/1.html
INFO: [ app_init ] --START--
INFO: Run Behavior\BuildLiteBehavior [ RunTime:0.000024s ]
INFO: [ app_init ] --END-- [ RunTime:0.000618s ]

[ 2016-10-31T10:36:56+08:00 ] ::1 /caipiao/index.php/Home/Shuangse/Shuangse/p/7.html
INFO: [ app_init ] --START--
INFO: Run Behavior\BuildLiteBehavior [ RunTime:0.000035s ]
INFO: [ app_init ] --END-- [ RunTime:0.000618s ]

[ 2016-10-31T10:36:59+08:00 ] ::1 /caipiao/index.php/Home/Shuangse/Shuangse/p/4.html
INFO: [ app_init ] --START--
INFO: Run Behavior\BuildLiteBehavior [ RunTime:0.000015s ]
INFO: [ app_init ] --END-- [ RunTime:0.000591s ]

[ 2016-10-31T10:37:02+08:00 ] ::1 /caipiao/index.php/Home/Shuangse/Shuangse/p/6.html
INFO: [ app_init ] --START--
INFO: Run Behavior\BuildLiteBehavior [ RunTime:0.000015s ]
INFO: [ app_init ] --END-- [ RunTime:0.000590s ]

[ 2016-10-31T10:37:04+08:00 ] ::1 /caipiao/index.php/Home/Shuangse/Shuangse/p/7.html
INFO: [ app_init ] --START--
INFO: Run Behavior\BuildLiteBehavior [ RunTime:0.000016s ]
INFO: [ app_init ] --END-- [ RunTime:0.000562s ]

[ 2016-10-31T10:38:29+08:00 ] ::1 /caipiao/index.php/Home/Shuangse/Shuangse/p/7.html
INFO: [ app_init ] --START--
INFO: Run Behavior\BuildLiteBehavior [ RunTime:0.000016s ]
INFO: [ app_init ] --END-- [ RunTime:0.000552s ]

[ 2016-10-31T10:38:44+08:00 ] ::1 /caipiao/index.php/Home/Shuangse/Shuangse/p/7.html
INFO: [ app_init ] --START--
INFO: Run Behavior\BuildLiteBehavior [ RunTime:0.000018s ]
INFO: [ app_init ] --END-- [ RunTime:0.000569s ]

[ 2016-10-31T10:38:50+08:00 ] ::1 /caipiao/index.php/Home/Shuangse/Shuangse/p/1.html
INFO: [ app_init ] --START--
INFO: Run Behavior\BuildLiteBehavior [ RunTime:0.000015s ]
INFO: [ app_init ] --END-- [ RunTime:0.000557s ]

[ 2016-10-31T10:38:53+08:00 ] ::1 /caipiao/index.php/Home/Shuangse/Shuangse/p/4.html
INFO: [ app_init ] --START--
INFO: Run Behavior\BuildLiteBehavior [ RunTime:0.000022s ]
INFO: [ app_init ] --END-- [ RunTime:0.000779s ]

[ 2016-10-31T10:42:15+08:00 ] ::1 /caipiao/index.php/Home/Shuangse/Shuangse/p/4.html
INFO: [ app_init ] --START--
INFO: Run Behavior\BuildLiteBehavior [ RunTime:0.000017s ]
INFO: [ app_init ] --END-- [ RunTime:0.000646s ]

[ 2016-10-31T10:43:07+08:00 ] ::1 /caipiao/index.php/Home/Shuangse/Shuangse/p/4.html
INFO: [ app_init ] --START--
INFO: Run Behavior\BuildLiteBehavior [ RunTime:0.000016s ]
INFO: [ app_init ] --END-- [ RunTime:0.000545s ]

[ 2016-10-31T10:43:23+08:00 ] ::1 /caipiao/index.php/Home/Shuangse/Shuangse/p/4.html
INFO: [ app_init ] --START--
INFO: Run Behavior\BuildLiteBehavior [ RunTime:0.000019s ]
INFO: [ app_init ] --END-- [ RunTime:0.000640s ]

[ 2016-10-31T10:43:36+08:00 ] ::1 /caipiao/index.php/Home/Shuangse/Shuangse/p/4.html
INFO: [ app_init ] --START--
INFO: Run Behavior\BuildLiteBehavior [ RunTime:0.000018s ]
INFO: [ app_init ] --END-- [ RunTime:0.000547s ]

[ 2016-10-31T10:45:08+08:00 ] ::1 /caipiao/index.php/Home/Shuangse/Shuangse/p/4.html
INFO: [ app_init ] --START--
INFO: Run Behavior\BuildLiteBehavior [ RunTime:0.000018s ]
INFO: [ app_init ] --END-- [ RunTime:0.000502s ]

[ 2016-10-31T10:45:12+08:00 ] ::1 /caipiao/index.php/Home/Shuangse/Shuangse/p/4.html
INFO: [ app_init ] --START--
INFO: Run Behavior\BuildLiteBehavior [ RunTime:0.000026s ]
INFO: [ app_init ] --END-- [ RunTime:0.000643s ]

[ 2016-10-31T10:45:51+08:00 ] ::1 /caipiao/index.php/Home/Shuangse/Shuangse/p/4.html
INFO: [ app_init ] --START--
INFO: Run Behavior\BuildLiteBehavior [ RunTime:0.000016s ]
INFO: [ app_init ] --END-- [ RunTime:0.000579s ]

[ 2016-10-31T10:48:26+08:00 ] ::1 /caipiao/index.php/Home/Shuangse/Shuangse/p/4.html
INFO: [ app_init ] --START--
INFO: Run Behavior\BuildLiteBehavior [ RunTime:0.000016s ]
INFO: [ app_init ] --END-- [ RunTime:0.000613s ]

[ 2016-10-31T10:48:49+08:00 ] ::1 /caipiao/index.php/Home/Shuangse/Shuangse/p/7.html
INFO: [ app_init ] --START--
INFO: Run Behavior\BuildLiteBehavior [ RunTime:0.000015s ]
INFO: [ app_init ] --END-- [ RunTime:0.000537s ]

[ 2016-10-31T10:48:52+08:00 ] ::1 /caipiao/index.php/Home/Shuangse/Shuangse/p/4.html
INFO: [ app_init ] --START--
INFO: Run Behavior\BuildLiteBehavior [ RunTime:0.000018s ]
INFO: [ app_init ] --END-- [ RunTime:0.000589s ]

[ 2016-10-31T10:49:17+08:00 ] ::1 /caipiao/index.php/Home/Shuangse/Shuangse/p/4.html
INFO: [ app_init ] --START--
INFO: Run Behavior\BuildLiteBehavior [ RunTime:0.000018s ]
INFO: [ app_init ] --END-- [ RunTime:0.000700s ]

[ 2016-10-31T10:50:21+08:00 ] ::1 /caipiao/index.php/Home/Shuangse/Shuangse/p/4.html
INFO: [ app_init ] --START--
INFO: Run Behavior\BuildLiteBehavior [ RunTime:0.000017s ]
INFO: [ app_init ] --END-- [ RunTime:0.000531s ]

[ 2016-10-31T10:51:41+08:00 ] ::1 /caipiao/index.php/Home/Shuangse/Shuangse/p/4.html
INFO: [ app_init ] --START--
INFO: Run Behavior\BuildLiteBehavior [ RunTime:0.000017s ]
INFO: [ app_init ] --END-- [ RunTime:0.000726s ]

[ 2016-10-31T10:54:24+08:00 ] ::1 /caipiao/index.php/Home/Shuangse/Shuangse/p/4.html
INFO: [ app_init ] --START--
INFO: Run Behavior\BuildLiteBehavior [ RunTime:0.000015s ]
INFO: [ app_init ] --END-- [ RunTime:0.000676s ]

[ 2016-10-31T10:55:21+08:00 ] ::1 /caipiao/index.php/Home/Shuangse/Shuangse/p/5.html
INFO: [ app_init ] --START--
INFO: Run Behavior\BuildLiteBehavior [ RunTime:0.000016s ]
INFO: [ app_init ] --END-- [ RunTime:0.000568s ]

[ 2016-10-31T10:55:24+08:00 ] ::1 /caipiao/index.php/Home/Shuangse/Shuangse/p/6.html
INFO: [ app_init ] --START--
INFO: Run Behavior\BuildLiteBehavior [ RunTime:0.000018s ]
INFO: [ app_init ] --END-- [ RunTime:0.000544s ]

[ 2016-10-31T10:55:27+08:00 ] ::1 /caipiao/index.php/Home/Shuangse/Shuangse/p/7.html
INFO: [ app_init ] --START--
INFO: Run Behavior\BuildLiteBehavior [ RunTime:0.000018s ]
INFO: [ app_init ] --END-- [ RunTime:0.000625s ]

[ 2016-10-31T10:55:30+08:00 ] ::1 /caipiao/index.php/Home/Shuangse/Shuangse/p/1.html
INFO: [ app_init ] --START--
INFO: Run Behavior\BuildLiteBehavior [ RunTime:0.000017s ]
INFO: [ app_init ] --END-- [ RunTime:0.000570s ]

[ 2016-10-31T10:55:34+08:00 ] ::1 /caipiao/index.php/Home/Shuangse/Shuangse/p/3.html
INFO: [ app_init ] --START--
INFO: Run Behavior\BuildLiteBehavior [ RunTime:0.000016s ]
INFO: [ app_init ] --END-- [ RunTime:0.000636s ]

[ 2016-10-31T10:58:17+08:00 ] ::1 /caipiao/index.php/Home/Shuangse/Shuangse/p/3.html
INFO: [ app_init ] --START--
INFO: Run Behavior\BuildLiteBehavior [ RunTime:0.000019s ]
INFO: [ app_init ] --END-- [ RunTime:0.000819s ]

[ 2016-10-31T10:58:35+08:00 ] ::1 /caipiao/index.php/Home/Shuangse/Shuangse/p/3.html
INFO: [ app_init ] --START--
INFO: Run Behavior\BuildLiteBehavior [ RunTime:0.000015s ]
INFO: [ app_init ] --END-- [ RunTime:0.000572s ]

[ 2016-10-31T10:59:33+08:00 ] ::1 /caipiao/index.php/Home/Shuangse/Shuangse/p/3.html
INFO: [ app_init ] --START--
INFO: Run Behavior\BuildLiteBehavior [ RunTime:0.000017s ]
INFO: [ app_init ] --END-- [ RunTime:0.000542s ]

[ 2016-10-31T11:00:38+08:00 ] ::1 /caipiao/index.php/Home/Shuangse/Shuangse/p/3.html
INFO: [ app_init ] --START--
INFO: Run Behavior\BuildLiteBehavior [ RunTime:0.000023s ]
INFO: [ app_init ] --END-- [ RunTime:0.000802s ]

[ 2016-10-31T11:00:59+08:00 ] ::1 /caipiao/index.php/Home/Shuangse/Shuangse/p/3.html
INFO: [ app_init ] --START--
INFO: Run Behavior\BuildLiteBehavior [ RunTime:0.000017s ]
INFO: [ app_init ] --END-- [ RunTime:0.000618s ]

[ 2016-10-31T11:04:56+08:00 ] ::1 /caipiao/index.php/Home/Shuangse/Shuangse/p/3.html
INFO: [ app_init ] --START--
INFO: Run Behavior\BuildLiteBehavior [ RunTime:0.000017s ]
INFO: [ app_init ] --END-- [ RunTime:0.000529s ]

[ 2016-10-31T11:05:10+08:00 ] ::1 /caipiao/index.php/Home/Shuangse/Shuangse/p/3.html
INFO: [ app_init ] --START--
INFO: Run Behavior\BuildLiteBehavior [ RunTime:0.000018s ]
INFO: [ app_init ] --END-- [ RunTime:0.000578s ]

[ 2016-10-31T11:05:47+08:00 ] ::1 /caipiao/index.php/Home/Shuangse/Shuangse/p/3.html
INFO: [ app_init ] --START--
INFO: Run Behavior\BuildLiteBehavior [ RunTime:0.000015s ]
INFO: [ app_init ] --END-- [ RunTime:0.000647s ]

[ 2016-10-31T11:14:50+08:00 ] ::1 /caipiao/index.php/Home/Shuangse/Shuangse/p/3.html
INFO: [ app_init ] --START--
INFO: Run Behavior\BuildLiteBehavior [ RunTime:0.000015s ]
INFO: [ app_init ] --END-- [ RunTime:0.000579s ]

[ 2016-10-31T11:16:15+08:00 ] ::1 /caipiao/index.php/Home/Shuangse/Shuangse/p/3.html
INFO: [ app_init ] --START--
INFO: Run Behavior\BuildLiteBehavior [ RunTime:0.000027s ]
INFO: [ app_init ] --END-- [ RunTime:0.000571s ]

[ 2016-10-31T11:16:32+08:00 ] ::1 /caipiao/index.php/Home/Shuangse/Shuangse/p/3.html
INFO: [ app_init ] --START--
INFO: Run Behavior\BuildLiteBehavior [ RunTime:0.000018s ]
INFO: [ app_init ] --END-- [ RunTime:0.000785s ]

[ 2016-10-31T11:16:38+08:00 ] ::1 /caipiao/index.php/Home/Shuangse/Shuangse/p/3.html
INFO: [ app_init ] --START--
INFO: Run Behavior\BuildLiteBehavior [ RunTime:0.000019s ]
INFO: [ app_init ] --END-- [ RunTime:0.000616s ]

[ 2016-10-31T11:16:49+08:00 ] ::1 /caipiao/index.php/Home/Shuangse/Shuangse/p/3.html
INFO: [ app_init ] --START--
INFO: Run Behavior\BuildLiteBehavior [ RunTime:0.000014s ]
INFO: [ app_init ] --END-- [ RunTime:0.000575s ]

[ 2016-10-31T11:17:42+08:00 ] ::1 /caipiao/index.php/Home/Shuangse/Shuangse/p/3.html
INFO: [ app_init ] --START--
INFO: Run Behavior\BuildLiteBehavior [ RunTime:0.000015s ]
INFO: [ app_init ] --END-- [ RunTime:0.000630s ]

[ 2016-10-31T11:17:49+08:00 ] ::1 /caipiao/index.php/Home/Shuangse/Shuangse/p/3.html
INFO: [ app_init ] --START--
INFO: Run Behavior\BuildLiteBehavior [ RunTime:0.000015s ]
INFO: [ app_init ] --END-- [ RunTime:0.000624s ]

[ 2016-10-31T11:18:46+08:00 ] ::1 /caipiao/index.php/Home/Shuangse/Shuangse/p/3.html
INFO: [ app_init ] --START--
INFO: Run Behavior\BuildLiteBehavior [ RunTime:0.000020s ]
INFO: [ app_init ] --END-- [ RunTime:0.001051s ]

[ 2016-10-31T11:19:18+08:00 ] ::1 /caipiao/index.php/Home/Shuangse/Shuangse/p/3.html
INFO: [ app_init ] --START--
INFO: Run Behavior\BuildLiteBehavior [ RunTime:0.000016s ]
INFO: [ app_init ] --END-- [ RunTime:0.000622s ]

[ 2016-10-31T11:19:57+08:00 ] ::1 /caipiao/index.php/Home/Shuangse/Shuangse/p/3.html
INFO: [ app_init ] --START--
INFO: Run Behavior\BuildLiteBehavior [ RunTime:0.000015s ]
INFO: [ app_init ] --END-- [ RunTime:0.000545s ]

[ 2016-10-31T11:20:22+08:00 ] ::1 /caipiao/index.php/Home/Shuangse/Shuangse/p/3.html
INFO: [ app_init ] --START--
INFO: Run Behavior\BuildLiteBehavior [ RunTime:0.000015s ]
INFO: [ app_init ] --END-- [ RunTime:0.000563s ]

[ 2016-10-31T11:22:00+08:00 ] ::1 /caipiao/index.php/Home/Shuangse/Shuangse/p/3.html
INFO: [ app_init ] --START--
INFO: Run Behavior\BuildLiteBehavior [ RunTime:0.000018s ]
INFO: [ app_init ] --END-- [ RunTime:0.000662s ]

[ 2016-10-31T11:22:19+08:00 ] ::1 /caipiao/index.php/Home/Shuangse/Shuangse/p/3.html
INFO: [ app_init ] --START--
INFO: Run Behavior\BuildLiteBehavior [ RunTime:0.000020s ]
INFO: [ app_init ] --END-- [ RunTime:0.000572s ]

[ 2016-10-31T11:26:35+08:00 ] ::1 /caipiao/index.php/Home/Shuangse/Shuangse/p/3.html
INFO: [ app_init ] --START--
INFO: Run Behavior\BuildLiteBehavior [ RunTime:0.000017s ]
INFO: [ app_init ] --END-- [ RunTime:0.000540s ]

[ 2016-10-31T11:27:02+08:00 ] ::1 /caipiao/index.php/Home/Shuangse/Shuangse/p/3.html
INFO: [ app_init ] --START--
INFO: Run Behavior\BuildLiteBehavior [ RunTime:0.000015s ]
INFO: [ app_init ] --END-- [ RunTime:0.000619s ]

[ 2016-10-31T11:28:14+08:00 ] ::1 /caipiao/index.php/Home/Shuangse/Shuangse/p/3.html
INFO: [ app_init ] --START--
INFO: Run Behavior\BuildLiteBehavior [ RunTime:0.000017s ]
INFO: [ app_init ] --END-- [ RunTime:0.000659s ]

[ 2016-10-31T11:28:30+08:00 ] ::1 /caipiao/index.php/Home/Shuangse/Shuangse/p/3.html
INFO: [ app_init ] --START--
INFO: Run Behavior\BuildLiteBehavior [ RunTime:0.000017s ]
INFO: [ app_init ] --END-- [ RunTime:0.000717s ]

[ 2016-10-31T11:31:00+08:00 ] ::1 /caipiao/index.php/Home/Shuangse/Shuangse/p/3.html
INFO: [ app_init ] --START--
INFO: Run Behavior\BuildLiteBehavior [ RunTime:0.000025s ]
INFO: [ app_init ] --END-- [ RunTime:0.000658s ]

[ 2016-10-31T11:31:26+08:00 ] ::1 /caipiao/index.php/Home/Shuangse/Shuangse/p/3.html
INFO: [ app_init ] --START--
INFO: Run Behavior\BuildLiteBehavior [ RunTime:0.000017s ]
INFO: [ app_init ] --END-- [ RunTime:0.000546s ]

[ 2016-10-31T11:33:24+08:00 ] ::1 /caipiao/index.php/Home/Shuangse/Shuangse/p/3.html
INFO: [ app_init ] --START--
INFO: Run Behavior\BuildLiteBehavior [ RunTime:0.000017s ]
INFO: [ app_init ] --END-- [ RunTime:0.000623s ]

[ 2016-10-31T11:33:47+08:00 ] ::1 /caipiao/index.php/Home/Shuangse/Shuangse/p/3.html
INFO: [ app_init ] --START--
INFO: Run Behavior\BuildLiteBehavior [ RunTime:0.000016s ]
INFO: [ app_init ] --END-- [ RunTime:0.000563s ]

[ 2016-10-31T11:34:18+08:00 ] ::1 /caipiao/index.php/Home/Shuangse/Shuangse/p/3.html
INFO: [ app_init ] --START--
INFO: Run Behavior\BuildLiteBehavior [ RunTime:0.000022s ]
INFO: [ app_init ] --END-- [ RunTime:0.000573s ]

[ 2016-10-31T11:35:59+08:00 ] ::1 /caipiao/index.php/Home/Shuangse/Shuangse/p/3.html
INFO: [ app_init ] --START--
INFO: Run Behavior\BuildLiteBehavior [ RunTime:0.000036s ]
INFO: [ app_init ] --END-- [ RunTime:0.000874s ]

[ 2016-10-31T11:36:32+08:00 ] ::1 /caipiao/index.php/Home/Shuangse/Shuangse/p/3.html
INFO: [ app_init ] --START--
INFO: Run Behavior\BuildLiteBehavior [ RunTime:0.000015s ]
INFO: [ app_init ] --END-- [ RunTime:0.000594s ]

[ 2016-10-31T11:36:55+08:00 ] ::1 /caipiao/index.php/Home/Shuangse/Shuangse/p/3.html
INFO: [ app_init ] --START--
INFO: Run Behavior\BuildLiteBehavior [ RunTime:0.000017s ]
INFO: [ app_init ] --END-- [ RunTime:0.000547s ]

[ 2016-10-31T11:39:16+08:00 ] ::1 /caipiao/index.php/Home/Shuangse/Shuangse/p/4.html
INFO: [ app_init ] --START--
INFO: Run Behavior\BuildLiteBehavior [ RunTime:0.000016s ]
INFO: [ app_init ] --END-- [ RunTime:0.000591s ]

[ 2016-10-31T11:39:19+08:00 ] ::1 /caipiao/index.php/Home/Shuangse/Shuangse/p/6.html
INFO: [ app_init ] --START--
INFO: Run Behavior\BuildLiteBehavior [ RunTime:0.000015s ]
INFO: [ app_init ] --END-- [ RunTime:0.000530s ]

[ 2016-10-31T13:33:36+08:00 ] ::1 /caipiao/index.php/Home/Shuangse/Shuangse/p/5.html
INFO: [ app_init ] --START--
INFO: Run Behavior\BuildLiteBehavior [ RunTime:0.000052s ]
INFO: [ app_init ] --END-- [ RunTime:0.001229s ]

[ 2016-10-31T13:34:20+08:00 ] ::1 /caipiao/index.php/Home/Shuangse/Shuangse/p/5.html
INFO: [ app_init ] --START--
INFO: Run Behavior\BuildLiteBehavior [ RunTime:0.000075s ]
INFO: [ app_init ] --END-- [ RunTime:0.003373s ]

[ 2016-10-31T13:34:27+08:00 ] ::1 /caipiao/index.php/Home/Shuangse/Shuangse/p/5.html
INFO: [ app_init ] --START--
INFO: Run Behavior\BuildLiteBehavior [ RunTime:0.000036s ]
INFO: [ app_init ] --END-- [ RunTime:0.001262s ]

[ 2016-10-31T13:34:36+08:00 ] ::1 /caipiao/index.php/Home/Shuangse/Shuangse/p/5.html
INFO: [ app_init ] --START--
INFO: Run Behavior\BuildLiteBehavior [ RunTime:0.000036s ]
INFO: [ app_init ] --END-- [ RunTime:0.001436s ]

[ 2016-10-31T13:36:18+08:00 ] ::1 /caipiao/index.php/Home/Shuangse/Shuangse/p/5.html
INFO: [ app_init ] --START--
INFO: Run Behavior\BuildLiteBehavior [ RunTime:0.000038s ]
INFO: [ app_init ] --END-- [ RunTime:0.001285s ]

[ 2016-10-31T13:36:43+08:00 ] ::1 /caipiao/index.php/Home/Shuangse/Shuangse/p/5.html
INFO: [ app_init ] --START--
INFO: Run Behavior\BuildLiteBehavior [ RunTime:0.000023s ]
INFO: [ app_init ] --END-- [ RunTime:0.000719s ]

[ 2016-10-31T13:37:26+08:00 ] ::1 /caipiao/index.php/Home/Shuangse/Shuangse/p/5.html
INFO: [ app_init ] --START--
INFO: Run Behavior\BuildLiteBehavior [ RunTime:0.000016s ]
INFO: [ app_init ] --END-- [ RunTime:0.000510s ]

[ 2016-10-31T13:38:32+08:00 ] ::1 /caipiao/index.php/Home/Shuangse/Shuangse/p/5.html
INFO: [ app_init ] --START--
INFO: Run Behavior\BuildLiteBehavior [ RunTime:0.000018s ]
INFO: [ app_init ] --END-- [ RunTime:0.000701s ]

[ 2016-10-31T13:38:43+08:00 ] ::1 /caipiao/index.php/Home/Shuangse/Shuangse/p/5.html
INFO: [ app_init ] --START--
INFO: Run Behavior\BuildLiteBehavior [ RunTime:0.000025s ]
INFO: [ app_init ] --END-- [ RunTime:0.000724s ]

