[ 2016-11-02T11:38:45+08:00 ] ::1 /caipiao/
INFO: [ app_init ] --START--
INFO: Run Behavior\BuildLiteBehavior [ RunTime:0.000067s ]
INFO: [ app_init ] --END-- [ RunTime:0.043288s ]

[ 2016-11-02T11:38:50+08:00 ] ::1 /caipiao/Home/Login/Username
INFO: [ app_init ] --START--
INFO: Run Behavior\BuildLiteBehavior [ RunTime:0.000021s ]
INFO: [ app_init ] --END-- [ RunTime:0.000519s ]
INFO: [ app_begin ] --START--
INFO: Run Behavior\ReadHtmlCacheBehavior [ RunTime:0.001949s ]
INFO: [ app_begin ] --END-- [ RunTime:0.002104s ]
SQL: SHOW COLUMNS FROM `bocai_user` [ RunTime:0.1694s ]
SQL: SELECT * FROM `bocai_user` WHERE `user_name` = 'root'  [ RunTime:0.0528s ]
INFO: [ app_end ] --START--
INFO: Run Behavior\ShowPageTraceBehavior [ RunTime:0.002033s ]
INFO: [ app_end ] --END-- [ RunTime:0.002226s ]

[ 2016-11-02T11:38:53+08:00 ] ::1 /caipiao/Home/Login/Login
INFO: [ app_init ] --START--
INFO: Run Behavior\BuildLiteBehavior [ RunTime:0.000017s ]
INFO: [ app_init ] --END-- [ RunTime:0.000495s ]
INFO: [ app_begin ] --START--
INFO: Run Behavior\ReadHtmlCacheBehavior [ RunTime:0.000788s ]
INFO: [ app_begin ] --END-- [ RunTime:0.000866s ]
SQL: SHOW COLUMNS FROM `bocai_user` [ RunTime:0.0115s ]
SQL: SELECT * FROM `bocai_user` WHERE `user_name` = 'root' AND `user_pwd` = 'root'  [ RunTime:0.0008s ]
INFO: [ app_end ] --START--
INFO: Run Behavior\ShowPageTraceBehavior [ RunTime:0.001937s ]
INFO: [ app_end ] --END-- [ RunTime:0.002127s ]

[ 2016-11-02T11:38:54+08:00 ] ::1 /caipiao/Home/Homepage/Homepage
INFO: [ app_init ] --START--
INFO: Run Behavior\BuildLiteBehavior [ RunTime:0.000080s ]
INFO: [ app_init ] --END-- [ RunTime:0.003788s ]

[ 2016-11-02T11:38:58+08:00 ] ::1 /caipiao/Home/Shuangse/Shuangse
INFO: [ app_init ] --START--
INFO: Run Behavior\BuildLiteBehavior [ RunTime:0.000019s ]
INFO: [ app_init ] --END-- [ RunTime:0.000583s ]

[ 2016-11-02T11:39:07+08:00 ] ::1 /caipiao/index.php/Home/Shuangse/Shuangse/p/13.html
INFO: [ app_init ] --START--
INFO: Run Behavior\BuildLiteBehavior [ RunTime:0.000017s ]
INFO: [ app_init ] --END-- [ RunTime:0.000524s ]

[ 2016-11-02T13:15:49+08:00 ] ::1 /caipiao/index.php/Home/Shuangse/Shuangse/p/13.html
INFO: [ app_init ] --START--
INFO: Run Behavior\BuildLiteBehavior [ RunTime:0.000028s ]
INFO: [ app_init ] --END-- [ RunTime:0.010324s ]

[ 2016-11-02T13:22:08+08:00 ] ::1 /caipiao/index.php/Home/Shuangse/Shuangse/p/13.html
INFO: [ app_init ] --START--
INFO: Run Behavior\BuildLiteBehavior [ RunTime:0.000016s ]
INFO: [ app_init ] --END-- [ RunTime:0.000536s ]

[ 2016-11-02T13:22:18+08:00 ] ::1 /caipiao/index.php/Home/Shuangse/Shuangse/p/13.html
INFO: [ app_init ] --START--
INFO: Run Behavior\BuildLiteBehavior [ RunTime:0.000029s ]
INFO: [ app_init ] --END-- [ RunTime:0.001109s ]

[ 2016-11-02T13:23:16+08:00 ] ::1 /caipiao/index.php/Home/Shuangse/Shuangse/p/13.html
INFO: [ app_init ] --START--
INFO: Run Behavior\BuildLiteBehavior [ RunTime:0.000017s ]
INFO: [ app_init ] --END-- [ RunTime:0.000565s ]

[ 2016-11-02T13:23:21+08:00 ] ::1 /caipiao/index.php/Home/Shuangse/Shuangse/p/12.html
INFO: [ app_init ] --START--
INFO: Run Behavior\BuildLiteBehavior [ RunTime:0.000016s ]
INFO: [ app_init ] --END-- [ RunTime:0.000610s ]

[ 2016-11-02T13:23:26+08:00 ] ::1 /caipiao/index.php/Home/Shuangse/Shuangse/p/1.html
INFO: [ app_init ] --START--
INFO: Run Behavior\BuildLiteBehavior [ RunTime:0.000018s ]
INFO: [ app_init ] --END-- [ RunTime:0.000582s ]

[ 2016-11-02T13:33:50+08:00 ] ::1 /caipiao/index.php/Home/Shuangse/Shuangse/p/1.html
INFO: [ app_init ] --START--
INFO: Run Behavior\BuildLiteBehavior [ RunTime:0.000031s ]
INFO: [ app_init ] --END-- [ RunTime:0.000843s ]
ERR: XML标签语法错误 : name=jiang.allred id="reb"

[ 2016-11-02T13:34:56+08:00 ] ::1 /caipiao/index.php/Home/Shuangse/Shuangse/p/1.html
INFO: [ app_init ] --START--
INFO: Run Behavior\BuildLiteBehavior [ RunTime:0.000017s ]
INFO: [ app_init ] --END-- [ RunTime:0.000656s ]

[ 2016-11-02T13:35:29+08:00 ] ::1 /caipiao/index.php/Home/Shuangse/Shuangse/p/1.html
INFO: [ app_init ] --START--
INFO: Run Behavior\BuildLiteBehavior [ RunTime:0.000015s ]
INFO: [ app_init ] --END-- [ RunTime:0.000574s ]

[ 2016-11-02T13:37:47+08:00 ] ::1 /caipiao/index.php/Home/Shuangse/Shuangse/p/1.html
INFO: [ app_init ] --START--
INFO: Run Behavior\BuildLiteBehavior [ RunTime:0.000018s ]
INFO: [ app_init ] --END-- [ RunTime:0.000555s ]

[ 2016-11-02T13:38:33+08:00 ] ::1 /caipiao/index.php/Home/Shuangse/Shuangse/p/1.html
INFO: [ app_init ] --START--
INFO: Run Behavior\BuildLiteBehavior [ RunTime:0.000016s ]
INFO: [ app_init ] --END-- [ RunTime:0.000480s ]

[ 2016-11-02T13:39:06+08:00 ] ::1 /caipiao/index.php/Home/Shuangse/Shuangse/p/1.html
INFO: [ app_init ] --START--
INFO: Run Behavior\BuildLiteBehavior [ RunTime:0.000015s ]
INFO: [ app_init ] --END-- [ RunTime:0.000476s ]

[ 2016-11-02T13:47:25+08:00 ] ::1 /caipiao/index.php/Home/Shuangse/Shuangse/p/1.html
INFO: [ app_init ] --START--
INFO: Run Behavior\BuildLiteBehavior [ RunTime:0.000017s ]
INFO: [ app_init ] --END-- [ RunTime:0.000570s ]

[ 2016-11-02T13:48:32+08:00 ] ::1 /caipiao/index.php/Home/Shuangse/Shuangse/p/1.html
INFO: [ app_init ] --START--
INFO: Run Behavior\BuildLiteBehavior [ RunTime:0.000035s ]
INFO: [ app_init ] --END-- [ RunTime:0.000754s ]

[ 2016-11-02T13:49:35+08:00 ] ::1 /caipiao/index.php/Home/Shuangse/Shuangse/p/1.html
INFO: [ app_init ] --START--
INFO: Run Behavior\BuildLiteBehavior [ RunTime:0.000018s ]
INFO: [ app_init ] --END-- [ RunTime:0.000491s ]

[ 2016-11-02T13:50:31+08:00 ] ::1 /caipiao/index.php/Home/Shuangse/Shuangse/p/1.html
INFO: [ app_init ] --START--
INFO: Run Behavior\BuildLiteBehavior [ RunTime:0.000016s ]
INFO: [ app_init ] --END-- [ RunTime:0.000603s ]

[ 2016-11-02T13:50:53+08:00 ] ::1 /caipiao/index.php/Home/Shuangse/Shuangse/p/1.html
INFO: [ app_init ] --START--
INFO: Run Behavior\BuildLiteBehavior [ RunTime:0.000036s ]
INFO: [ app_init ] --END-- [ RunTime:0.000873s ]

[ 2016-11-02T13:51:06+08:00 ] ::1 /caipiao/index.php/Home/Shuangse/Shuangse/p/2.html
INFO: [ app_init ] --START--
INFO: Run Behavior\BuildLiteBehavior [ RunTime:0.000021s ]
INFO: [ app_init ] --END-- [ RunTime:0.000681s ]

[ 2016-11-02T13:51:08+08:00 ] ::1 /caipiao/index.php/Home/Shuangse/Shuangse/p/1.html
INFO: [ app_init ] --START--
INFO: Run Behavior\BuildLiteBehavior [ RunTime:0.000018s ]
INFO: [ app_init ] --END-- [ RunTime:0.000514s ]

[ 2016-11-02T13:51:44+08:00 ] ::1 /caipiao/index.php/Home/Shuangse/Shuangse/p/5.html
INFO: [ app_init ] --START--
INFO: Run Behavior\BuildLiteBehavior [ RunTime:0.000016s ]
INFO: [ app_init ] --END-- [ RunTime:0.000517s ]

[ 2016-11-02T13:51:48+08:00 ] ::1 /caipiao/index.php/Home/Shuangse/Shuangse/p/6.html
INFO: [ app_init ] --START--
INFO: Run Behavior\BuildLiteBehavior [ RunTime:0.000016s ]
INFO: [ app_init ] --END-- [ RunTime:0.000531s ]

[ 2016-11-02T13:51:51+08:00 ] ::1 /caipiao/index.php/Home/Shuangse/Shuangse/p/13.html
INFO: [ app_init ] --START--
INFO: Run Behavior\BuildLiteBehavior [ RunTime:0.000015s ]
INFO: [ app_init ] --END-- [ RunTime:0.000494s ]

[ 2016-11-02T13:52:29+08:00 ] ::1 /caipiao/index.php/Home/Shuangse/Shuangse/p/1.html
INFO: [ app_init ] --START--
INFO: Run Behavior\BuildLiteBehavior [ RunTime:0.000022s ]
INFO: [ app_init ] --END-- [ RunTime:0.000524s ]

[ 2016-11-02T13:53:31+08:00 ] ::1 /caipiao/index.php/Home/Shuangse/Shuangse/p/1.html
INFO: [ app_init ] --START--
INFO: Run Behavior\BuildLiteBehavior [ RunTime:0.000017s ]
INFO: [ app_init ] --END-- [ RunTime:0.000546s ]

[ 2016-11-02T15:48:57+08:00 ] ::1 /caipiao/index.php/Home/Shuangse/Shuangse/p/1.html
INFO: [ app_init ] --START--
INFO: Run Behavior\BuildLiteBehavior [ RunTime:0.000033s ]
INFO: [ app_init ] --END-- [ RunTime:0.001021s ]

[ 2016-11-02T15:50:44+08:00 ] ::1 /caipiao/index.php/Home/Shuangse/Shuangse/p/1.html
INFO: [ app_init ] --START--
INFO: Run Behavior\BuildLiteBehavior [ RunTime:0.000020s ]
INFO: [ app_init ] --END-- [ RunTime:0.000641s ]

[ 2016-11-02T15:51:18+08:00 ] ::1 /caipiao/index.php/Home/Shuangse/Shuangse/p/1.html
INFO: [ app_init ] --START--
INFO: Run Behavior\BuildLiteBehavior [ RunTime:0.000018s ]
INFO: [ app_init ] --END-- [ RunTime:0.000538s ]

[ 2016-11-02T15:54:38+08:00 ] ::1 /caipiao/index.php/Home/Shuangse/Shuangse/p/1.html
INFO: [ app_init ] --START--
INFO: Run Behavior\BuildLiteBehavior [ RunTime:0.000020s ]
INFO: [ app_init ] --END-- [ RunTime:0.000590s ]

[ 2016-11-02T15:55:01+08:00 ] ::1 /caipiao/index.php/Home/Shuangse/Shuangse/p/1.html
INFO: [ app_init ] --START--
INFO: Run Behavior\BuildLiteBehavior [ RunTime:0.000017s ]
INFO: [ app_init ] --END-- [ RunTime:0.000569s ]

[ 2016-11-02T15:55:36+08:00 ] ::1 /caipiao/index.php/Home/Shuangse/Shuangse/p/1.html
INFO: [ app_init ] --START--
INFO: Run Behavior\BuildLiteBehavior [ RunTime:0.000049s ]
INFO: [ app_init ] --END-- [ RunTime:0.000835s ]

[ 2016-11-02T15:56:34+08:00 ] ::1 /caipiao/index.php/Home/Shuangse/Shuangse/p/1.html
INFO: [ app_init ] --START--
INFO: Run Behavior\BuildLiteBehavior [ RunTime:0.000025s ]
INFO: [ app_init ] --END-- [ RunTime:0.000519s ]

[ 2016-11-02T15:57:01+08:00 ] ::1 /caipiao/index.php/Home/Shuangse/Shuangse/p/1.html
INFO: [ app_init ] --START--
INFO: Run Behavior\BuildLiteBehavior [ RunTime:0.000019s ]
INFO: [ app_init ] --END-- [ RunTime:0.000746s ]

[ 2016-11-02T15:58:22+08:00 ] ::1 /caipiao/index.php/Home/Shuangse/Shuangse/p/1.html
INFO: [ app_init ] --START--
INFO: Run Behavior\BuildLiteBehavior [ RunTime:0.000024s ]
INFO: [ app_init ] --END-- [ RunTime:0.000580s ]

[ 2016-11-02T15:58:35+08:00 ] ::1 /caipiao/index.php/Home/Shuangse/Shuangse/p/1.html
INFO: [ app_init ] --START--
INFO: Run Behavior\BuildLiteBehavior [ RunTime:0.000017s ]
INFO: [ app_init ] --END-- [ RunTime:0.000810s ]

[ 2016-11-02T15:58:47+08:00 ] ::1 /caipiao/index.php/Home/Shuangse/Shuangse/p/1.html
INFO: [ app_init ] --START--
INFO: Run Behavior\BuildLiteBehavior [ RunTime:0.000031s ]
INFO: [ app_init ] --END-- [ RunTime:0.000725s ]

[ 2016-11-02T15:59:54+08:00 ] ::1 /caipiao/index.php/Home/Shuangse/Shuangse/p/1.html
INFO: [ app_init ] --START--
INFO: Run Behavior\BuildLiteBehavior [ RunTime:0.000018s ]
INFO: [ app_init ] --END-- [ RunTime:0.000595s ]

[ 2016-11-02T16:00:33+08:00 ] ::1 /caipiao/index.php/Home/Shuangse/Shuangse/p/1.html
INFO: [ app_init ] --START--
INFO: Run Behavior\BuildLiteBehavior [ RunTime:0.000016s ]
INFO: [ app_init ] --END-- [ RunTime:0.000550s ]

[ 2016-11-02T16:01:49+08:00 ] ::1 /caipiao/index.php/Home/Shuangse/Shuangse/p/1.html
INFO: [ app_init ] --START--
INFO: Run Behavior\BuildLiteBehavior [ RunTime:0.000062s ]
INFO: [ app_init ] --END-- [ RunTime:0.001703s ]

[ 2016-11-02T16:02:05+08:00 ] ::1 /caipiao/index.php/Home/Shuangse/Shuangse/p/1.html
INFO: [ app_init ] --START--
INFO: Run Behavior\BuildLiteBehavior [ RunTime:0.000017s ]
INFO: [ app_init ] --END-- [ RunTime:0.000590s ]

[ 2016-11-02T16:04:26+08:00 ] ::1 /caipiao/index.php/Home/Shuangse/Shuangse/p/1.html
INFO: [ app_init ] --START--
INFO: Run Behavior\BuildLiteBehavior [ RunTime:0.000019s ]
INFO: [ app_init ] --END-- [ RunTime:0.000615s ]

[ 2016-11-02T16:05:00+08:00 ] ::1 /caipiao/index.php/Home/Shuangse/Shuangse/p/1.html
INFO: [ app_init ] --START--
INFO: Run Behavior\BuildLiteBehavior [ RunTime:0.000028s ]
INFO: [ app_init ] --END-- [ RunTime:0.000616s ]

[ 2016-11-02T16:05:28+08:00 ] ::1 /caipiao/index.php/Home/Shuangse/Shuangse/p/1.html
INFO: [ app_init ] --START--
INFO: Run Behavior\BuildLiteBehavior [ RunTime:0.000017s ]
INFO: [ app_init ] --END-- [ RunTime:0.000504s ]

[ 2016-11-02T16:06:27+08:00 ] ::1 /caipiao/index.php/Home/Shuangse/Shuangse/p/1.html
INFO: [ app_init ] --START--
INFO: Run Behavior\BuildLiteBehavior [ RunTime:0.000017s ]
INFO: [ app_init ] --END-- [ RunTime:0.000540s ]

[ 2016-11-02T16:06:47+08:00 ] ::1 /caipiao/index.php/Home/Shuangse/Shuangse/p/1.html
INFO: [ app_init ] --START--
INFO: Run Behavior\BuildLiteBehavior [ RunTime:0.000015s ]
INFO: [ app_init ] --END-- [ RunTime:0.000492s ]

[ 2016-11-02T16:07:40+08:00 ] ::1 /caipiao/index.php/Home/Shuangse/Shuangse/p/1.html
INFO: [ app_init ] --START--
INFO: Run Behavior\BuildLiteBehavior [ RunTime:0.000016s ]
INFO: [ app_init ] --END-- [ RunTime:0.000621s ]

[ 2016-11-02T16:07:55+08:00 ] ::1 /caipiao/index.php/Home/Shuangse/Shuangse/p/1.html
INFO: [ app_init ] --START--
INFO: Run Behavior\BuildLiteBehavior [ RunTime:0.000054s ]
INFO: [ app_init ] --END-- [ RunTime:0.000918s ]

[ 2016-11-02T16:08:21+08:00 ] ::1 /caipiao/index.php/Home/Shuangse/Shuangse/p/1.html
INFO: [ app_init ] --START--
INFO: Run Behavior\BuildLiteBehavior [ RunTime:0.000017s ]
INFO: [ app_init ] --END-- [ RunTime:0.000584s ]

[ 2016-11-02T16:08:55+08:00 ] ::1 /caipiao/index.php/Home/Shuangse/Shuangse/p/1.html
INFO: [ app_init ] --START--
INFO: Run Behavior\BuildLiteBehavior [ RunTime:0.000020s ]
INFO: [ app_init ] --END-- [ RunTime:0.000825s ]

[ 2016-11-02T16:09:38+08:00 ] ::1 /caipiao/index.php/Home/Shuangse/Shuangse/p/1.html
INFO: [ app_init ] --START--
INFO: Run Behavior\BuildLiteBehavior [ RunTime:0.000018s ]
INFO: [ app_init ] --END-- [ RunTime:0.000538s ]

[ 2016-11-02T16:10:41+08:00 ] ::1 /caipiao/index.php/Home/Shuangse/Shuangse/p/1.html
INFO: [ app_init ] --START--
INFO: Run Behavior\BuildLiteBehavior [ RunTime:0.000040s ]
INFO: [ app_init ] --END-- [ RunTime:0.000640s ]

[ 2016-11-02T16:11:03+08:00 ] ::1 /caipiao/index.php/Home/Shuangse/Shuangse/p/1.html
INFO: [ app_init ] --START--
INFO: Run Behavior\BuildLiteBehavior [ RunTime:0.000015s ]
INFO: [ app_init ] --END-- [ RunTime:0.000644s ]

[ 2016-11-02T16:11:39+08:00 ] ::1 /caipiao/index.php/Home/Shuangse/Shuangse/p/1.html
INFO: [ app_init ] --START--
INFO: Run Behavior\BuildLiteBehavior [ RunTime:0.000031s ]
INFO: [ app_init ] --END-- [ RunTime:0.000993s ]

[ 2016-11-02T16:12:19+08:00 ] ::1 /caipiao/index.php/Home/Shuangse/Shuangse/p/1.html
INFO: [ app_init ] --START--
INFO: Run Behavior\BuildLiteBehavior [ RunTime:0.000031s ]
INFO: [ app_init ] --END-- [ RunTime:0.000897s ]

[ 2016-11-02T16:13:41+08:00 ] ::1 /caipiao/index.php/Home/Shuangse/Shuangse/p/1.html
INFO: [ app_init ] --START--
INFO: Run Behavior\BuildLiteBehavior [ RunTime:0.000017s ]
INFO: [ app_init ] --END-- [ RunTime:0.000551s ]

[ 2016-11-02T16:14:24+08:00 ] ::1 /caipiao/index.php/Home/Shuangse/Shuangse/p/1.html
INFO: [ app_init ] --START--
INFO: Run Behavior\BuildLiteBehavior [ RunTime:0.000017s ]
INFO: [ app_init ] --END-- [ RunTime:0.000507s ]

[ 2016-11-02T16:15:17+08:00 ] ::1 /caipiao/index.php/Home/Shuangse/Shuangse/p/1.html
INFO: [ app_init ] --START--
INFO: Run Behavior\BuildLiteBehavior [ RunTime:0.000020s ]
INFO: [ app_init ] --END-- [ RunTime:0.000777s ]

[ 2016-11-02T16:15:39+08:00 ] ::1 /caipiao/index.php/Home/Shuangse/Shuangse/p/1.html
INFO: [ app_init ] --START--
INFO: Run Behavior\BuildLiteBehavior [ RunTime:0.000016s ]
INFO: [ app_init ] --END-- [ RunTime:0.000539s ]

[ 2016-11-02T16:15:59+08:00 ] ::1 /caipiao/index.php/Home/Shuangse/Shuangse/p/5.html
INFO: [ app_init ] --START--
INFO: Run Behavior\BuildLiteBehavior [ RunTime:0.000036s ]
INFO: [ app_init ] --END-- [ RunTime:0.001094s ]

[ 2016-11-02T16:16:06+08:00 ] ::1 /caipiao/index.php/Home/Shuangse/Shuangse/p/6.html
INFO: [ app_init ] --START--
INFO: Run Behavior\BuildLiteBehavior [ RunTime:0.000020s ]
INFO: [ app_init ] --END-- [ RunTime:0.000519s ]

[ 2016-11-02T16:50:36+08:00 ] ::1 /caipiao/index.php/Home/Shuangse/Shuangse/p/6.html
INFO: [ app_init ] --START--
INFO: Run Behavior\BuildLiteBehavior [ RunTime:0.000017s ]
INFO: [ app_init ] --END-- [ RunTime:0.000610s ]

[ 2016-11-02T16:56:40+08:00 ] ::1 /caipiao/index.php/Home/Shuangse/Shuangse/p/13.html
INFO: [ app_init ] --START--
INFO: Run Behavior\BuildLiteBehavior [ RunTime:0.000054s ]
INFO: [ app_init ] --END-- [ RunTime:0.001777s ]

[ 2016-11-02T17:23:33+08:00 ] ::1 /caipiao/index.php/Home/Shuangse/Shuangse/p/5.html
INFO: [ app_init ] --START--
INFO: Run Behavior\BuildLiteBehavior [ RunTime:0.000016s ]
INFO: [ app_init ] --END-- [ RunTime:0.000539s ]

[ 2016-11-02T17:24:02+08:00 ] ::1 /caipiao/index.php/Home/Shuangse/Shuangse/p/5.html
INFO: [ app_init ] --START--
INFO: Run Behavior\BuildLiteBehavior [ RunTime:0.000018s ]
INFO: [ app_init ] --END-- [ RunTime:0.000575s ]

[ 2016-11-02T17:24:14+08:00 ] ::1 /caipiao/index.php/Home/Shuangse/Shuangse/p/5.html
INFO: [ app_init ] --START--
INFO: Run Behavior\BuildLiteBehavior [ RunTime:0.000015s ]
INFO: [ app_init ] --END-- [ RunTime:0.000573s ]

[ 2016-11-02T17:24:23+08:00 ] ::1 /caipiao/index.php/Home/Shuangse/Shuangse/p/5.html
INFO: [ app_init ] --START--
INFO: Run Behavior\BuildLiteBehavior [ RunTime:0.000017s ]
INFO: [ app_init ] --END-- [ RunTime:0.000543s ]

[ 2016-11-02T17:24:32+08:00 ] ::1 /caipiao/index.php/Home/Shuangse/Shuangse/p/5.html
INFO: [ app_init ] --START--
INFO: Run Behavior\BuildLiteBehavior [ RunTime:0.000018s ]
INFO: [ app_init ] --END-- [ RunTime:0.000757s ]

[ 2016-11-02T17:24:42+08:00 ] ::1 /caipiao/index.php/Home/Shuangse/Shuangse/p/5.html
INFO: [ app_init ] --START--
INFO: Run Behavior\BuildLiteBehavior [ RunTime:0.000017s ]
INFO: [ app_init ] --END-- [ RunTime:0.000743s ]

[ 2016-11-02T17:28:29+08:00 ] ::1 /caipiao/index.php/Home/Shuangse/Shuangse/p/5.html
INFO: [ app_init ] --START--
INFO: Run Behavior\BuildLiteBehavior [ RunTime:0.000022s ]
INFO: [ app_init ] --END-- [ RunTime:0.000651s ]

[ 2016-11-02T17:29:09+08:00 ] ::1 /caipiao/index.php/Home/Shuangse/Shuangse/p/5.html
INFO: [ app_init ] --START--
INFO: Run Behavior\BuildLiteBehavior [ RunTime:0.000019s ]
INFO: [ app_init ] --END-- [ RunTime:0.000576s ]

