[ 2017-07-19T13:13:02+08:00 ] 192.168.20.1 /caipiao/
INFO: [ app_init ] --START--
INFO: Run Behavior\BuildLiteBehavior [ RunTime:0.000186s ]
INFO: [ app_init ] --END-- [ RunTime:0.000962s ]

[ 2017-07-19T15:16:28+08:00 ] 192.168.20.1 /caipiao/
INFO: [ app_init ] --START--
INFO: Run Behavior\BuildLiteBehavior [ RunTime:0.000144s ]
INFO: [ app_init ] --END-- [ RunTime:0.000994s ]

[ 2017-07-19T15:16:31+08:00 ] 192.168.20.1 /caipiao/Home/Login/Username
INFO: [ app_init ] --START--
INFO: Run Behavior\BuildLiteBehavior [ RunTime:0.000514s ]
INFO: [ app_init ] --END-- [ RunTime:0.004469s ]
INFO: [ app_begin ] --START--
INFO: Run Behavior\ReadHtmlCacheBehavior [ RunTime:0.000356s ]
INFO: [ app_begin ] --END-- [ RunTime:0.001174s ]
SQL: SHOW COLUMNS FROM `bocai_user` [ RunTime:0.0026s ]
SQL: SELECT * FROM `bocai_user` WHERE `u_name` = 'root'  [ RunTime:0.0003s ]
INFO: [ app_end ] --START--
INFO: Run Behavior\ShowPageTraceBehavior [ RunTime:0.000285s ]
INFO: [ app_end ] --END-- [ RunTime:0.000820s ]

[ 2017-07-19T15:16:33+08:00 ] 192.168.20.1 /caipiao/Home/Login/Login
INFO: [ app_init ] --START--
INFO: Run Behavior\BuildLiteBehavior [ RunTime:0.000146s ]
INFO: [ app_init ] --END-- [ RunTime:0.000929s ]
INFO: [ app_begin ] --START--
INFO: Run Behavior\ReadHtmlCacheBehavior [ RunTime:0.000277s ]
INFO: [ app_begin ] --END-- [ RunTime:0.000781s ]
SQL: SHOW COLUMNS FROM `bocai_user` [ RunTime:0.0013s ]
SQL: SELECT * FROM `bocai_user` WHERE `u_name` = 'root'  [ RunTime:0.0004s ]
INFO: [ app_end ] --START--
INFO: Run Behavior\ShowPageTraceBehavior [ RunTime:0.000243s ]
INFO: [ app_end ] --END-- [ RunTime:0.000804s ]

[ 2017-07-19T15:16:34+08:00 ] 192.168.20.1 /caipiao/Home/Homepage/Homepage
INFO: [ app_init ] --START--
INFO: Run Behavior\BuildLiteBehavior [ RunTime:0.000209s ]
INFO: [ app_init ] --END-- [ RunTime:0.001374s ]

