[ 2017-06-22T16:59:47+08:00 ] 127.0.0.1 /caipiao/
INFO: [ app_init ] --START--
INFO: Run Behavior\BuildLiteBehavior [ RunTime:0.000804s ]
INFO: [ app_init ] --END-- [ RunTime:0.004583s ]

[ 2017-06-22T16:59:56+08:00 ] 127.0.0.1 /caipiao/Home/Login/Username
INFO: [ app_init ] --START--
INFO: Run Behavior\BuildLiteBehavior [ RunTime:0.000443s ]
INFO: [ app_init ] --END-- [ RunTime:0.002751s ]
INFO: [ app_begin ] --START--
INFO: Run Behavior\ReadHtmlCacheBehavior [ RunTime:0.001418s ]
INFO: [ app_begin ] --END-- [ RunTime:0.002165s ]
SQL: SHOW COLUMNS FROM `bocai_user` [ RunTime:0.0059s ]
SQL: SELECT * FROM `bocai_user` WHERE `u_name` = 'root'  [ RunTime:0.0006s ]
INFO: [ app_end ] --START--
INFO: Run Behavior\ShowPageTraceBehavior [ RunTime:0.001473s ]
INFO: [ app_end ] --END-- [ RunTime:0.002368s ]

[ 2017-06-22T17:00:02+08:00 ] 127.0.0.1 /caipiao/Home/Login/Login
INFO: [ app_init ] --START--
INFO: Run Behavior\BuildLiteBehavior [ RunTime:0.000275s ]
INFO: [ app_init ] --END-- [ RunTime:0.002494s ]
INFO: [ app_begin ] --START--
INFO: Run Behavior\ReadHtmlCacheBehavior [ RunTime:0.001373s ]
INFO: [ app_begin ] --END-- [ RunTime:0.002267s ]
SQL: SHOW COLUMNS FROM `bocai_user` [ RunTime:0.0060s ]
SQL: SELECT * FROM `bocai_user` WHERE `u_name` = 'root'  [ RunTime:0.0006s ]
INFO: [ app_end ] --START--
INFO: Run Behavior\ShowPageTraceBehavior [ RunTime:0.001682s ]
INFO: [ app_end ] --END-- [ RunTime:0.002567s ]

[ 2017-06-22T17:00:02+08:00 ] 127.0.0.1 /caipiao/Home/Homepage/Homepage
INFO: [ app_init ] --START--
INFO: Run Behavior\BuildLiteBehavior [ RunTime:0.000208s ]
INFO: [ app_init ] --END-- [ RunTime:0.001849s ]
ERR: 1146:Table 'caipiao.bocai_letou' doesn't exist
 [ SQL语句 ] : SHOW COLUMNS FROM `bocai_letou`

[ 2017-06-22T17:00:15+08:00 ] 127.0.0.1 /caipiao/Home/Shuangse/Shuangse
INFO: [ app_init ] --START--
INFO: Run Behavior\BuildLiteBehavior [ RunTime:0.000196s ]
INFO: [ app_init ] --END-- [ RunTime:0.001843s ]

[ 2017-06-22T17:01:16+08:00 ] 127.0.0.1 /caipiao/Home/Shuangse/Shuangse
INFO: [ app_init ] --START--
INFO: Run Behavior\BuildLiteBehavior [ RunTime:0.000194s ]
INFO: [ app_init ] --END-- [ RunTime:0.001860s ]
ERR: 1054:Unknown column 'number' in 'field list'
 [ SQL语句 ] : SELECT `number`,`times` FROM `bocai_shuangse` 

[ 2017-06-22T17:05:11+08:00 ] 127.0.0.1 /caipiao/Home/Shuangse/Shuangse
INFO: [ app_init ] --START--
INFO: Run Behavior\BuildLiteBehavior [ RunTime:0.000194s ]
INFO: [ app_init ] --END-- [ RunTime:0.002046s ]

[ 2017-06-22T17:05:20+08:00 ] 127.0.0.1 /caipiao/index.php/Home/Shuangse/Shuangse/p/86.html
INFO: [ app_init ] --START--
INFO: Run Behavior\BuildLiteBehavior [ RunTime:0.000221s ]
INFO: [ app_init ] --END-- [ RunTime:0.001942s ]

[ 2017-06-22T17:07:00+08:00 ] 127.0.0.1 /caipiao/index.php/Home/Shuangse/Shuangse/p/86.html
INFO: [ app_init ] --START--
INFO: Run Behavior\BuildLiteBehavior [ RunTime:0.000192s ]
INFO: [ app_init ] --END-- [ RunTime:0.001872s ]

[ 2017-06-22T17:07:39+08:00 ] 127.0.0.1 /caipiao/index.php/Home/Shuangse/Shuangse/p/86.html
INFO: [ app_init ] --START--
INFO: Run Behavior\BuildLiteBehavior [ RunTime:0.000194s ]
INFO: [ app_init ] --END-- [ RunTime:0.001856s ]

[ 2017-06-22T17:07:41+08:00 ] 127.0.0.1 /caipiao/index.php/Home/Shuangse/Shuangse/p/1.html
INFO: [ app_init ] --START--
INFO: Run Behavior\BuildLiteBehavior [ RunTime:0.000193s ]
INFO: [ app_init ] --END-- [ RunTime:0.001909s ]

[ 2017-06-22T17:08:36+08:00 ] 127.0.0.1 /caipiao/index.php/Home/Shuangse/Shuangse/p/1.html
INFO: [ app_init ] --START--
INFO: Run Behavior\BuildLiteBehavior [ RunTime:0.000206s ]
INFO: [ app_init ] --END-- [ RunTime:0.001894s ]

[ 2017-06-22T17:09:08+08:00 ] 127.0.0.1 /caipiao/index.php/Home/Shuangse/Shuangse/p/1.html
INFO: [ app_init ] --START--
INFO: Run Behavior\BuildLiteBehavior [ RunTime:0.000196s ]
INFO: [ app_init ] --END-- [ RunTime:0.001803s ]

[ 2017-06-22T17:10:56+08:00 ] 127.0.0.1 /caipiao/index.php/Home/Shuangse/Shuangse/p/1.html
INFO: [ app_init ] --START--
INFO: Run Behavior\BuildLiteBehavior [ RunTime:0.000221s ]
INFO: [ app_init ] --END-- [ RunTime:0.001932s ]

[ 2017-06-22T17:10:59+08:00 ] 127.0.0.1 /caipiao/index.php/Home/Shuangse/Shuangse/p/1.html
INFO: [ app_init ] --START--
INFO: Run Behavior\BuildLiteBehavior [ RunTime:0.000192s ]
INFO: [ app_init ] --END-- [ RunTime:0.001988s ]

[ 2017-06-22T17:11:01+08:00 ] 127.0.0.1 /caipiao/index.php/Home/Shuangse/Shuangse/p/1.html
INFO: [ app_init ] --START--
INFO: Run Behavior\BuildLiteBehavior [ RunTime:0.000356s ]
INFO: [ app_init ] --END-- [ RunTime:0.002302s ]

[ 2017-06-22T17:11:23+08:00 ] 127.0.0.1 /caipiao/index.php/Home/Shuangse/Shuangse/p/1.html
INFO: [ app_init ] --START--
INFO: Run Behavior\BuildLiteBehavior [ RunTime:0.000194s ]
INFO: [ app_init ] --END-- [ RunTime:0.001882s ]

[ 2017-06-22T17:11:54+08:00 ] 127.0.0.1 /caipiao/index.php/Home/Shuangse/Shuangse/p/1.html
INFO: [ app_init ] --START--
INFO: Run Behavior\BuildLiteBehavior [ RunTime:0.000310s ]
INFO: [ app_init ] --END-- [ RunTime:0.002252s ]

[ 2017-06-22T17:11:56+08:00 ] 127.0.0.1 /caipiao/index.php/Home/Shuangse/Shuangse/p/1.html
INFO: [ app_init ] --START--
INFO: Run Behavior\BuildLiteBehavior [ RunTime:0.000206s ]
INFO: [ app_init ] --END-- [ RunTime:0.001910s ]

[ 2017-06-22T17:13:20+08:00 ] 127.0.0.1 /caipiao/index.php/Home/Shuangse/Shuangse/p/1.html
INFO: [ app_init ] --START--
INFO: Run Behavior\BuildLiteBehavior [ RunTime:0.000229s ]
INFO: [ app_init ] --END-- [ RunTime:0.002594s ]

[ 2017-06-22T17:14:12+08:00 ] 127.0.0.1 /caipiao/index.php/Home/Shuangse/Shuangse/p/1.html
INFO: [ app_init ] --START--
INFO: Run Behavior\BuildLiteBehavior [ RunTime:0.000225s ]
INFO: [ app_init ] --END-- [ RunTime:0.001986s ]

[ 2017-06-22T17:15:52+08:00 ] 127.0.0.1 /caipiao/
INFO: [ app_init ] --START--
INFO: Run Behavior\BuildLiteBehavior [ RunTime:0.000198s ]
INFO: [ app_init ] --END-- [ RunTime:0.001930s ]

[ 2017-06-22T17:16:04+08:00 ] 127.0.0.1 /caipiao/Home/Shuangse/Shuangse
INFO: [ app_init ] --START--
INFO: Run Behavior\BuildLiteBehavior [ RunTime:0.000193s ]
INFO: [ app_init ] --END-- [ RunTime:0.001787s ]

