[ 2017-09-13T14:50:17+08:00 ] 192.168.20.1 /
INFO: [ app_init ] --START--
INFO: Run Behavior\BuildLiteBehavior [ RunTime:0.000024s ]
INFO: [ app_init ] --END-- [ RunTime:0.000281s ]

[ 2017-09-13T14:50:20+08:00 ] 192.168.20.1 /Home/Login/Username
INFO: [ app_init ] --START--
INFO: Run Behavior\BuildLiteBehavior [ RunTime:0.000076s ]
INFO: [ app_init ] --END-- [ RunTime:0.000617s ]
INFO: [ app_begin ] --START--
INFO: Run Behavior\ReadHtmlCacheBehavior [ RunTime:0.000228s ]
INFO: [ app_begin ] --END-- [ RunTime:0.000637s ]
SQL: SHOW COLUMNS FROM `bocai_user` [ RunTime:0.0626s ]
SQL: SELECT * FROM `bocai_user` WHERE `u_name` = 'root'  [ RunTime:0.0005s ]
INFO: [ app_end ] --START--
INFO: Run Behavior\ShowPageTraceBehavior [ RunTime:0.000157s ]
INFO: [ app_end ] --END-- [ RunTime:0.000283s ]

[ 2017-09-13T14:50:24+08:00 ] 192.168.20.1 /Home/Login/Login
INFO: [ app_init ] --START--
INFO: Run Behavior\BuildLiteBehavior [ RunTime:0.000050s ]
INFO: [ app_init ] --END-- [ RunTime:0.000161s ]
INFO: [ app_begin ] --START--
INFO: Run Behavior\ReadHtmlCacheBehavior [ RunTime:0.000042s ]
INFO: [ app_begin ] --END-- [ RunTime:0.000101s ]
SQL: SHOW COLUMNS FROM `bocai_user` [ RunTime:0.0009s ]
SQL: SELECT * FROM `bocai_user` WHERE `u_name` = 'root'  [ RunTime:0.0002s ]
INFO: [ app_end ] --START--
INFO: Run Behavior\ShowPageTraceBehavior [ RunTime:0.000094s ]
INFO: [ app_end ] --END-- [ RunTime:0.000211s ]

[ 2017-09-13T14:50:24+08:00 ] 192.168.20.1 /Home/Homepage/Homepage
INFO: [ app_init ] --START--
INFO: Run Behavior\BuildLiteBehavior [ RunTime:0.000020s ]
INFO: [ app_init ] --END-- [ RunTime:0.000155s ]

[ 2017-09-13T14:51:01+08:00 ] 192.168.20.1 /Home/Homepage/Homepage
INFO: [ app_init ] --START--
INFO: Run Behavior\BuildLiteBehavior [ RunTime:0.000025s ]
INFO: [ app_init ] --END-- [ RunTime:0.000208s ]

[ 2017-09-13T14:53:41+08:00 ] 192.168.20.1 /Home/Homepage/Homepage
INFO: [ app_init ] --START--
INFO: Run Behavior\BuildLiteBehavior [ RunTime:0.000020s ]
INFO: [ app_init ] --END-- [ RunTime:0.000194s ]

[ 2017-09-13T14:53:43+08:00 ] 192.168.20.1 /Home/Homepage/Homepage
INFO: [ app_init ] --START--
INFO: Run Behavior\BuildLiteBehavior [ RunTime:0.000019s ]
INFO: [ app_init ] --END-- [ RunTime:0.000133s ]

