[ 2017-05-03T08:51:13+08:00 ] 127.0.0.1 /caipiao/Home/Pale/pale?XDEBAG_SESSION_START=1
INFO: [ app_init ] --START--
INFO: Run Behavior\BuildLiteBehavior [ RunTime:0.000615s ]
INFO: [ app_init ] --END-- [ RunTime:0.011786s ]
ERR: 无法加载控制器:Pale

[ 2017-05-03T08:51:26+08:00 ] 127.0.0.1 /caipiao/
INFO: [ app_init ] --START--
INFO: Run Behavior\BuildLiteBehavior [ RunTime:0.000166s ]
INFO: [ app_init ] --END-- [ RunTime:0.001590s ]

[ 2017-05-03T08:56:31+08:00 ] 127.0.0.1 /caipiao/?XDEBUG_SESSION_START
INFO: [ app_init ] --START--
INFO: Run Behavior\BuildLiteBehavior [ RunTime:0.000235s ]
INFO: [ app_init ] --END-- [ RunTime:0.001777s ]

[ 2017-05-03T08:56:31+08:00 ] 127.0.0.1 /caipiao/?DEBUG_SESSION_START=1
INFO: [ app_init ] --START--
INFO: Run Behavior\BuildLiteBehavior [ RunTime:0.000145s ]
INFO: [ app_init ] --END-- [ RunTime:0.001469s ]

[ 2017-05-03T08:56:34+08:00 ] 127.0.0.1 /caipiao/?XDEBUG_SESSION_START=1
INFO: [ app_init ] --START--
INFO: Run Behavior\BuildLiteBehavior [ RunTime:0.000336s ]
INFO: [ app_init ] --END-- [ RunTime:0.002822s ]

[ 2017-05-03T08:56:47+08:00 ] 127.0.0.1 /caipiao/?DEBUG_SESSION_START=1
INFO: [ app_init ] --START--
INFO: Run Behavior\BuildLiteBehavior [ RunTime:0.000180s ]
INFO: [ app_init ] --END-- [ RunTime:0.001777s ]

[ 2017-05-03T08:56:59+08:00 ] 127.0.0.1 /caipiao/?DEBUG_SESSION_START
INFO: [ app_init ] --START--
INFO: Run Behavior\BuildLiteBehavior [ RunTime:0.000267s ]
INFO: [ app_init ] --END-- [ RunTime:0.002734s ]

[ 2017-05-03T08:57:04+08:00 ] 127.0.0.1 /caipiao/?DEBUG_SESSION_START
INFO: [ app_init ] --START--
INFO: Run Behavior\BuildLiteBehavior [ RunTime:0.000141s ]
INFO: [ app_init ] --END-- [ RunTime:0.001473s ]

[ 2017-05-03T08:57:12+08:00 ] 127.0.0.1 /caipiao/?DEBUG_SESSION_START
INFO: [ app_init ] --START--
INFO: Run Behavior\BuildLiteBehavior [ RunTime:0.000692s ]
INFO: [ app_init ] --END-- [ RunTime:0.010628s ]

[ 2017-05-03T08:57:20+08:00 ] 127.0.0.1 /caipiao/?DEBUG_SESSION_START=1
INFO: [ app_init ] --START--
INFO: Run Behavior\BuildLiteBehavior [ RunTime:0.000158s ]
INFO: [ app_init ] --END-- [ RunTime:0.001468s ]

[ 2017-05-03T08:57:36+08:00 ] 127.0.0.1 /caipiao/Home/index.php?DEBUG_SESSION_START=1
INFO: [ app_init ] --START--
INFO: Run Behavior\BuildLiteBehavior [ RunTime:0.000142s ]
INFO: [ app_init ] --END-- [ RunTime:0.001448s ]
ERR: 无法加载控制器:Index.php

[ 2017-05-03T08:57:47+08:00 ] 127.0.0.1 /caipiao/Home/Index.php?DEBUG_SESSION_START=1
INFO: [ app_init ] --START--
INFO: Run Behavior\BuildLiteBehavior [ RunTime:0.000264s ]
INFO: [ app_init ] --END-- [ RunTime:0.001633s ]
ERR: 无法加载控制器:Index.php

[ 2017-05-03T08:57:54+08:00 ] 127.0.0.1 /caipiao/Home/Index/index?DEBUG_SESSION_START=1
INFO: [ app_init ] --START--
INFO: Run Behavior\BuildLiteBehavior [ RunTime:0.000148s ]
INFO: [ app_init ] --END-- [ RunTime:0.001488s ]

[ 2017-05-03T08:58:16+08:00 ] 127.0.0.1 /caipiao/Home/Index/index?DEBUG_SESSION_START=1
INFO: [ app_init ] --START--
INFO: Run Behavior\BuildLiteBehavior [ RunTime:0.000326s ]
INFO: [ app_init ] --END-- [ RunTime:0.010113s ]

[ 2017-05-03T08:58:56+08:00 ] 127.0.0.1 /caipiao/Home/Index/index?DEBUG_SESSION_START=1
INFO: [ app_init ] --START--
INFO: Run Behavior\BuildLiteBehavior [ RunTime:0.000385s ]
INFO: [ app_init ] --END-- [ RunTime:0.011310s ]

[ 2017-05-03T08:59:28+08:00 ] 127.0.0.1 /caipiao/Home/Index/index?DEBUG_SESSION_START=1
INFO: [ app_init ] --START--
INFO: Run Behavior\BuildLiteBehavior [ RunTime:0.000162s ]
INFO: [ app_init ] --END-- [ RunTime:0.001607s ]

[ 2017-05-03T08:59:50+08:00 ] 127.0.0.1 /caipiao/Home/Index/index?DEBUG_SESSION_START=1
INFO: [ app_init ] --START--
INFO: Run Behavior\BuildLiteBehavior [ RunTime:0.000292s ]
INFO: [ app_init ] --END-- [ RunTime:0.002188s ]

[ 2017-05-03T08:59:52+08:00 ] 127.0.0.1 /caipiao/Home/Index/index?DEBUG_SESSION_START=1
INFO: [ app_init ] --START--
INFO: Run Behavior\BuildLiteBehavior [ RunTime:0.000145s ]
INFO: [ app_init ] --END-- [ RunTime:0.001542s ]

[ 2017-05-03T09:00:34+08:00 ] 127.0.0.1 /caipiao/Home/Index/index?DEBUG_SESSION_START=1
INFO: [ app_init ] --START--
INFO: Run Behavior\BuildLiteBehavior [ RunTime:0.000157s ]
INFO: [ app_init ] --END-- [ RunTime:0.001583s ]

[ 2017-05-03T09:00:38+08:00 ] 127.0.0.1 /caipiao/Home/Index/index?DEBUG_SESSION_START=1
INFO: [ app_init ] --START--
INFO: Run Behavior\BuildLiteBehavior [ RunTime:0.000229s ]
INFO: [ app_init ] --END-- [ RunTime:0.001815s ]

[ 2017-05-03T09:00:39+08:00 ] 127.0.0.1 /caipiao/Home/Index/index?DEBUG_SESSION_START=1
INFO: [ app_init ] --START--
INFO: Run Behavior\BuildLiteBehavior [ RunTime:0.000163s ]
INFO: [ app_init ] --END-- [ RunTime:0.001599s ]

[ 2017-05-03T09:00:44+08:00 ] 127.0.0.1 /caipiao/
INFO: [ app_init ] --START--
INFO: Run Behavior\BuildLiteBehavior [ RunTime:0.000171s ]
INFO: [ app_init ] --END-- [ RunTime:0.001639s ]

[ 2017-05-03T09:01:05+08:00 ] 127.0.0.1 /caipiao/Home/Index/index?DEBUG_SESSION_START=1
INFO: [ app_init ] --START--
INFO: Run Behavior\BuildLiteBehavior [ RunTime:0.000207s ]
INFO: [ app_init ] --END-- [ RunTime:0.001679s ]

[ 2017-05-03T09:01:18+08:00 ] 127.0.0.1 /caipiao/Home/Index/index?DEBUG_SESSION_START=1
INFO: [ app_init ] --START--
INFO: Run Behavior\BuildLiteBehavior [ RunTime:0.000141s ]
INFO: [ app_init ] --END-- [ RunTime:0.001509s ]

[ 2017-05-03T09:37:06+08:00 ] 127.0.0.1 /caipiao/Home/Index/index?DEBUG_SESSION_START=1
INFO: [ app_init ] --START--
INFO: Run Behavior\BuildLiteBehavior [ RunTime:0.000144s ]
INFO: [ app_init ] --END-- [ RunTime:0.001512s ]

[ 2017-05-03T10:44:11+08:00 ] 127.0.0.1 /caipiao/Home/Index/index?XDEBUG_SESSION_START=1
INFO: [ app_init ] --START--
INFO: Run Behavior\BuildLiteBehavior [ RunTime:0.000228s ]
INFO: [ app_init ] --END-- [ RunTime:0.001741s ]

