[ 2017-07-27T15:32:18+08:00 ] 192.168.20.1 /caipiao/
INFO: [ app_init ] --START--
INFO: Run Behavior\BuildLiteBehavior [ RunTime:0.000116s ]
INFO: [ app_init ] --END-- [ RunTime:0.001138s ]

[ 2017-07-27T15:32:22+08:00 ] 192.168.20.1 /caipiao/Home/Login/Username
INFO: [ app_init ] --START--
INFO: Run Behavior\BuildLiteBehavior [ RunTime:0.000153s ]
INFO: [ app_init ] --END-- [ RunTime:0.001137s ]
INFO: [ app_begin ] --START--
INFO: Run Behavior\ReadHtmlCacheBehavior [ RunTime:0.000332s ]
INFO: [ app_begin ] --END-- [ RunTime:0.001197s ]
SQL: SHOW COLUMNS FROM `bocai_user` [ RunTime:0.4719s ]
SQL: SELECT * FROM `bocai_user` WHERE `u_name` = 'root'  [ RunTime:0.0068s ]
INFO: [ app_end ] --START--
INFO: Run Behavior\ShowPageTraceBehavior [ RunTime:0.000257s ]
INFO: [ app_end ] --END-- [ RunTime:0.000581s ]

[ 2017-07-27T15:32:26+08:00 ] 192.168.20.1 /caipiao/Home/Login/Login
INFO: [ app_init ] --START--
INFO: Run Behavior\BuildLiteBehavior [ RunTime:0.000122s ]
INFO: [ app_init ] --END-- [ RunTime:0.001079s ]
INFO: [ app_begin ] --START--
INFO: Run Behavior\ReadHtmlCacheBehavior [ RunTime:0.000310s ]
INFO: [ app_begin ] --END-- [ RunTime:0.000937s ]
SQL: SHOW COLUMNS FROM `bocai_user` [ RunTime:0.0028s ]
SQL: SELECT * FROM `bocai_user` WHERE `u_name` = 'root'  [ RunTime:0.0044s ]
INFO: [ app_end ] --START--
INFO: Run Behavior\ShowPageTraceBehavior [ RunTime:0.000260s ]
INFO: [ app_end ] --END-- [ RunTime:0.000924s ]

[ 2017-07-27T15:32:27+08:00 ] 192.168.20.1 /caipiao/Home/Homepage/Homepage
INFO: [ app_init ] --START--
INFO: Run Behavior\BuildLiteBehavior [ RunTime:0.000115s ]
INFO: [ app_init ] --END-- [ RunTime:0.000924s ]

[ 2017-07-27T15:33:56+08:00 ] 192.168.20.1 /caipiao/Home/Homepage/Homepage
INFO: [ app_init ] --START--
INFO: Run Behavior\BuildLiteBehavior [ RunTime:0.000071s ]
INFO: [ app_init ] --END-- [ RunTime:0.000582s ]

[ 2017-07-27T15:34:40+08:00 ] 192.168.20.1 /caipiao/Home/Homepage/Homepage
INFO: [ app_init ] --START--
INFO: Run Behavior\BuildLiteBehavior [ RunTime:0.000210s ]
INFO: [ app_init ] --END-- [ RunTime:0.001630s ]

[ 2017-07-27T15:36:29+08:00 ] 192.168.20.1 /caipiao/Home/Homepage/Homepage
INFO: [ app_init ] --START--
INFO: Run Behavior\BuildLiteBehavior [ RunTime:0.000077s ]
INFO: [ app_init ] --END-- [ RunTime:0.000645s ]

[ 2017-07-27T15:36:42+08:00 ] 192.168.20.1 /caipiao/Home/Homepage/Homepage
INFO: [ app_init ] --START--
INFO: Run Behavior\BuildLiteBehavior [ RunTime:0.000131s ]
INFO: [ app_init ] --END-- [ RunTime:0.001009s ]

[ 2017-07-27T15:41:37+08:00 ] 192.168.20.1 /caipiao/Home/Homepage/Homepage
INFO: [ app_init ] --START--
INFO: Run Behavior\BuildLiteBehavior [ RunTime:0.000120s ]
INFO: [ app_init ] --END-- [ RunTime:0.000951s ]

[ 2017-07-27T15:41:55+08:00 ] 192.168.20.1 /caipiao/Home/Homepage/Homepage
INFO: [ app_init ] --START--
INFO: Run Behavior\BuildLiteBehavior [ RunTime:0.000131s ]
INFO: [ app_init ] --END-- [ RunTime:0.000877s ]

[ 2017-07-27T15:43:22+08:00 ] 192.168.20.1 /caipiao/Home/Homepage/Homepage
INFO: [ app_init ] --START--
INFO: Run Behavior\BuildLiteBehavior [ RunTime:0.000134s ]
INFO: [ app_init ] --END-- [ RunTime:0.001156s ]

[ 2017-07-27T15:43:33+08:00 ] 192.168.20.1 /caipiao/Home/Homepage/Homepage
INFO: [ app_init ] --START--
INFO: Run Behavior\BuildLiteBehavior [ RunTime:0.000124s ]
INFO: [ app_init ] --END-- [ RunTime:0.001105s ]

[ 2017-07-27T15:44:35+08:00 ] 192.168.20.1 /caipiao/Home/Homepage/Homepage
INFO: [ app_init ] --START--
INFO: Run Behavior\BuildLiteBehavior [ RunTime:0.000130s ]
INFO: [ app_init ] --END-- [ RunTime:0.001578s ]

[ 2017-07-27T15:49:48+08:00 ] 192.168.20.1 /caipiao/Home/Homepage/Homepage
INFO: [ app_init ] --START--
INFO: Run Behavior\BuildLiteBehavior [ RunTime:0.000079s ]
INFO: [ app_init ] --END-- [ RunTime:0.000619s ]

[ 2017-07-27T15:49:48+08:00 ] 192.168.20.1 /caipiao/
INFO: [ app_init ] --START--
INFO: Run Behavior\BuildLiteBehavior [ RunTime:0.000077s ]
INFO: [ app_init ] --END-- [ RunTime:0.000528s ]

[ 2017-07-27T15:49:48+08:00 ] 192.168.20.1 /caipiao/index.php/Home/Homepage/Homepage.html
INFO: [ app_init ] --START--
INFO: Run Behavior\BuildLiteBehavior [ RunTime:0.000126s ]
INFO: [ app_init ] --END-- [ RunTime:0.000612s ]

[ 2017-07-27T15:49:50+08:00 ] 192.168.20.1 /caipiao/index.php/Home/Homepage/Homepage.html
INFO: [ app_init ] --START--
INFO: Run Behavior\BuildLiteBehavior [ RunTime:0.000116s ]
INFO: [ app_init ] --END-- [ RunTime:0.000864s ]

[ 2017-07-27T15:51:36+08:00 ] 192.168.20.1 /caipiao/index.php/Home/Homepage/Homepage.html
INFO: [ app_init ] --START--
INFO: Run Behavior\BuildLiteBehavior [ RunTime:0.000120s ]
INFO: [ app_init ] --END-- [ RunTime:0.000953s ]

