[ 2017-07-18T13:38:37+08:00 ] 127.0.0.1 /Admin/Curl/Show
INFO: [ app_init ] --START--
INFO: Run Behavior\BuildLiteBehavior [ RunTime:0.000041s ]
INFO: [ app_init ] --END-- [ RunTime:0.000274s ]

[ 2017-07-18T13:48:03+08:00 ] 127.0.0.1 /Admin/Curl/Show
INFO: [ app_init ] --START--
INFO: Run Behavior\BuildLiteBehavior [ RunTime:0.000019s ]
INFO: [ app_init ] --END-- [ RunTime:0.000170s ]

[ 2017-07-18T13:48:05+08:00 ] 127.0.0.1 /Admin/Pale/Show
INFO: [ app_init ] --START--
INFO: Run Behavior\BuildLiteBehavior [ RunTime:0.000016s ]
INFO: [ app_init ] --END-- [ RunTime:0.000109s ]

[ 2017-07-18T14:11:33+08:00 ] 127.0.0.1 /Admin/Pale/Show
INFO: [ app_init ] --START--
INFO: Run Behavior\BuildLiteBehavior [ RunTime:0.000019s ]
INFO: [ app_init ] --END-- [ RunTime:0.000127s ]

[ 2017-07-18T14:11:48+08:00 ] 127.0.0.1 /Admin/Pale/Pale
INFO: [ app_init ] --START--
INFO: Run Behavior\BuildLiteBehavior [ RunTime:0.000018s ]
INFO: [ app_init ] --END-- [ RunTime:0.000125s ]
INFO: [ app_begin ] --START--
INFO: Run Behavior\ReadHtmlCacheBehavior [ RunTime:0.000048s ]
INFO: [ app_begin ] --END-- [ RunTime:0.000116s ]
NOTIC: [2048] Declaration of Admin\Controller\PaleController::Show() should be compatible with Think\Controller::show($content, $charset = '', $contentType = '', $prefix = '') /var/www/caipiao/Application/Admin/Controller/PaleController.class.php 第 0 行.
SQL: SHOW COLUMNS FROM `bocai_letou` [ RunTime:0.0015s ]
SQL: SELECT `times` FROM `bocai_letou` WHERE ( `times` = '2017081' OR `times` = '2017082' )  [ RunTime:0.0011s ]
NOTIC: [8] Undefined index: allcode /var/www/caipiao/Application/Admin/Controller/PaleController.class.php 第 109 行.
SQL: SHOW COLUMNS FROM `bocai_letou` [ RunTime:0.0013s ]
SQL: INSERT INTO `bocai_letou` (`times`,`allcode`,`red1`,`red2`,`red3`,`red4`,`red5`,`blue1`,`blue2`) VALUES ('2017081','02,12,15,20,34,01,06','02','12','15','20','34','01','06') [ RunTime:0.0015s ]
SQL: SHOW COLUMNS FROM `bocai_leyi` [ RunTime:0.0015s ]
SQL: INSERT INTO `bocai_leyi` (`times`,`redyi`,`blueyi`) VALUES ('2017081','[\"2\",\"0\",\"4\",\"3\",\"3\",\"11\",\"5\",\"1\",\"21\",\"1\",\"6\",\"0\",\"7\",\"10\",\"0\",\"6\",\"2\",\"6\",\"2\",\"0\",\"1\",\"18\",\"12\",\"13\",\"4\",\"11\",\"3\",\"8\",\"9\",\"1\",\"1\",\"2\",\"2\",\"0\",\"5\"]','[\"0\",\"1\",\"3\",\"17\",\"1\",\"0\",\"5\",\"7\",\"4\",\"14\",\"2\",\"5\"]') [ RunTime:0.0007s ]
NOTIC: [8] Undefined index: allcode /var/www/caipiao/Application/Admin/Controller/PaleController.class.php 第 109 行.
SQL: SHOW COLUMNS FROM `bocai_letou` [ RunTime:0.0013s ]
SQL: INSERT INTO `bocai_letou` (`times`,`allcode`,`red1`,`red2`,`red3`,`red4`,`red5`,`blue1`,`blue2`) VALUES ('2017082','05,13,20,21,25,08,09','05','13','20','21','25','08','09') [ RunTime:0.0011s ]
SQL: SHOW COLUMNS FROM `bocai_leyi` [ RunTime:0.0015s ]
SQL: INSERT INTO `bocai_leyi` (`times`,`redyi`,`blueyi`) VALUES ('2017082','[\"3\",\"1\",\"5\",\"4\",\"0\",\"12\",\"6\",\"2\",\"22\",\"2\",\"7\",\"1\",\"0\",\"11\",\"1\",\"7\",\"3\",\"7\",\"3\",\"0\",\"0\",\"19\",\"13\",\"14\",\"0\",\"12\",\"4\",\"9\",\"10\",\"2\",\"2\",\"3\",\"3\",\"1\",\"6\"]','[\"1\",\"2\",\"4\",\"18\",\"2\",\"1\",\"6\",\"0\",\"0\",\"15\",\"3\",\"6\"]') [ RunTime:0.0005s ]

