[ 2017-07-13T10:35:09+08:00 ] 127.0.0.1 /caipiao/Admin/Login/Login
INFO: [ app_init ] --START--
INFO: Run Behavior\BuildLiteBehavior [ RunTime:0.000304s ]
INFO: [ app_init ] --END-- [ RunTime:0.002973s ]
ERR: 无法加载控制器:Login

[ 2017-07-13T10:36:03+08:00 ] 127.0.0.1 /caipiao/Admin/Login/Login.html
INFO: [ app_init ] --START--
INFO: Run Behavior\BuildLiteBehavior [ RunTime:0.000332s ]
INFO: [ app_init ] --END-- [ RunTime:0.003372s ]
ERR: 无法加载控制器:Login

[ 2017-07-13T10:36:07+08:00 ] 127.0.0.1 /caipiao/Admin/Login/Login.html
INFO: [ app_init ] --START--
INFO: Run Behavior\BuildLiteBehavior [ RunTime:0.000357s ]
INFO: [ app_init ] --END-- [ RunTime:0.003703s ]
ERR: 无法加载控制器:Login

[ 2017-07-13T11:04:21+08:00 ] 192.168.20.1 /caipiao/Admin/Curl/Curl
INFO: [ app_init ] --START--
INFO: Run Behavior\BuildLiteBehavior [ RunTime:0.000113s ]
INFO: [ app_init ] --END-- [ RunTime:0.000895s ]

[ 2017-07-13T11:04:31+08:00 ] 192.168.20.1 /caipiao/Admin/Curl/Show
INFO: [ app_init ] --START--
INFO: Run Behavior\BuildLiteBehavior [ RunTime:0.000276s ]
INFO: [ app_init ] --END-- [ RunTime:0.002339s ]

[ 2017-07-13T11:05:21+08:00 ] 192.168.20.1 /caipiao/Admin/Curl/Curl
INFO: [ app_init ] --START--
INFO: Run Behavior\BuildLiteBehavior [ RunTime:0.000074s ]
INFO: [ app_init ] --END-- [ RunTime:0.000530s ]
INFO: [ app_begin ] --START--
INFO: Run Behavior\ReadHtmlCacheBehavior [ RunTime:0.000286s ]
INFO: [ app_begin ] --END-- [ RunTime:0.000682s ]
NOTIC: [2048] Declaration of Admin\Controller\CurlController::Show() should be compatible with Think\Controller::show($content, $charset = '', $contentType = '', $prefix = '') /var/www/caipiao/Application/Admin/Controller/CurlController.class.php 第 0 行.
NOTIC: [8] Undefined offset: 1 /var/www/caipiao/Application/Admin/Controller/CurlController.class.php 第 63 行.
NOTIC: [8] Undefined offset: 1 /var/www/caipiao/Application/Admin/Controller/CurlController.class.php 第 63 行.
NOTIC: [8] Undefined offset: 1 /var/www/caipiao/Application/Admin/Controller/CurlController.class.php 第 63 行.
NOTIC: [8] Undefined offset: 1 /var/www/caipiao/Application/Admin/Controller/CurlController.class.php 第 63 行.
NOTIC: [8] Undefined offset: 1 /var/www/caipiao/Application/Admin/Controller/CurlController.class.php 第 63 行.
NOTIC: [8] Undefined offset: 1 /var/www/caipiao/Application/Admin/Controller/CurlController.class.php 第 63 行.
NOTIC: [8] Undefined offset: 1 /var/www/caipiao/Application/Admin/Controller/CurlController.class.php 第 63 行.
NOTIC: [8] Undefined offset: 1 /var/www/caipiao/Application/Admin/Controller/CurlController.class.php 第 63 行.
NOTIC: [8] Undefined offset: 1 /var/www/caipiao/Application/Admin/Controller/CurlController.class.php 第 63 行.
NOTIC: [8] Undefined offset: 1 /var/www/caipiao/Application/Admin/Controller/CurlController.class.php 第 63 行.
NOTIC: [8] Undefined offset: 1 /var/www/caipiao/Application/Admin/Controller/CurlController.class.php 第 63 行.
NOTIC: [8] Undefined offset: 1 /var/www/caipiao/Application/Admin/Controller/CurlController.class.php 第 63 行.
NOTIC: [8] Undefined offset: 1 /var/www/caipiao/Application/Admin/Controller/CurlController.class.php 第 63 行.
NOTIC: [8] Undefined offset: 1 /var/www/caipiao/Application/Admin/Controller/CurlController.class.php 第 63 行.
NOTIC: [8] Undefined offset: 1 /var/www/caipiao/Application/Admin/Controller/CurlController.class.php 第 63 行.
NOTIC: [8] Undefined offset: 1 /var/www/caipiao/Application/Admin/Controller/CurlController.class.php 第 63 行.
NOTIC: [8] Undefined offset: 1 /var/www/caipiao/Application/Admin/Controller/CurlController.class.php 第 63 行.
NOTIC: [8] Undefined offset: 1 /var/www/caipiao/Application/Admin/Controller/CurlController.class.php 第 63 行.
NOTIC: [8] Undefined offset: 1 /var/www/caipiao/Application/Admin/Controller/CurlController.class.php 第 63 行.
NOTIC: [8] Undefined offset: 1 /var/www/caipiao/Application/Admin/Controller/CurlController.class.php 第 63 行.
NOTIC: [8] Undefined offset: 1 /var/www/caipiao/Application/Admin/Controller/CurlController.class.php 第 63 行.
NOTIC: [8] Undefined offset: 1 /var/www/caipiao/Application/Admin/Controller/CurlController.class.php 第 63 行.
NOTIC: [8] Undefined index: allcode /var/www/caipiao/Application/Admin/Controller/CurlController.class.php 第 90 行.
SQL: SHOW COLUMNS FROM `bocai_shuangse` [ RunTime:0.0041s ]
SQL: INSERT INTO `bocai_shuangse` (`times`,`allcode`,`red1`,`red2`,`red3`,`red4`,`red5`,`red6`,`blue`) VALUES ('2017075','01,03,06,19,21,29,07','01','03','06','19','21','29','07') [ RunTime:0.0025s ]
SQL: SHOW COLUMNS FROM `bocai_shuangseyi` [ RunTime:0.0023s ]
SQL: INSERT INTO `bocai_shuangseyi` (`times`,`redyilou`,`blueyilou`) VALUES ('2017075','[\"0\",\"1\",\"0\",\"8\",\"10\",\"0\",\"13\",\"10\",\"16\",\"7\",\"3\",\"6\",\"15\",\"3\",\"16\",\"1\",\"9\",\"8\",\"0\",\"12\",\"0\",\"5\",\"1\",\"11\",\"5\",\"2\",\"14\",\"11\",\"0\",\"1\",\"1\",\"4\",\"21\"]','[\"60\",\"1\",\"4\",\"8\",\"6\",\"19\",\"0\",\"21\",\"16\",\"13\",\"14\",\"5\",\"41\",\"2\",\"7\",\"18\"]') [ RunTime:0.0023s ]
NOTIC: [8] Undefined index: allcode /var/www/caipiao/Application/Admin/Controller/CurlController.class.php 第 90 行.
SQL: SHOW COLUMNS FROM `bocai_shuangse` [ RunTime:0.0050s ]
SQL: INSERT INTO `bocai_shuangse` (`times`,`allcode`,`red1`,`red2`,`red3`,`red4`,`red5`,`red6`,`blue`) VALUES ('2017076','01,04,08,09,14,15,13','01','04','08','09','14','15','13') [ RunTime:0.0025s ]
SQL: SHOW COLUMNS FROM `bocai_shuangseyi` [ RunTime:0.0025s ]
SQL: INSERT INTO `bocai_shuangseyi` (`times`,`redyilou`,`blueyilou`) VALUES ('2017076','[\"0\",\"2\",\"1\",\"0\",\"11\",\"1\",\"14\",\"0\",\"0\",\"8\",\"4\",\"7\",\"16\",\"0\",\"0\",\"2\",\"10\",\"9\",\"1\",\"13\",\"1\",\"6\",\"0\",\"0\",\"0\",\"0\",\"0\",\"0\",\"0\",\"0\",\"0\",\"0\",\"0\"]','[\"61\",\"2\",\"5\",\"9\",\"7\",\"20\",\"1\",\"22\",\"17\",\"14\",\"15\",\"6\",\"0\",\"3\",\"8\",\"19\"]') [ RunTime:0.0018s ]
NOTIC: [8] Undefined index: allcode /var/www/caipiao/Application/Admin/Controller/CurlController.class.php 第 90 行.
SQL: SHOW COLUMNS FROM `bocai_shuangse` [ RunTime:0.0013s ]
SQL: INSERT INTO `bocai_shuangse` (`times`,`allcode`,`red1`,`red2`,`red3`,`red4`,`red5`,`red6`,`blue`) VALUES ('2017077','01,02,04,15,17,22,14','01','02','04','15','17','22','14') [ RunTime:0.0011s ]
SQL: SHOW COLUMNS FROM `bocai_shuangseyi` [ RunTime:0.0013s ]
SQL: INSERT INTO `bocai_shuangseyi` (`times`,`redyilou`,`blueyilou`) VALUES ('2017077','[\"0\",\"0\",\"2\",\"0\",\"12\",\"2\",\"15\",\"1\",\"1\",\"9\",\"5\",\"8\",\"17\",\"1\",\"0\",\"3\",\"0\",\"10\",\"2\",\"14\",\"2\",\"0\",\"0\",\"0\",\"0\",\"0\",\"0\",\"0\",\"0\",\"0\",\"0\",\"0\",\"0\"]','[\"62\",\"3\",\"6\",\"10\",\"8\",\"21\",\"2\",\"23\",\"18\",\"15\",\"16\",\"7\",\"1\",\"0\",\"9\",\"20\"]') [ RunTime:0.0015s ]
NOTIC: [8] Undefined index: allcode /var/www/caipiao/Application/Admin/Controller/CurlController.class.php 第 90 行.
SQL: SHOW COLUMNS FROM `bocai_shuangse` [ RunTime:0.0018s ]
SQL: INSERT INTO `bocai_shuangse` (`times`,`allcode`,`red1`,`red2`,`red3`,`red4`,`red5`,`red6`,`blue`) VALUES ('2017078','05,07,18,19,22,24,16','05','07','18','19','22','24','16') [ RunTime:0.0015s ]
SQL: SHOW COLUMNS FROM `bocai_shuangseyi` [ RunTime:0.0014s ]
SQL: INSERT INTO `bocai_shuangseyi` (`times`,`redyilou`,`blueyilou`) VALUES ('2017078','[\"1\",\"1\",\"3\",\"1\",\"0\",\"3\",\"0\",\"2\",\"2\",\"10\",\"6\",\"9\",\"18\",\"2\",\"1\",\"4\",\"1\",\"0\",\"0\",\"15\",\"3\",\"0\",\"4\",\"0\",\"8\",\"5\",\"17\",\"14\",\"3\",\"4\",\"4\",\"7\",\"24\"]','[\"63\",\"4\",\"7\",\"11\",\"9\",\"22\",\"3\",\"24\",\"19\",\"16\",\"17\",\"8\",\"2\",\"1\",\"10\",\"0\"]') [ RunTime:0.0015s ]
NOTIC: [8] Undefined index: allcode /var/www/caipiao/Application/Admin/Controller/CurlController.class.php 第 90 行.
SQL: SHOW COLUMNS FROM `bocai_shuangse` [ RunTime:0.0016s ]
SQL: INSERT INTO `bocai_shuangse` (`times`,`allcode`,`red1`,`red2`,`red3`,`red4`,`red5`,`red6`,`blue`) VALUES ('2017079','03,07,14,23,25,27,08','03','07','14','23','25','27','08') [ RunTime:0.0016s ]
SQL: SHOW COLUMNS FROM `bocai_shuangseyi` [ RunTime:0.0015s ]
SQL: INSERT INTO `bocai_shuangseyi` (`times`,`redyilou`,`blueyilou`) VALUES ('2017079','[\"2\",\"2\",\"0\",\"2\",\"1\",\"4\",\"0\",\"3\",\"3\",\"11\",\"7\",\"10\",\"19\",\"0\",\"2\",\"5\",\"2\",\"1\",\"1\",\"16\",\"4\",\"1\",\"0\",\"1\",\"0\",\"6\",\"0\",\"15\",\"4\",\"5\",\"5\",\"8\",\"25\"]','[\"64\",\"5\",\"8\",\"12\",\"10\",\"23\",\"4\",\"0\",\"20\",\"17\",\"18\",\"9\",\"3\",\"2\",\"11\",\"1\"]') [ RunTime:0.0011s ]
NOTIC: [8] Undefined index: allcode /var/www/caipiao/Application/Admin/Controller/CurlController.class.php 第 90 行.
SQL: SHOW COLUMNS FROM `bocai_shuangse` [ RunTime:0.0022s ]
SQL: INSERT INTO `bocai_shuangse` (`times`,`allcode`,`red1`,`red2`,`red3`,`red4`,`red5`,`red6`,`blue`) VALUES ('2017080','01,12,16,20,22,24,08','01','12','16','20','22','24','08') [ RunTime:0.0013s ]
SQL: SHOW COLUMNS FROM `bocai_shuangseyi` [ RunTime:0.0018s ]
SQL: INSERT INTO `bocai_shuangseyi` (`times`,`redyilou`,`blueyilou`) VALUES ('2017080','[\"0\",\"3\",\"1\",\"3\",\"2\",\"5\",\"1\",\"4\",\"4\",\"12\",\"8\",\"0\",\"20\",\"1\",\"3\",\"0\",\"3\",\"2\",\"2\",\"0\",\"5\",\"0\",\"1\",\"0\",\"1\",\"7\",\"1\",\"16\",\"5\",\"6\",\"6\",\"9\",\"26\"]','[\"65\",\"6\",\"9\",\"13\",\"11\",\"24\",\"5\",\"0\",\"21\",\"18\",\"19\",\"10\",\"4\",\"3\",\"12\",\"2\"]') [ RunTime:0.0011s ]

[ 2017-07-13T11:06:20+08:00 ] 192.168.20.1 /caipiao/Admin/Pale/Show
INFO: [ app_init ] --START--
INFO: Run Behavior\BuildLiteBehavior [ RunTime:0.000086s ]
INFO: [ app_init ] --END-- [ RunTime:0.000668s ]
ERR: 模板不存在:./Application/Admin/View/curl/curl.html

[ 2017-07-13T11:06:23+08:00 ] 192.168.20.1 /caipiao/Admin/Pale/Show
INFO: [ app_init ] --START--
INFO: Run Behavior\BuildLiteBehavior [ RunTime:0.000079s ]
INFO: [ app_init ] --END-- [ RunTime:0.000599s ]
ERR: 模板不存在:./Application/Admin/View/curl/curl.html

[ 2017-07-13T11:06:44+08:00 ] 192.168.20.1 /caipiao/Admin/Pale/Show
INFO: [ app_init ] --START--
INFO: Run Behavior\BuildLiteBehavior [ RunTime:0.000203s ]
INFO: [ app_init ] --END-- [ RunTime:0.001146s ]
ERR: 模板不存在:./Application/Admin/View/curl/curl.html

[ 2017-07-13T11:06:49+08:00 ] 192.168.20.1 /caipiao/Admin/Pale/Show
INFO: [ app_init ] --START--
INFO: Run Behavior\BuildLiteBehavior [ RunTime:0.000143s ]
INFO: [ app_init ] --END-- [ RunTime:0.001213s ]
ERR: 模板不存在:./Application/Admin/View/curl/curl.html

[ 2017-07-13T11:07:37+08:00 ] 192.168.20.1 /caipiao/Admin/Pale/Show
INFO: [ app_init ] --START--
INFO: Run Behavior\BuildLiteBehavior [ RunTime:0.000125s ]
INFO: [ app_init ] --END-- [ RunTime:0.001452s ]

[ 2017-07-13T11:08:13+08:00 ] 192.168.20.1 /caipiao/Admin/Pale/Pale
INFO: [ app_init ] --START--
INFO: Run Behavior\BuildLiteBehavior [ RunTime:0.000080s ]
INFO: [ app_init ] --END-- [ RunTime:0.000593s ]
INFO: [ app_begin ] --START--
INFO: Run Behavior\ReadHtmlCacheBehavior [ RunTime:0.000250s ]
INFO: [ app_begin ] --END-- [ RunTime:0.000582s ]
NOTIC: [2048] Declaration of Admin\Controller\PaleController::Show() should be compatible with Think\Controller::show($content, $charset = '', $contentType = '', $prefix = '') /var/www/caipiao/Application/Admin/Controller/PaleController.class.php 第 0 行.
NOTIC: [8] Undefined offset: 1 /var/www/caipiao/Application/Admin/Controller/PaleController.class.php 第 62 行.
NOTIC: [8] Undefined offset: 1 /var/www/caipiao/Application/Admin/Controller/PaleController.class.php 第 62 行.
NOTIC: [8] Undefined offset: 1 /var/www/caipiao/Application/Admin/Controller/PaleController.class.php 第 62 行.
NOTIC: [8] Undefined offset: 1 /var/www/caipiao/Application/Admin/Controller/PaleController.class.php 第 62 行.
NOTIC: [8] Undefined offset: 1 /var/www/caipiao/Application/Admin/Controller/PaleController.class.php 第 62 行.
NOTIC: [8] Undefined offset: 1 /var/www/caipiao/Application/Admin/Controller/PaleController.class.php 第 62 行.
NOTIC: [8] Undefined offset: 1 /var/www/caipiao/Application/Admin/Controller/PaleController.class.php 第 62 行.
NOTIC: [8] Undefined offset: 1 /var/www/caipiao/Application/Admin/Controller/PaleController.class.php 第 62 行.
NOTIC: [8] Undefined offset: 1 /var/www/caipiao/Application/Admin/Controller/PaleController.class.php 第 62 行.
NOTIC: [8] Undefined offset: 1 /var/www/caipiao/Application/Admin/Controller/PaleController.class.php 第 62 行.
NOTIC: [8] Undefined offset: 1 /var/www/caipiao/Application/Admin/Controller/PaleController.class.php 第 62 行.
NOTIC: [8] Undefined offset: 1 /var/www/caipiao/Application/Admin/Controller/PaleController.class.php 第 62 行.
NOTIC: [8] Undefined offset: 1 /var/www/caipiao/Application/Admin/Controller/PaleController.class.php 第 62 行.
NOTIC: [8] Undefined offset: 1 /var/www/caipiao/Application/Admin/Controller/PaleController.class.php 第 62 行.
NOTIC: [8] Undefined offset: 1 /var/www/caipiao/Application/Admin/Controller/PaleController.class.php 第 62 行.
NOTIC: [8] Undefined offset: 1 /var/www/caipiao/Application/Admin/Controller/PaleController.class.php 第 62 行.
NOTIC: [8] Undefined offset: 1 /var/www/caipiao/Application/Admin/Controller/PaleController.class.php 第 62 行.
NOTIC: [8] Undefined offset: 1 /var/www/caipiao/Application/Admin/Controller/PaleController.class.php 第 62 行.
NOTIC: [8] Undefined offset: 1 /var/www/caipiao/Application/Admin/Controller/PaleController.class.php 第 62 行.
NOTIC: [8] Undefined offset: 1 /var/www/caipiao/Application/Admin/Controller/PaleController.class.php 第 62 行.
NOTIC: [8] Undefined offset: 1 /var/www/caipiao/Application/Admin/Controller/PaleController.class.php 第 62 行.
NOTIC: [8] Undefined offset: 1 /var/www/caipiao/Application/Admin/Controller/PaleController.class.php 第 62 行.
NOTIC: [8] Undefined offset: 1 /var/www/caipiao/Application/Admin/Controller/PaleController.class.php 第 62 行.
NOTIC: [8] Undefined offset: 1 /var/www/caipiao/Application/Admin/Controller/PaleController.class.php 第 62 行.
NOTIC: [8] Undefined offset: 1 /var/www/caipiao/Application/Admin/Controller/PaleController.class.php 第 62 行.
NOTIC: [8] Undefined offset: 1 /var/www/caipiao/Application/Admin/Controller/PaleController.class.php 第 62 行.
NOTIC: [8] Undefined offset: 1 /var/www/caipiao/Application/Admin/Controller/PaleController.class.php 第 62 行.
NOTIC: [8] Undefined offset: 1 /var/www/caipiao/Application/Admin/Controller/PaleController.class.php 第 62 行.
NOTIC: [8] Undefined offset: 1 /var/www/caipiao/Application/Admin/Controller/PaleController.class.php 第 62 行.
NOTIC: [8] Undefined offset: 1 /var/www/caipiao/Application/Admin/Controller/PaleController.class.php 第 62 行.
NOTIC: [8] Undefined offset: 1 /var/www/caipiao/Application/Admin/Controller/PaleController.class.php 第 62 行.
NOTIC: [8] Undefined offset: 1 /var/www/caipiao/Application/Admin/Controller/PaleController.class.php 第 62 行.
NOTIC: [8] Undefined offset: 1 /var/www/caipiao/Application/Admin/Controller/PaleController.class.php 第 62 行.
NOTIC: [8] Undefined offset: 1 /var/www/caipiao/Application/Admin/Controller/PaleController.class.php 第 62 行.
NOTIC: [8] Undefined offset: 1 /var/www/caipiao/Application/Admin/Controller/PaleController.class.php 第 62 行.
NOTIC: [8] Undefined offset: 1 /var/www/caipiao/Application/Admin/Controller/PaleController.class.php 第 62 行.
NOTIC: [8] Undefined index: allcode /var/www/caipiao/Application/Admin/Controller/PaleController.class.php 第 87 行.
SQL: SHOW COLUMNS FROM `bocai_letou` [ RunTime:0.0026s ]
SQL: INSERT INTO `bocai_letou` (`times`,`allcode`,`red1`,`red2`,`red3`,`red4`,`red5`,`blue1`,`blue2`) VALUES ('2017075','05,11,16,18,35,01,06','05','11','16','18','35','01','06') [ RunTime:0.0021s ]
SQL: SHOW COLUMNS FROM `bocai_leyi` [ RunTime:0.0023s ]
SQL: INSERT INTO `bocai_leyi` (`times`,`redyi`,`blueyi`) VALUES ('2017075','[\"3\",\"33\",\"3\",\"4\",\"0\",\"5\",\"2\",\"1\",\"15\",\"1\",\"0\",\"10\",\"1\",\"4\",\"9\",\"0\",\"1\",\"0\",\"7\",\"6\",\"12\",\"12\",\"6\",\"7\",\"14\",\"5\",\"7\",\"2\",\"3\",\"5\",\"2\",\"3\",\"2\",\"3\",\"0\"]','[\"0\",\"2\",\"5\",\"11\",\"3\",\"0\",\"4\",\"1\",\"20\",\"8\",\"1\",\"10\"]') [ RunTime:0.0031s ]
NOTIC: [8] Undefined index: allcode /var/www/caipiao/Application/Admin/Controller/PaleController.class.php 第 87 行.
SQL: SHOW COLUMNS FROM `bocai_letou` [ RunTime:0.0023s ]
SQL: INSERT INTO `bocai_letou` (`times`,`allcode`,`red1`,`red2`,`red3`,`red4`,`red5`,`blue1`,`blue2`) VALUES ('2017076','02,07,25,30,35,07,12','02','07','25','30','35','07','12') [ RunTime:0.0030s ]
SQL: SHOW COLUMNS FROM `bocai_leyi` [ RunTime:0.0018s ]
SQL: INSERT INTO `bocai_leyi` (`times`,`redyi`,`blueyi`) VALUES ('2017076','[\"4\",\"0\",\"4\",\"5\",\"1\",\"6\",\"0\",\"2\",\"16\",\"2\",\"1\",\"11\",\"0\",\"0\",\"0\",\"0\",\"0\",\"0\",\"0\",\"0\",\"0\",\"0\",\"0\",\"0\",\"0\",\"6\",\"8\",\"3\",\"4\",\"0\",\"3\",\"4\",\"3\",\"4\",\"0\"]','[\"1\",\"3\",\"6\",\"12\",\"4\",\"1\",\"0\",\"2\",\"21\",\"9\",\"2\",\"0\"]') [ RunTime:0.0334s ]
NOTIC: [8] Undefined index: allcode /var/www/caipiao/Application/Admin/Controller/PaleController.class.php 第 87 行.
SQL: SHOW COLUMNS FROM `bocai_letou` [ RunTime:0.0021s ]
SQL: INSERT INTO `bocai_letou` (`times`,`allcode`,`red1`,`red2`,`red3`,`red4`,`red5`,`blue1`,`blue2`) VALUES ('2017077','01,03,04,25,31,06,09','01','03','04','25','31','06','09') [ RunTime:0.0018s ]
SQL: SHOW COLUMNS FROM `bocai_leyi` [ RunTime:0.0020s ]
SQL: INSERT INTO `bocai_leyi` (`times`,`redyi`,`blueyi`) VALUES ('2017077','[\"0\",\"1\",\"0\",\"0\",\"2\",\"7\",\"1\",\"3\",\"17\",\"3\",\"2\",\"12\",\"0\",\"0\",\"0\",\"0\",\"0\",\"0\",\"0\",\"0\",\"0\",\"0\",\"0\",\"0\",\"0\",\"7\",\"9\",\"4\",\"5\",\"1\",\"0\",\"5\",\"4\",\"5\",\"1\"]','[\"2\",\"4\",\"7\",\"13\",\"5\",\"0\",\"1\",\"3\",\"0\",\"10\",\"3\",\"1\"]') [ RunTime:0.0012s ]
NOTIC: [8] Undefined index: allcode /var/www/caipiao/Application/Admin/Controller/PaleController.class.php 第 87 行.
SQL: SHOW COLUMNS FROM `bocai_letou` [ RunTime:0.0018s ]
SQL: INSERT INTO `bocai_letou` (`times`,`allcode`,`red1`,`red2`,`red3`,`red4`,`red5`,`blue1`,`blue2`) VALUES ('2017078','04,05,27,31,34,03,06','04','05','27','31','34','03','06') [ RunTime:0.0017s ]
SQL: SHOW COLUMNS FROM `bocai_leyi` [ RunTime:0.0018s ]
SQL: INSERT INTO `bocai_leyi` (`times`,`redyi`,`blueyi`) VALUES ('2017078','[\"1\",\"2\",\"1\",\"0\",\"0\",\"8\",\"2\",\"4\",\"18\",\"4\",\"3\",\"13\",\"0\",\"0\",\"0\",\"0\",\"0\",\"0\",\"0\",\"0\",\"0\",\"0\",\"0\",\"0\",\"1\",\"8\",\"0\",\"5\",\"6\",\"2\",\"0\",\"6\",\"5\",\"0\",\"2\"]','[\"3\",\"5\",\"0\",\"14\",\"6\",\"0\",\"2\",\"4\",\"1\",\"11\",\"4\",\"2\"]') [ RunTime:0.0011s ]
NOTIC: [8] Undefined index: allcode /var/www/caipiao/Application/Admin/Controller/PaleController.class.php 第 87 行.
SQL: SHOW COLUMNS FROM `bocai_letou` [ RunTime:0.0020s ]
SQL: INSERT INTO `bocai_letou` (`times`,`allcode`,`red1`,`red2`,`red3`,`red4`,`red5`,`blue1`,`blue2`) VALUES ('2017079','01,17,19,32,33,02,11','01','17','19','32','33','02','11') [ RunTime:0.0016s ]
SQL: SHOW COLUMNS FROM `bocai_leyi` [ RunTime:0.0022s ]
SQL: INSERT INTO `bocai_leyi` (`times`,`redyi`,`blueyi`) VALUES ('2017079','[\"0\",\"3\",\"2\",\"1\",\"1\",\"9\",\"3\",\"5\",\"19\",\"5\",\"4\",\"14\",\"5\",\"8\",\"13\",\"4\",\"0\",\"4\",\"0\",\"10\",\"16\",\"16\",\"10\",\"11\",\"2\",\"9\",\"1\",\"6\",\"7\",\"3\",\"1\",\"0\",\"0\",\"1\",\"3\"]','[\"4\",\"0\",\"1\",\"15\",\"7\",\"1\",\"3\",\"5\",\"2\",\"12\",\"0\",\"3\"]') [ RunTime:0.0013s ]
NOTIC: [8] Undefined index: allcode /var/www/caipiao/Application/Admin/Controller/PaleController.class.php 第 87 行.
SQL: SHOW COLUMNS FROM `bocai_letou` [ RunTime:0.0022s ]
SQL: INSERT INTO `bocai_letou` (`times`,`allcode`,`red1`,`red2`,`red3`,`red4`,`red5`,`blue1`,`blue2`) VALUES ('2017080','08,10,21,30,31,02,05','08','10','21','30','31','02','05') [ RunTime:0.0016s ]
SQL: SHOW COLUMNS FROM `bocai_leyi` [ RunTime:0.0018s ]
SQL: INSERT INTO `bocai_leyi` (`times`,`redyi`,`blueyi`) VALUES ('2017080','[\"1\",\"4\",\"3\",\"2\",\"2\",\"10\",\"4\",\"0\",\"20\",\"0\",\"5\",\"15\",\"6\",\"9\",\"14\",\"5\",\"1\",\"5\",\"1\",\"11\",\"0\",\"17\",\"11\",\"12\",\"3\",\"10\",\"2\",\"7\",\"8\",\"0\",\"0\",\"1\",\"1\",\"2\",\"4\"]','[\"5\",\"0\",\"2\",\"16\",\"0\",\"2\",\"4\",\"6\",\"3\",\"13\",\"1\",\"4\"]') [ RunTime:0.0012s ]

[ 2017-07-13T11:16:23+08:00 ] 192.168.20.1 /caipiao/Admin/Curl/Show
INFO: [ app_init ] --START--
INFO: Run Behavior\BuildLiteBehavior [ RunTime:0.000071s ]
INFO: [ app_init ] --END-- [ RunTime:0.000766s ]

