[ 2017-07-20T17:04:51+08:00 ] 192.168.20.1 /caipiao/Admin/Pale/Show
INFO: [ app_init ] --START--
INFO: Run Behavior\BuildLiteBehavior [ RunTime:0.000077s ]
INFO: [ app_init ] --END-- [ RunTime:0.001022s ]

[ 2017-07-20T17:04:56+08:00 ] 192.168.20.1 /caipiao/Admin/Pale/Pale
INFO: [ app_init ] --START--
INFO: Run Behavior\BuildLiteBehavior [ RunTime:0.000089s ]
INFO: [ app_init ] --END-- [ RunTime:0.000613s ]
INFO: [ app_begin ] --START--
INFO: Run Behavior\ReadHtmlCacheBehavior [ RunTime:0.000203s ]
INFO: [ app_begin ] --END-- [ RunTime:0.000567s ]
NOTIC: [2048] Declaration of Admin\Controller\PaleController::Show() should be compatible with Think\Controller::show($content, $charset = '', $contentType = '', $prefix = '') /var/www/caipiao/Application/Admin/Controller/PaleController.class.php 第 0 行.
SQL: SHOW COLUMNS FROM `bocai_letou` [ RunTime:0.0018s ]
SQL: SELECT `times` FROM `bocai_letou` WHERE ( `times` = '2017081' OR `times` = '2017082' OR `times` = '2017083' )  [ RunTime:0.0015s ]
NOTIC: [8] Undefined index: allcode /var/www/caipiao/Application/Admin/Controller/PaleController.class.php 第 114 行.
SQL: SHOW COLUMNS FROM `bocai_letou` [ RunTime:0.0009s ]
SQL: INSERT INTO `bocai_letou` (`times`,`allcode`,`red1`,`red2`,`red3`,`red4`,`red5`,`blue1`,`blue2`) VALUES ('2017083','02,05,14,22,34,03,09','02','05','14','22','34','03','09') [ RunTime:0.0012s ]
SQL: SHOW COLUMNS FROM `bocai_leyi` [ RunTime:0.0008s ]
SQL: INSERT INTO `bocai_leyi` (`times`,`redyi`,`blueyi`) VALUES ('2017083','[\"4\",\"0\",\"6\",\"5\",\"0\",\"13\",\"7\",\"3\",\"23\",\"3\",\"8\",\"2\",\"1\",\"0\",\"2\",\"8\",\"4\",\"8\",\"4\",\"1\",\"1\",\"0\",\"14\",\"15\",\"1\",\"13\",\"5\",\"10\",\"11\",\"3\",\"3\",\"4\",\"4\",\"0\",\"7\"]','[\"2\",\"3\",\"0\",\"19\",\"3\",\"2\",\"7\",\"1\",\"0\",\"16\",\"4\",\"7\"]') [ RunTime:0.0005s ]

[ 2017-07-20T17:05:18+08:00 ] 192.168.20.1 /caipiao/Admin/Pale/Show
INFO: [ app_init ] --START--
INFO: Run Behavior\BuildLiteBehavior [ RunTime:0.000415s ]
INFO: [ app_init ] --END-- [ RunTime:0.001165s ]

[ 2017-07-20T17:05:21+08:00 ] 192.168.20.1 /caipiao/Admin/Pale/Show
INFO: [ app_init ] --START--
INFO: Run Behavior\BuildLiteBehavior [ RunTime:0.000088s ]
INFO: [ app_init ] --END-- [ RunTime:0.000883s ]

