[ 2017-09-17T09:11:47+08:00 ] 192.168.20.1 /Admin/Curl/Show/times/2017106
INFO: [ app_init ] --START--
INFO: Run Behavior\BuildLiteBehavior [ RunTime:0.000023s ]
INFO: [ app_init ] --END-- [ RunTime:0.000614s ]

[ 2017-09-17T09:12:02+08:00 ] 192.168.20.1 /Admin/Curlyu/Getcode
INFO: [ app_init ] --START--
INFO: Run Behavior\BuildLiteBehavior [ RunTime:0.000023s ]
INFO: [ app_init ] --END-- [ RunTime:0.000172s ]
INFO: [ app_begin ] --START--
INFO: Run Behavior\ReadHtmlCacheBehavior [ RunTime:0.000131s ]
INFO: [ app_begin ] --END-- [ RunTime:0.000264s ]
INFO: [ app_end ] --START--
INFO: Run Behavior\ShowPageTraceBehavior [ RunTime:0.000106s ]
INFO: [ app_end ] --END-- [ RunTime:0.000243s ]

[ 2017-09-17T09:12:03+08:00 ] 192.168.20.1 /Admin/Curlyu/Indata/times/2017106
INFO: [ app_init ] --START--
INFO: Run Behavior\BuildLiteBehavior [ RunTime:0.000020s ]
INFO: [ app_init ] --END-- [ RunTime:0.000206s ]
INFO: [ app_begin ] --START--
INFO: Run Behavior\ReadHtmlCacheBehavior [ RunTime:0.000046s ]
INFO: [ app_begin ] --END-- [ RunTime:0.000111s ]
SQL: SHOW COLUMNS FROM `bocai_shuangseyuce` [ RunTime:0.0008s ]
SQL: SELECT `times` FROM `bocai_shuangseyuce` ORDER BY times desc LIMIT 1   [ RunTime:0.0004s ]
ERR: 1062:Duplicate entry '2017107' for key 'times'
 [ SQL语句 ] : INSERT INTO `bocai_shuangseyuce` (`code`,`times`) VALUES ('[\'24\', \'11\', \'21\', \'28\', \'29\', \'33\', \'5\', \'10\']','2017107')
ERR: 1062:Duplicate entry '2017107' for key 'times'
 [ SQL语句 ] : INSERT INTO `bocai_shuangseyuce` (`code`,`times`) VALUES ('[\'24\', \'11\', \'21\', \'28\', \'29\', \'33\', \'5\', \'10\']','2017107')

[ 2017-09-17T09:12:08+08:00 ] 192.168.20.1 /Admin/Curlyu/Indata/times/2017106
INFO: [ app_init ] --START--
INFO: Run Behavior\BuildLiteBehavior [ RunTime:0.000031s ]
INFO: [ app_init ] --END-- [ RunTime:0.000220s ]
INFO: [ app_begin ] --START--
INFO: Run Behavior\ReadHtmlCacheBehavior [ RunTime:0.000066s ]
INFO: [ app_begin ] --END-- [ RunTime:0.000149s ]
SQL: SHOW COLUMNS FROM `bocai_shuangseyuce` [ RunTime:0.0012s ]
SQL: SELECT `times` FROM `bocai_shuangseyuce` ORDER BY times desc LIMIT 1   [ RunTime:0.0002s ]
ERR: 1062:Duplicate entry '2017107' for key 'times'
 [ SQL语句 ] : INSERT INTO `bocai_shuangseyuce` (`code`,`times`) VALUES ('[\'24\', \'11\', \'21\', \'28\', \'29\', \'33\', \'5\', \'10\']','2017107')
ERR: 1062:Duplicate entry '2017107' for key 'times'
 [ SQL语句 ] : INSERT INTO `bocai_shuangseyuce` (`code`,`times`) VALUES ('[\'24\', \'11\', \'21\', \'28\', \'29\', \'33\', \'5\', \'10\']','2017107')

[ 2017-09-17T09:13:20+08:00 ] 192.168.20.1 /Admin/Curl/Show/times/2017106
INFO: [ app_init ] --START--
INFO: Run Behavior\BuildLiteBehavior [ RunTime:0.000026s ]
INFO: [ app_init ] --END-- [ RunTime:0.000340s ]

[ 2017-09-17T09:13:21+08:00 ] 192.168.20.1 /Admin/Curlyu/Getcode
INFO: [ app_init ] --START--
INFO: Run Behavior\BuildLiteBehavior [ RunTime:0.000043s ]
INFO: [ app_init ] --END-- [ RunTime:0.000667s ]
INFO: [ app_begin ] --START--
INFO: Run Behavior\ReadHtmlCacheBehavior [ RunTime:0.000106s ]
INFO: [ app_begin ] --END-- [ RunTime:0.000211s ]
INFO: [ app_end ] --START--
INFO: Run Behavior\ShowPageTraceBehavior [ RunTime:0.000097s ]
INFO: [ app_end ] --END-- [ RunTime:0.000289s ]

[ 2017-09-17T09:13:26+08:00 ] 192.168.20.1 /Admin/Curlyu/Indata/times/2017106
INFO: [ app_init ] --START--
INFO: Run Behavior\BuildLiteBehavior [ RunTime:0.000018s ]
INFO: [ app_init ] --END-- [ RunTime:0.000119s ]
INFO: [ app_begin ] --START--
INFO: Run Behavior\ReadHtmlCacheBehavior [ RunTime:0.000072s ]
INFO: [ app_begin ] --END-- [ RunTime:0.000168s ]
SQL: SHOW COLUMNS FROM `bocai_shuangseyuce` [ RunTime:0.0009s ]
SQL: SELECT `times` FROM `bocai_shuangseyuce` ORDER BY times desc LIMIT 1   [ RunTime:0.0003s ]
ERR: 1062:Duplicate entry '2017107' for key 'times'
 [ SQL语句 ] : INSERT INTO `bocai_shuangseyuce` (`code`,`times`) VALUES ('[\'24\', \'11\', \'21\', \'28\', \'29\', \'33\', \'8\', \'10\']','2017107')
ERR: 1062:Duplicate entry '2017107' for key 'times'
 [ SQL语句 ] : INSERT INTO `bocai_shuangseyuce` (`code`,`times`) VALUES ('[\'24\', \'11\', \'21\', \'28\', \'29\', \'33\', \'8\', \'10\']','2017107')

[ 2017-09-17T09:13:30+08:00 ] 192.168.20.1 /Admin/Curlyu/Indata/times/2017106
INFO: [ app_init ] --START--
INFO: Run Behavior\BuildLiteBehavior [ RunTime:0.000033s ]
INFO: [ app_init ] --END-- [ RunTime:0.000192s ]
INFO: [ app_begin ] --START--
INFO: Run Behavior\ReadHtmlCacheBehavior [ RunTime:0.000043s ]
INFO: [ app_begin ] --END-- [ RunTime:0.000102s ]
SQL: SHOW COLUMNS FROM `bocai_shuangseyuce` [ RunTime:0.0007s ]
SQL: SELECT `times` FROM `bocai_shuangseyuce` ORDER BY times desc LIMIT 1   [ RunTime:0.0003s ]
ERR: 1062:Duplicate entry '2017107' for key 'times'
 [ SQL语句 ] : INSERT INTO `bocai_shuangseyuce` (`code`,`times`) VALUES ('[\'24\', \'11\', \'21\', \'28\', \'29\', \'33\', \'8\', \'10\']','2017107')
ERR: 1062:Duplicate entry '2017107' for key 'times'
 [ SQL语句 ] : INSERT INTO `bocai_shuangseyuce` (`code`,`times`) VALUES ('[\'24\', \'11\', \'21\', \'28\', \'29\', \'33\', \'8\', \'10\']','2017107')

[ 2017-09-17T09:14:17+08:00 ] 192.168.20.1 /caipiao/Admin/Curl/Show/times/2017106
INFO: [ app_init ] --START--
INFO: Run Behavior\BuildLiteBehavior [ RunTime:0.000111s ]
INFO: [ app_init ] --END-- [ RunTime:0.000837s ]

[ 2017-09-17T09:14:18+08:00 ] 192.168.20.1 /caipiao/Admin/Curlyu/Getcode
INFO: [ app_init ] --START--
INFO: Run Behavior\BuildLiteBehavior [ RunTime:0.000165s ]
INFO: [ app_init ] --END-- [ RunTime:0.000942s ]
INFO: [ app_begin ] --START--
INFO: Run Behavior\ReadHtmlCacheBehavior [ RunTime:0.000308s ]
INFO: [ app_begin ] --END-- [ RunTime:0.000781s ]
INFO: [ app_end ] --START--
INFO: Run Behavior\ShowPageTraceBehavior [ RunTime:0.000227s ]
INFO: [ app_end ] --END-- [ RunTime:0.000596s ]

[ 2017-09-17T09:14:19+08:00 ] 192.168.20.1 /caipiao/Admin/Curlyu/Indata/times/2017106
INFO: [ app_init ] --START--
INFO: Run Behavior\BuildLiteBehavior [ RunTime:0.000068s ]
INFO: [ app_init ] --END-- [ RunTime:0.000629s ]
INFO: [ app_begin ] --START--
INFO: Run Behavior\ReadHtmlCacheBehavior [ RunTime:0.000169s ]
INFO: [ app_begin ] --END-- [ RunTime:0.000510s ]
SQL: SHOW COLUMNS FROM `bocai_shuangseyuce` [ RunTime:0.0008s ]
SQL: SELECT `times` FROM `bocai_shuangseyuce` ORDER BY times desc LIMIT 1   [ RunTime:0.0003s ]
ERR: 1062:Duplicate entry '2017107' for key 'times'
 [ SQL语句 ] : INSERT INTO `bocai_shuangseyuce` (`code`,`times`) VALUES ('[\'24\', \'11\', \'21\', \'28\', \'29\', \'33\', \'8\', \'5\']','2017107')
ERR: 1062:Duplicate entry '2017107' for key 'times'
 [ SQL语句 ] : INSERT INTO `bocai_shuangseyuce` (`code`,`times`) VALUES ('[\'24\', \'11\', \'21\', \'28\', \'29\', \'33\', \'8\', \'5\']','2017107')

[ 2017-09-17T09:14:57+08:00 ] 192.168.20.1 /caipiao/Admin/Curl/Curl
INFO: [ app_init ] --START--
INFO: Run Behavior\BuildLiteBehavior [ RunTime:0.000130s ]
INFO: [ app_init ] --END-- [ RunTime:0.001259s ]
INFO: [ app_begin ] --START--
INFO: Run Behavior\ReadHtmlCacheBehavior [ RunTime:0.000195s ]
INFO: [ app_begin ] --END-- [ RunTime:0.000586s ]
NOTIC: [2048] Declaration of Admin\Controller\CurlController::Show() should be compatible with Think\Controller::show($content, $charset = '', $contentType = '', $prefix = '') /var/www/caipiao/Application/Admin/Controller/CurlController.class.php 第 0 行.
SQL: SHOW COLUMNS FROM `bocai_shuangse` [ RunTime:0.0008s ]
SQL: SELECT `times` FROM `bocai_shuangse` WHERE ( `times` = '2017105' OR `times` = '2017106' OR `times` = '2017107' )  [ RunTime:0.0006s ]

[ 2017-09-17T09:15:13+08:00 ] 192.168.20.1 /caipiao/Admin/Pale/Show/times/2017106
INFO: [ app_init ] --START--
INFO: Run Behavior\BuildLiteBehavior [ RunTime:0.000115s ]
INFO: [ app_init ] --END-- [ RunTime:0.001003s ]

[ 2017-09-17T09:15:40+08:00 ] 192.168.20.1 /caipiao/Admin/Curlyu/Getcodeb
INFO: [ app_init ] --START--
INFO: Run Behavior\BuildLiteBehavior [ RunTime:0.000081s ]
INFO: [ app_init ] --END-- [ RunTime:0.000606s ]
INFO: [ app_begin ] --START--
INFO: Run Behavior\ReadHtmlCacheBehavior [ RunTime:0.000275s ]
INFO: [ app_begin ] --END-- [ RunTime:0.000680s ]
INFO: [ app_end ] --START--
INFO: Run Behavior\ShowPageTraceBehavior [ RunTime:0.000307s ]
INFO: [ app_end ] --END-- [ RunTime:0.000620s ]

[ 2017-09-17T09:15:41+08:00 ] 192.168.20.1 /caipiao/Admin/Curlyu/Indatab/times/2017106
INFO: [ app_init ] --START--
INFO: Run Behavior\BuildLiteBehavior [ RunTime:0.000066s ]
INFO: [ app_init ] --END-- [ RunTime:0.000465s ]
INFO: [ app_begin ] --START--
INFO: Run Behavior\ReadHtmlCacheBehavior [ RunTime:0.000139s ]
INFO: [ app_begin ] --END-- [ RunTime:0.000416s ]
SQL: SHOW COLUMNS FROM `bocai_letoouyuce` [ RunTime:0.0008s ]
SQL: SELECT `times` FROM `bocai_letoouyuce` ORDER BY times desc LIMIT 1   [ RunTime:0.0006s ]
ERR: 1062:Duplicate entry '2017107' for key 'times'
 [ SQL语句 ] : INSERT INTO `bocai_letoouyuce` (`code`,`times`) VALUES ('[\'26\', \'16\', \'28\', \'8\', \'4\', \'1\', \'6\', \'8\']','2017107')
ERR: 1062:Duplicate entry '2017107' for key 'times'
 [ SQL语句 ] : INSERT INTO `bocai_letoouyuce` (`code`,`times`) VALUES ('[\'26\', \'16\', \'28\', \'8\', \'4\', \'1\', \'6\', \'8\']','2017107')

[ 2017-09-17T09:15:47+08:00 ] 192.168.20.1 /caipiao/Admin/Pale/Pale
INFO: [ app_init ] --START--
INFO: Run Behavior\BuildLiteBehavior [ RunTime:0.000130s ]
INFO: [ app_init ] --END-- [ RunTime:0.000937s ]
INFO: [ app_begin ] --START--
INFO: Run Behavior\ReadHtmlCacheBehavior [ RunTime:0.000217s ]
INFO: [ app_begin ] --END-- [ RunTime:0.000597s ]
NOTIC: [2048] Declaration of Admin\Controller\PaleController::Show() should be compatible with Think\Controller::show($content, $charset = '', $contentType = '', $prefix = '') /var/www/caipiao/Application/Admin/Controller/PaleController.class.php 第 0 行.
SQL: SHOW COLUMNS FROM `bocai_letou` [ RunTime:0.0019s ]
SQL: SELECT `times` FROM `bocai_letou` WHERE ( `times` = '2017104' OR `times` = '2017105' OR `times` = '2017106' OR `times` = '2017107' )  [ RunTime:0.0015s ]
NOTIC: [8] Undefined index: allcode /var/www/caipiao/Application/Admin/Controller/PaleController.class.php 第 114 行.
SQL: SHOW COLUMNS FROM `bocai_letou` [ RunTime:0.0020s ]
SQL: INSERT INTO `bocai_letou` (`times`,`allcode`,`red1`,`red2`,`red3`,`red4`,`red5`,`blue1`,`blue2`) VALUES ('2017107','04,10,19,25,27,06,12','04','10','19','25','27','06','12') [ RunTime:0.0141s ]
SQL: SHOW COLUMNS FROM `bocai_leyi` [ RunTime:0.0020s ]
SQL: INSERT INTO `bocai_leyi` (`times`,`redyi`,`blueyi`) VALUES ('2017107','[\"5\",\"7\",\"11\",\"0\",\"6\",\"9\",\"10\",\"8\",\"1\",\"0\",\"3\",\"1\",\"22\",\"10\",\"2\",\"16\",\"8\",\"1\",\"0\",\"4\",\"6\",\"2\",\"1\",\"2\",\"0\",\"37\",\"0\",\"11\",\"1\",\"3\",\"7\",\"2\",\"12\",\"10\",\"9\"]','[\"7\",\"1\",\"4\",\"1\",\"6\",\"0\",\"8\",\"5\",\"2\",\"9\",\"3\",\"0\"]') [ RunTime:0.0015s ]

[ 2017-09-17T09:15:53+08:00 ] 192.168.20.1 /caipiao/Admin/Pale/Show/times/2017107
INFO: [ app_init ] --START--
INFO: Run Behavior\BuildLiteBehavior [ RunTime:0.000114s ]
INFO: [ app_init ] --END-- [ RunTime:0.000938s ]

[ 2017-09-17T09:15:57+08:00 ] 192.168.20.1 /caipiao/Admin/Curlyu/Getcodeb
INFO: [ app_init ] --START--
INFO: Run Behavior\BuildLiteBehavior [ RunTime:0.000147s ]
INFO: [ app_init ] --END-- [ RunTime:0.001125s ]
INFO: [ app_begin ] --START--
INFO: Run Behavior\ReadHtmlCacheBehavior [ RunTime:0.000282s ]
INFO: [ app_begin ] --END-- [ RunTime:0.000902s ]
INFO: [ app_end ] --START--
INFO: Run Behavior\ShowPageTraceBehavior [ RunTime:0.000260s ]
INFO: [ app_end ] --END-- [ RunTime:0.000681s ]

[ 2017-09-17T09:15:57+08:00 ] 192.168.20.1 /caipiao/Admin/Curlyu/Indatab/times/2017107
INFO: [ app_init ] --START--
INFO: Run Behavior\BuildLiteBehavior [ RunTime:0.000066s ]
INFO: [ app_init ] --END-- [ RunTime:0.000576s ]
INFO: [ app_begin ] --START--
INFO: Run Behavior\ReadHtmlCacheBehavior [ RunTime:0.000140s ]
INFO: [ app_begin ] --END-- [ RunTime:0.000458s ]
SQL: SHOW COLUMNS FROM `bocai_letoouyuce` [ RunTime:0.0007s ]
SQL: SELECT `times` FROM `bocai_letoouyuce` ORDER BY times desc LIMIT 1   [ RunTime:0.0002s ]

[ 2017-09-17T09:16:21+08:00 ] 192.168.20.1 /caipiao/Admin/Pale/Pale
INFO: [ app_init ] --START--
INFO: Run Behavior\BuildLiteBehavior [ RunTime:0.000071s ]
INFO: [ app_init ] --END-- [ RunTime:0.000526s ]
INFO: [ app_begin ] --START--
INFO: Run Behavior\ReadHtmlCacheBehavior [ RunTime:0.000168s ]
INFO: [ app_begin ] --END-- [ RunTime:0.000532s ]
NOTIC: [2048] Declaration of Admin\Controller\PaleController::Show() should be compatible with Think\Controller::show($content, $charset = '', $contentType = '', $prefix = '') /var/www/caipiao/Application/Admin/Controller/PaleController.class.php 第 0 行.
SQL: SHOW COLUMNS FROM `bocai_letou` [ RunTime:0.0008s ]
SQL: SELECT `times` FROM `bocai_letou` WHERE ( `times` = '2017104' OR `times` = '2017105' OR `times` = '2017106' OR `times` = '2017107' OR `times` = '2017108' )  [ RunTime:0.0005s ]
NOTIC: [8] Undefined index: allcode /var/www/caipiao/Application/Admin/Controller/PaleController.class.php 第 114 行.
SQL: SHOW COLUMNS FROM `bocai_letou` [ RunTime:0.0009s ]
SQL: INSERT INTO `bocai_letou` (`times`,`allcode`,`red1`,`red2`,`red3`,`red4`,`red5`,`blue1`,`blue2`) VALUES ('2017108','01,04,15,21,22,04,09','01','04','15','21','22','04','09') [ RunTime:0.0007s ]
SQL: SHOW COLUMNS FROM `bocai_leyi` [ RunTime:0.0010s ]
SQL: INSERT INTO `bocai_leyi` (`times`,`redyi`,`blueyi`) VALUES ('2017108','[\"0\",\"8\",\"12\",\"0\",\"7\",\"10\",\"11\",\"9\",\"2\",\"1\",\"4\",\"2\",\"23\",\"11\",\"0\",\"17\",\"9\",\"2\",\"1\",\"5\",\"0\",\"0\",\"2\",\"3\",\"1\",\"38\",\"1\",\"12\",\"2\",\"4\",\"8\",\"3\",\"13\",\"11\",\"10\"]','[\"8\",\"2\",\"5\",\"0\",\"7\",\"1\",\"9\",\"6\",\"0\",\"10\",\"4\",\"1\"]') [ RunTime:0.0007s ]

[ 2017-09-17T09:16:25+08:00 ] 192.168.20.1 /caipiao/Admin/Pale/Show/times/2017108
INFO: [ app_init ] --START--
INFO: Run Behavior\BuildLiteBehavior [ RunTime:0.000402s ]
INFO: [ app_init ] --END-- [ RunTime:0.000900s ]

[ 2017-09-17T09:16:27+08:00 ] 192.168.20.1 /caipiao/Admin/Curlyu/Getcodeb
INFO: [ app_init ] --START--
INFO: Run Behavior\BuildLiteBehavior [ RunTime:0.000065s ]
INFO: [ app_init ] --END-- [ RunTime:0.000498s ]
INFO: [ app_begin ] --START--
INFO: Run Behavior\ReadHtmlCacheBehavior [ RunTime:0.000178s ]
INFO: [ app_begin ] --END-- [ RunTime:0.000508s ]
INFO: [ app_end ] --START--
INFO: Run Behavior\ShowPageTraceBehavior [ RunTime:0.000619s ]
INFO: [ app_end ] --END-- [ RunTime:0.001934s ]

[ 2017-09-17T09:16:27+08:00 ] 192.168.20.1 /caipiao/Admin/Curlyu/Indatab/times/2017108
INFO: [ app_init ] --START--
INFO: Run Behavior\BuildLiteBehavior [ RunTime:0.000067s ]
INFO: [ app_init ] --END-- [ RunTime:0.000526s ]
INFO: [ app_begin ] --START--
INFO: Run Behavior\ReadHtmlCacheBehavior [ RunTime:0.000160s ]
INFO: [ app_begin ] --END-- [ RunTime:0.000457s ]
SQL: SHOW COLUMNS FROM `bocai_letoouyuce` [ RunTime:0.0006s ]
SQL: SELECT `times` FROM `bocai_letoouyuce` ORDER BY times desc LIMIT 1   [ RunTime:0.0003s ]
SQL: INSERT INTO `bocai_letoouyuce` (`code`,`times`) VALUES ('[\'26\', \'16\', \'28\', \'8\', \'21\', \'1\', \'8\', \'4\']','2017109') [ RunTime:0.0062s ]

[ 2017-09-17T09:17:05+08:00 ] 192.168.20.1 /caipiao/Admin/Curlyu/Getcodeb
INFO: [ app_init ] --START--
INFO: Run Behavior\BuildLiteBehavior [ RunTime:0.000147s ]
INFO: [ app_init ] --END-- [ RunTime:0.001322s ]
INFO: [ app_begin ] --START--
INFO: Run Behavior\ReadHtmlCacheBehavior [ RunTime:0.000225s ]
INFO: [ app_begin ] --END-- [ RunTime:0.000648s ]
INFO: [ app_end ] --START--
INFO: Run Behavior\ShowPageTraceBehavior [ RunTime:0.000321s ]
INFO: [ app_end ] --END-- [ RunTime:0.000729s ]

[ 2017-09-17T09:18:49+08:00 ] 192.168.20.1 /caipiao/Admin/Curl/Show/times/2017108
INFO: [ app_init ] --START--
INFO: Run Behavior\BuildLiteBehavior [ RunTime:0.000071s ]
INFO: [ app_init ] --END-- [ RunTime:0.000630s ]

[ 2017-09-17T09:20:30+08:00 ] 192.168.20.1 /caipiao/Admin/Curl/Curl
INFO: [ app_init ] --START--
INFO: Run Behavior\BuildLiteBehavior [ RunTime:0.000067s ]
INFO: [ app_init ] --END-- [ RunTime:0.000591s ]
INFO: [ app_begin ] --START--
INFO: Run Behavior\ReadHtmlCacheBehavior [ RunTime:0.000154s ]
INFO: [ app_begin ] --END-- [ RunTime:0.000565s ]
NOTIC: [2048] Declaration of Admin\Controller\CurlController::Show() should be compatible with Think\Controller::show($content, $charset = '', $contentType = '', $prefix = '') /var/www/caipiao/Application/Admin/Controller/CurlController.class.php 第 0 行.
SQL: SHOW COLUMNS FROM `bocai_shuangse` [ RunTime:0.0007s ]
SQL: SELECT `times` FROM `bocai_shuangse` WHERE ( `times` = '2017106' OR `times` = '2017107' OR `times` = '2017108' )  [ RunTime:0.0006s ]
NOTIC: [8] Undefined index: allcode /var/www/caipiao/Application/Admin/Controller/CurlController.class.php 第 116 行.
SQL: SHOW COLUMNS FROM `bocai_shuangse` [ RunTime:0.0007s ]
SQL: INSERT INTO `bocai_shuangse` (`times`,`allcode`,`red1`,`red2`,`red3`,`red4`,`red5`,`red6`,`blue`) VALUES ('2017108','07,12,14,15,17,20,01','07','12','14','15','17','20','01') [ RunTime:0.0007s ]
SQL: SHOW COLUMNS FROM `bocai_shuangseyi` [ RunTime:0.0007s ]
SQL: INSERT INTO `bocai_shuangseyi` (`times`,`redyilou`,`blueyilou`) VALUES ('2017108','[\"4\",\"9\",\"3\",\"6\",\"9\",\"3\",\"0\",\"1\",\"1\",\"6\",\"7\",\"0\",\"14\",\"0\",\"0\",\"9\",\"0\",\"6\",\"10\",\"0\",\"5\",\"10\",\"4\",\"8\",\"2\",\"3\",\"2\",\"7\",\"9\",\"1\",\"2\",\"1\",\"5\"]','[\"0\",\"2\",\"11\",\"9\",\"27\",\"1\",\"3\",\"28\",\"16\",\"26\",\"6\",\"15\",\"32\",\"4\",\"40\",\"7\"]') [ RunTime:0.0006s ]

[ 2017-09-17T09:20:33+08:00 ] 192.168.20.1 /caipiao/Admin/Curl/Show/times/2017108
INFO: [ app_init ] --START--
INFO: Run Behavior\BuildLiteBehavior [ RunTime:0.000072s ]
INFO: [ app_init ] --END-- [ RunTime:0.000547s ]

[ 2017-09-17T09:20:35+08:00 ] 192.168.20.1 /caipiao/Admin/Curlyu/Getcode
INFO: [ app_init ] --START--
INFO: Run Behavior\BuildLiteBehavior [ RunTime:0.000066s ]
INFO: [ app_init ] --END-- [ RunTime:0.000584s ]
INFO: [ app_begin ] --START--
INFO: Run Behavior\ReadHtmlCacheBehavior [ RunTime:0.000170s ]
INFO: [ app_begin ] --END-- [ RunTime:0.000572s ]
INFO: [ app_end ] --START--
INFO: Run Behavior\ShowPageTraceBehavior [ RunTime:0.000406s ]
INFO: [ app_end ] --END-- [ RunTime:0.001069s ]

