[ 2017-07-21T14:28:31+08:00 ] 192.168.20.1 /caipiao/Admin/Curl/Show
INFO: [ app_init ] --START--
INFO: Run Behavior\BuildLiteBehavior [ RunTime:0.000135s ]
INFO: [ app_init ] --END-- [ RunTime:0.001007s ]

[ 2017-07-21T14:29:16+08:00 ] 192.168.20.1 /caipiao/Admin/Curl/Curl
INFO: [ app_init ] --START--
INFO: Run Behavior\BuildLiteBehavior [ RunTime:0.000129s ]
INFO: [ app_init ] --END-- [ RunTime:0.001056s ]
INFO: [ app_begin ] --START--
INFO: Run Behavior\ReadHtmlCacheBehavior [ RunTime:0.000257s ]
INFO: [ app_begin ] --END-- [ RunTime:0.000945s ]
NOTIC: [2048] Declaration of Admin\Controller\CurlController::Show() should be compatible with Think\Controller::show($content, $charset = '', $contentType = '', $prefix = '') /var/www/caipiao/Application/Admin/Controller/CurlController.class.php 第 0 行.
SQL: SHOW COLUMNS FROM `bocai_shuangse` [ RunTime:0.0035s ]
SQL: SELECT `times` FROM `bocai_shuangse` WHERE ( `times` = '2017083' OR `times` = '2017084' )  [ RunTime:0.0378s ]
NOTIC: [8] Undefined index: allcode /var/www/caipiao/Application/Admin/Controller/CurlController.class.php 第 116 行.
SQL: SHOW COLUMNS FROM `bocai_shuangse` [ RunTime:0.0016s ]
SQL: INSERT INTO `bocai_shuangse` (`times`,`allcode`,`red1`,`red2`,`red3`,`red4`,`red5`,`red6`,`blue`) VALUES ('2017084','01,05,11,20,22,24,02','01','05','11','20','22','24','02') [ RunTime:0.0331s ]
SQL: SHOW COLUMNS FROM `bocai_shuangseyi` [ RunTime:0.0015s ]
SQL: INSERT INTO `bocai_shuangseyi` (`times`,`redyilou`,`blueyilou`) VALUES ('2017084','[\"0\",\"7\",\"1\",\"7\",\"0\",\"9\",\"5\",\"1\",\"8\",\"16\",\"0\",\"4\",\"24\",\"1\",\"7\",\"4\",\"7\",\"2\",\"6\",\"0\",\"2\",\"0\",\"5\",\"0\",\"2\",\"1\",\"5\",\"2\",\"2\",\"3\",\"10\",\"13\",\"30\"]','[\"69\",\"0\",\"13\",\"17\",\"3\",\"28\",\"9\",\"4\",\"25\",\"2\",\"23\",\"1\",\"8\",\"7\",\"16\",\"6\"]') [ RunTime:0.0012s ]

[ 2017-07-21T17:25:20+08:00 ] 192.168.20.1 /caipiao/Admin/Curl/Show
INFO: [ app_init ] --START--
INFO: Run Behavior\BuildLiteBehavior [ RunTime:0.009777s ]
INFO: [ app_init ] --END-- [ RunTime:0.020883s ]

[ 2017-07-21T17:29:52+08:00 ] 192.168.20.1 /caipiao/Admin/Curl/Show
INFO: [ app_init ] --START--
INFO: Run Behavior\BuildLiteBehavior [ RunTime:0.000180s ]
INFO: [ app_init ] --END-- [ RunTime:0.001357s ]

[ 2017-07-21T17:30:23+08:00 ] 192.168.20.1 /caipiao/Admin/Curl/Show
INFO: [ app_init ] --START--
INFO: Run Behavior\BuildLiteBehavior [ RunTime:0.000130s ]
INFO: [ app_init ] --END-- [ RunTime:0.001031s ]

[ 2017-07-21T17:30:29+08:00 ] 192.168.20.1 /caipiao/Admin/Curl/Show
INFO: [ app_init ] --START--
INFO: Run Behavior\BuildLiteBehavior [ RunTime:0.000123s ]
INFO: [ app_init ] --END-- [ RunTime:0.000900s ]

[ 2017-07-21T17:30:52+08:00 ] 192.168.20.1 /caipiao/Admin/Curl/Show
INFO: [ app_init ] --START--
INFO: Run Behavior\BuildLiteBehavior [ RunTime:0.000186s ]
INFO: [ app_init ] --END-- [ RunTime:0.001362s ]

