[ 2017-09-02T16:21:50+08:00 ] 192.168.20.1 /caipiao/Admin/Curl/Show/times/2017100
INFO: [ app_init ] --START--
INFO: Run Behavior\BuildLiteBehavior [ RunTime:0.000133s ]
INFO: [ app_init ] --END-- [ RunTime:0.000952s ]

[ 2017-09-02T16:23:20+08:00 ] 192.168.20.1 /caipiao/Admin/Curl/Show/times/2017100
INFO: [ app_init ] --START--
INFO: Run Behavior\BuildLiteBehavior [ RunTime:0.000073s ]
INFO: [ app_init ] --END-- [ RunTime:0.000570s ]

[ 2017-09-02T16:23:23+08:00 ] 192.168.20.1 /caipiao/Admin/Curlyu/Getcode
INFO: [ app_init ] --START--
INFO: Run Behavior\BuildLiteBehavior [ RunTime:0.000066s ]
INFO: [ app_init ] --END-- [ RunTime:0.000513s ]
INFO: [ app_begin ] --START--
INFO: Run Behavior\ReadHtmlCacheBehavior [ RunTime:0.000147s ]
INFO: [ app_begin ] --END-- [ RunTime:0.000430s ]
INFO: [ app_end ] --START--
INFO: Run Behavior\ShowPageTraceBehavior [ RunTime:0.000262s ]
INFO: [ app_end ] --END-- [ RunTime:0.000630s ]

[ 2017-09-02T16:23:24+08:00 ] 192.168.20.1 /caipiao/Admin/Curlyu/Indata/times/2017100
INFO: [ app_init ] --START--
INFO: Run Behavior\BuildLiteBehavior [ RunTime:0.000067s ]
INFO: [ app_init ] --END-- [ RunTime:0.000458s ]
INFO: [ app_begin ] --START--
INFO: Run Behavior\ReadHtmlCacheBehavior [ RunTime:0.000244s ]
INFO: [ app_begin ] --END-- [ RunTime:0.000833s ]
SQL: SHOW COLUMNS FROM `bocai_shuangseyuce` [ RunTime:0.0009s ]
SQL: SELECT `times` FROM `bocai_shuangseyuce` ORDER BY times desc LIMIT 1   [ RunTime:0.0005s ]

[ 2017-09-02T16:23:29+08:00 ] 192.168.20.1 /caipiao/Admin/Curl/Curl
INFO: [ app_init ] --START--
INFO: Run Behavior\BuildLiteBehavior [ RunTime:0.000240s ]
INFO: [ app_init ] --END-- [ RunTime:0.002198s ]
INFO: [ app_begin ] --START--
INFO: Run Behavior\ReadHtmlCacheBehavior [ RunTime:0.000588s ]
INFO: [ app_begin ] --END-- [ RunTime:0.001615s ]
NOTIC: [2048] Declaration of Admin\Controller\CurlController::Show() should be compatible with Think\Controller::show($content, $charset = '', $contentType = '', $prefix = '') /var/www/caipiao/Application/Admin/Controller/CurlController.class.php 第 0 行.
SQL: SHOW COLUMNS FROM `bocai_shuangse` [ RunTime:0.0019s ]
SQL: SELECT `times` FROM `bocai_shuangse` WHERE ( `times` = '2017100' OR `times` = '2017101' OR `times` = '2017102' )  [ RunTime:0.0048s ]
NOTIC: [8] Undefined index: allcode /var/www/caipiao/Application/Admin/Controller/CurlController.class.php 第 116 行.
SQL: SHOW COLUMNS FROM `bocai_shuangse` [ RunTime:0.0023s ]
SQL: INSERT INTO `bocai_shuangse` (`times`,`allcode`,`red1`,`red2`,`red3`,`red4`,`red5`,`red6`,`blue`) VALUES ('2017101','01,04,11,28,31,32,16','01','04','11','28','31','32','16') [ RunTime:0.0024s ]
SQL: SHOW COLUMNS FROM `bocai_shuangseyi` [ RunTime:0.0018s ]
SQL: INSERT INTO `bocai_shuangseyi` (`times`,`redyilou`,`blueyilou`) VALUES ('2017101','[\"0\",\"2\",\"14\",\"0\",\"2\",\"2\",\"1\",\"1\",\"6\",\"4\",\"0\",\"1\",\"1\",\"12\",\"18\",\"3\",\"0\",\"2\",\"3\",\"0\",\"0\",\"3\",\"3\",\"1\",\"4\",\"2\",\"20\",\"5\",\"15\",\"21\",\"9\",\"19\",\"40\"]','[\"8\",\"25\",\"24\",\"33\",\"0\"]') [ RunTime:0.0019s ]
NOTIC: [8] Undefined index: allcode /var/www/caipiao/Application/Admin/Controller/CurlController.class.php 第 116 行.
SQL: SHOW COLUMNS FROM `bocai_shuangse` [ RunTime:0.0020s ]
SQL: INSERT INTO `bocai_shuangse` (`times`,`allcode`,`red1`,`red2`,`red3`,`red4`,`red5`,`red6`,`blue`) VALUES ('2017102','04,08,10,14,18,20,11','04','08','10','14','18','20','11') [ RunTime:0.0020s ]
SQL: SHOW COLUMNS FROM `bocai_shuangseyi` [ RunTime:0.0021s ]
SQL: INSERT INTO `bocai_shuangseyi` (`times`,`redyilou`,`blueyilou`) VALUES ('2017102','[\"1\",\"3\",\"15\",\"0\",\"3\",\"3\",\"2\",\"0\",\"7\",\"0\",\"1\",\"6\",\"8\",\"0\",\"9\",\"3\",\"25\",\"0\",\"4\",\"0\",\"20\",\"4\",\"2\",\"2\",\"13\",\"19\",\"4\",\"1\",\"3\",\"4\",\"1\",\"1\",\"4\"]','[\"4\",\"2\",\"5\",\"3\",\"21\",\"6\",\"16\",\"22\",\"10\",\"20\",\"0\",\"9\",\"26\",\"25\",\"34\",\"1\"]') [ RunTime:0.0012s ]

[ 2017-09-02T16:23:46+08:00 ] 192.168.20.1 /caipiao/Admin/Curl/Show/times/2017100
INFO: [ app_init ] --START--
INFO: Run Behavior\BuildLiteBehavior [ RunTime:0.000085s ]
INFO: [ app_init ] --END-- [ RunTime:0.000568s ]

[ 2017-09-02T16:23:48+08:00 ] 192.168.20.1 /caipiao/Admin/Curlyu/Getcode
INFO: [ app_init ] --START--
INFO: Run Behavior\BuildLiteBehavior [ RunTime:0.000067s ]
INFO: [ app_init ] --END-- [ RunTime:0.000524s ]
INFO: [ app_begin ] --START--
INFO: Run Behavior\ReadHtmlCacheBehavior [ RunTime:0.000143s ]
INFO: [ app_begin ] --END-- [ RunTime:0.000488s ]
INFO: [ app_end ] --START--
INFO: Run Behavior\ShowPageTraceBehavior [ RunTime:0.000229s ]
INFO: [ app_end ] --END-- [ RunTime:0.000614s ]

[ 2017-09-02T16:23:49+08:00 ] 192.168.20.1 /caipiao/Admin/Curlyu/Indata/times/2017100
INFO: [ app_init ] --START--
INFO: Run Behavior\BuildLiteBehavior [ RunTime:0.000066s ]
INFO: [ app_init ] --END-- [ RunTime:0.000559s ]
INFO: [ app_begin ] --START--
INFO: Run Behavior\ReadHtmlCacheBehavior [ RunTime:0.000134s ]
INFO: [ app_begin ] --END-- [ RunTime:0.000422s ]
SQL: SHOW COLUMNS FROM `bocai_shuangseyuce` [ RunTime:0.0007s ]
SQL: SELECT `times` FROM `bocai_shuangseyuce` ORDER BY times desc LIMIT 1   [ RunTime:0.0002s ]

[ 2017-09-02T16:23:56+08:00 ] 192.168.20.1 /caipiao/Admin/Curl/Show/times/2017102
INFO: [ app_init ] --START--
INFO: Run Behavior\BuildLiteBehavior [ RunTime:0.000069s ]
INFO: [ app_init ] --END-- [ RunTime:0.000741s ]

[ 2017-09-02T16:23:58+08:00 ] 192.168.20.1 /caipiao/Admin/Curlyu/Getcode
INFO: [ app_init ] --START--
INFO: Run Behavior\BuildLiteBehavior [ RunTime:0.000078s ]
INFO: [ app_init ] --END-- [ RunTime:0.000665s ]
INFO: [ app_begin ] --START--
INFO: Run Behavior\ReadHtmlCacheBehavior [ RunTime:0.000183s ]
INFO: [ app_begin ] --END-- [ RunTime:0.000514s ]
INFO: [ app_end ] --START--
INFO: Run Behavior\ShowPageTraceBehavior [ RunTime:0.000201s ]
INFO: [ app_end ] --END-- [ RunTime:0.000510s ]

[ 2017-09-02T16:23:59+08:00 ] 192.168.20.1 /caipiao/Admin/Curlyu/Indata/times/2017102
INFO: [ app_init ] --START--
INFO: Run Behavior\BuildLiteBehavior [ RunTime:0.000112s ]
INFO: [ app_init ] --END-- [ RunTime:0.000997s ]
INFO: [ app_begin ] --START--
INFO: Run Behavior\ReadHtmlCacheBehavior [ RunTime:0.000173s ]
INFO: [ app_begin ] --END-- [ RunTime:0.000793s ]
SQL: SHOW COLUMNS FROM `bocai_shuangseyuce` [ RunTime:0.0009s ]
SQL: SELECT `times` FROM `bocai_shuangseyuce` ORDER BY times desc LIMIT 1   [ RunTime:0.0003s ]
SQL: INSERT INTO `bocai_shuangseyuce` (`code`,`times`) VALUES ('[\'25\', \'15\', \'21\', \'33\', \'9\', \'28\', \'8\', \'4\']','2017103') [ RunTime:0.0028s ]

[ 2017-09-02T16:24:03+08:00 ] 192.168.20.1 /caipiao/Admin/Bidui/Biduishuang
INFO: [ app_init ] --START--
INFO: Run Behavior\BuildLiteBehavior [ RunTime:0.000066s ]
INFO: [ app_init ] --END-- [ RunTime:0.000521s ]

[ 2017-09-02T16:24:07+08:00 ] 192.168.20.1 /caipiao/Admin/Curlyu/Getcode
INFO: [ app_init ] --START--
INFO: Run Behavior\BuildLiteBehavior [ RunTime:0.000068s ]
INFO: [ app_init ] --END-- [ RunTime:0.000558s ]
INFO: [ app_begin ] --START--
INFO: Run Behavior\ReadHtmlCacheBehavior [ RunTime:0.000143s ]
INFO: [ app_begin ] --END-- [ RunTime:0.000510s ]
INFO: [ app_end ] --START--
INFO: Run Behavior\ShowPageTraceBehavior [ RunTime:0.000225s ]
INFO: [ app_end ] --END-- [ RunTime:0.000568s ]

