[ 2017-09-24T16:14:27+08:00 ] 192.168.20.1 /caipiao/Admin/Curl/Show/times/2017108
INFO: [ app_init ] --START--
INFO: Run Behavior\BuildLiteBehavior [ RunTime:0.000079s ]
INFO: [ app_init ] --END-- [ RunTime:0.000541s ]

[ 2017-09-24T16:15:04+08:00 ] 192.168.20.1 /caipiao/Admin/Curl/Curl
INFO: [ app_init ] --START--
INFO: Run Behavior\BuildLiteBehavior [ RunTime:0.000122s ]
INFO: [ app_init ] --END-- [ RunTime:0.000671s ]
INFO: [ app_begin ] --START--
INFO: Run Behavior\ReadHtmlCacheBehavior [ RunTime:0.000282s ]
INFO: [ app_begin ] --END-- [ RunTime:0.000814s ]
NOTIC: [2048] Declaration of Admin\Controller\CurlController::Show() should be compatible with Think\Controller::show($content, $charset = '', $contentType = '', $prefix = '') /var/www/caipiao/Application/Admin/Controller/CurlController.class.php 第 0 行.
SQL: SHOW COLUMNS FROM `bocai_shuangse` [ RunTime:0.0023s ]
SQL: SELECT `times` FROM `bocai_shuangse` WHERE ( `times` = '2017108' OR `times` = '2017109' OR `times` = '2017110' OR `times` = '2017111' )  [ RunTime:0.0026s ]
NOTIC: [8] Undefined index: allcode /var/www/caipiao/Application/Admin/Controller/CurlController.class.php 第 116 行.
SQL: SHOW COLUMNS FROM `bocai_shuangse` [ RunTime:0.0020s ]
SQL: INSERT INTO `bocai_shuangse` (`times`,`allcode`,`red1`,`red2`,`red3`,`red4`,`red5`,`red6`,`blue`) VALUES ('2017109','08,14,16,18,21,23,16','08','14','16','18','21','23','16') [ RunTime:0.0020s ]
SQL: SHOW COLUMNS FROM `bocai_shuangseyi` [ RunTime:0.0019s ]
SQL: INSERT INTO `bocai_shuangseyi` (`times`,`redyilou`,`blueyilou`) VALUES ('2017109','[\"5\",\"10\",\"4\",\"7\",\"10\",\"4\",\"1\",\"0\",\"2\",\"7\",\"8\",\"1\",\"15\",\"0\",\"1\",\"0\",\"1\",\"0\",\"11\",\"1\",\"0\",\"11\",\"0\",\"9\",\"3\",\"4\",\"3\",\"8\",\"10\",\"2\",\"3\",\"2\",\"6\"]','[\"1\",\"3\",\"12\",\"10\",\"28\",\"2\",\"4\",\"29\",\"17\",\"27\",\"7\",\"16\",\"33\",\"5\",\"41\",\"0\"]') [ RunTime:0.0018s ]
NOTIC: [8] Undefined index: allcode /var/www/caipiao/Application/Admin/Controller/CurlController.class.php 第 116 行.
SQL: SHOW COLUMNS FROM `bocai_shuangse` [ RunTime:0.0023s ]
SQL: INSERT INTO `bocai_shuangse` (`times`,`allcode`,`red1`,`red2`,`red3`,`red4`,`red5`,`red6`,`blue`) VALUES ('2017110','01,03,12,15,19,23,14','01','03','12','15','19','23','14') [ RunTime:0.0015s ]
SQL: SHOW COLUMNS FROM `bocai_shuangseyi` [ RunTime:0.0025s ]
SQL: INSERT INTO `bocai_shuangseyi` (`times`,`redyilou`,`blueyilou`) VALUES ('2017110','[\"0\",\"11\",\"0\",\"8\",\"11\",\"5\",\"2\",\"1\",\"3\",\"8\",\"9\",\"0\",\"16\",\"1\",\"0\",\"1\",\"2\",\"1\",\"0\",\"2\",\"1\",\"12\",\"0\",\"10\",\"4\",\"5\",\"4\",\"9\",\"11\",\"3\",\"4\",\"3\",\"7\"]','[\"2\",\"4\",\"13\",\"11\",\"29\",\"3\",\"5\",\"30\",\"18\",\"28\",\"8\",\"17\",\"34\",\"0\",\"42\",\"1\"]') [ RunTime:0.0014s ]
NOTIC: [8] Undefined index: allcode /var/www/caipiao/Application/Admin/Controller/CurlController.class.php 第 116 行.
SQL: SHOW COLUMNS FROM `bocai_shuangse` [ RunTime:0.0019s ]
SQL: INSERT INTO `bocai_shuangse` (`times`,`allcode`,`red1`,`red2`,`red3`,`red4`,`red5`,`red6`,`blue`) VALUES ('2017111','05,10,17,19,29,32,12','05','10','17','19','29','32','12') [ RunTime:0.0019s ]
SQL: SHOW COLUMNS FROM `bocai_shuangseyi` [ RunTime:0.0018s ]
SQL: INSERT INTO `bocai_shuangseyi` (`times`,`redyilou`,`blueyilou`) VALUES ('2017111','[\"1\",\"12\",\"1\",\"9\",\"0\",\"6\",\"3\",\"2\",\"4\",\"0\",\"10\",\"1\",\"17\",\"2\",\"1\",\"2\",\"0\",\"2\",\"0\",\"3\",\"2\",\"13\",\"1\",\"11\",\"5\",\"6\",\"5\",\"10\",\"0\",\"4\",\"5\",\"0\",\"8\"]','[\"3\",\"5\",\"14\",\"12\",\"30\",\"4\",\"6\",\"31\",\"19\",\"29\",\"9\",\"0\",\"35\",\"1\",\"43\",\"2\"]') [ RunTime:0.0015s ]

[ 2017-09-24T16:15:06+08:00 ] 192.168.20.1 /caipiao/Admin/Curlyu/Getcode
INFO: [ app_init ] --START--
INFO: Run Behavior\BuildLiteBehavior [ RunTime:0.000078s ]
INFO: [ app_init ] --END-- [ RunTime:0.000577s ]
INFO: [ app_begin ] --START--
INFO: Run Behavior\ReadHtmlCacheBehavior [ RunTime:0.000164s ]
INFO: [ app_begin ] --END-- [ RunTime:0.000492s ]
INFO: [ app_end ] --START--
INFO: Run Behavior\ShowPageTraceBehavior [ RunTime:0.000695s ]
INFO: [ app_end ] --END-- [ RunTime:0.001192s ]

[ 2017-09-24T16:15:10+08:00 ] 192.168.20.1 /caipiao/Admin/Curl/Show/times/2017108
INFO: [ app_init ] --START--
INFO: Run Behavior\BuildLiteBehavior [ RunTime:0.000076s ]
INFO: [ app_init ] --END-- [ RunTime:0.000657s ]

[ 2017-09-24T16:15:12+08:00 ] 192.168.20.1 /caipiao/Admin/Curlyu/Getcode
INFO: [ app_init ] --START--
INFO: Run Behavior\BuildLiteBehavior [ RunTime:0.000073s ]
INFO: [ app_init ] --END-- [ RunTime:0.000481s ]
INFO: [ app_begin ] --START--
INFO: Run Behavior\ReadHtmlCacheBehavior [ RunTime:0.000147s ]
INFO: [ app_begin ] --END-- [ RunTime:0.000429s ]
INFO: [ app_end ] --START--
INFO: Run Behavior\ShowPageTraceBehavior [ RunTime:0.000494s ]
INFO: [ app_end ] --END-- [ RunTime:0.001413s ]

[ 2017-09-24T16:15:14+08:00 ] 192.168.20.1 /caipiao/Admin/Curlyu/Indata/times/2017108
INFO: [ app_init ] --START--
INFO: Run Behavior\BuildLiteBehavior [ RunTime:0.000110s ]
INFO: [ app_init ] --END-- [ RunTime:0.000812s ]
INFO: [ app_begin ] --START--
INFO: Run Behavior\ReadHtmlCacheBehavior [ RunTime:0.000296s ]
INFO: [ app_begin ] --END-- [ RunTime:0.000838s ]
SQL: SHOW COLUMNS FROM `bocai_shuangseyuce` [ RunTime:0.0008s ]
SQL: SELECT `times` FROM `bocai_shuangseyuce` ORDER BY times desc LIMIT 1   [ RunTime:0.0003s ]
SQL: INSERT INTO `bocai_shuangseyuce` (`code`,`times`) VALUES ('[\'24\', \'11\', \'33\', \'28\', \'9\', \'23\', \'5\', \'10\']','2017109') [ RunTime:0.1253s ]

[ 2017-09-24T16:15:40+08:00 ] 192.168.20.1 /caipiao/Admin/Curl/Show/times/2017108
INFO: [ app_init ] --START--
INFO: Run Behavior\BuildLiteBehavior [ RunTime:0.000116s ]
INFO: [ app_init ] --END-- [ RunTime:0.001090s ]

[ 2017-09-24T16:16:25+08:00 ] 192.168.20.1 /caipiao/Admin/Pale/Show/times/2017108
INFO: [ app_init ] --START--
INFO: Run Behavior\BuildLiteBehavior [ RunTime:0.000530s ]
INFO: [ app_init ] --END-- [ RunTime:0.001138s ]

[ 2017-09-24T16:16:30+08:00 ] 192.168.20.1 /caipiao/Admin/Pale/Pale
INFO: [ app_init ] --START--
INFO: Run Behavior\BuildLiteBehavior [ RunTime:0.000080s ]
INFO: [ app_init ] --END-- [ RunTime:0.000692s ]
INFO: [ app_begin ] --START--
INFO: Run Behavior\ReadHtmlCacheBehavior [ RunTime:0.000150s ]
INFO: [ app_begin ] --END-- [ RunTime:0.000441s ]
NOTIC: [2048] Declaration of Admin\Controller\PaleController::Show() should be compatible with Think\Controller::show($content, $charset = '', $contentType = '', $prefix = '') /var/www/caipiao/Application/Admin/Controller/PaleController.class.php 第 0 行.
SQL: SHOW COLUMNS FROM `bocai_letou` [ RunTime:0.0019s ]
SQL: SELECT `times` FROM `bocai_letou` WHERE ( `times` = '2017108' OR `times` = '2017109' )  [ RunTime:0.0023s ]
NOTIC: [8] Undefined index: allcode /var/www/caipiao/Application/Admin/Controller/PaleController.class.php 第 114 行.
SQL: SHOW COLUMNS FROM `bocai_letou` [ RunTime:0.0024s ]
SQL: INSERT INTO `bocai_letou` (`times`,`allcode`,`red1`,`red2`,`red3`,`red4`,`red5`,`blue1`,`blue2`) VALUES ('2017109','06,09,19,26,34,05,07','06','09','19','26','34','05','07') [ RunTime:0.0020s ]
SQL: SHOW COLUMNS FROM `bocai_leyi` [ RunTime:0.0020s ]
SQL: INSERT INTO `bocai_leyi` (`times`,`redyi`,`blueyi`) VALUES ('2017109','[\"1\",\"9\",\"13\",\"1\",\"8\",\"0\",\"12\",\"10\",\"0\",\"2\",\"5\",\"3\",\"24\",\"12\",\"1\",\"18\",\"10\",\"3\",\"0\",\"6\",\"1\",\"1\",\"3\",\"4\",\"2\",\"0\",\"2\",\"13\",\"3\",\"5\",\"9\",\"4\",\"14\",\"0\",\"11\"]','[\"9\",\"3\",\"6\",\"1\",\"0\",\"2\",\"0\",\"7\",\"1\",\"11\",\"5\",\"2\"]') [ RunTime:0.0018s ]

[ 2017-09-24T16:16:31+08:00 ] 192.168.20.1 /caipiao/Admin/Curlyu/Getcodeb
INFO: [ app_init ] --START--
INFO: Run Behavior\BuildLiteBehavior [ RunTime:0.000070s ]
INFO: [ app_init ] --END-- [ RunTime:0.000537s ]
INFO: [ app_begin ] --START--
INFO: Run Behavior\ReadHtmlCacheBehavior [ RunTime:0.000143s ]
INFO: [ app_begin ] --END-- [ RunTime:0.000473s ]
INFO: [ app_end ] --START--
INFO: Run Behavior\ShowPageTraceBehavior [ RunTime:0.000749s ]
INFO: [ app_end ] --END-- [ RunTime:0.002408s ]

[ 2017-09-24T16:16:38+08:00 ] 192.168.20.1 /caipiao/Admin/Pale/Show/times/2017109
INFO: [ app_init ] --START--
INFO: Run Behavior\BuildLiteBehavior [ RunTime:0.000072s ]
INFO: [ app_init ] --END-- [ RunTime:0.000692s ]

[ 2017-09-24T16:16:40+08:00 ] 192.168.20.1 /caipiao/Admin/Curlyu/Getcodeb
INFO: [ app_init ] --START--
INFO: Run Behavior\BuildLiteBehavior [ RunTime:0.000072s ]
INFO: [ app_init ] --END-- [ RunTime:0.000473s ]
INFO: [ app_begin ] --START--
INFO: Run Behavior\ReadHtmlCacheBehavior [ RunTime:0.000141s ]
INFO: [ app_begin ] --END-- [ RunTime:0.000418s ]
INFO: [ app_end ] --START--
INFO: Run Behavior\ShowPageTraceBehavior [ RunTime:0.000214s ]
INFO: [ app_end ] --END-- [ RunTime:0.000585s ]

[ 2017-09-24T16:16:41+08:00 ] 192.168.20.1 /caipiao/Admin/Curlyu/Indatab/times/2017109
INFO: [ app_init ] --START--
INFO: Run Behavior\BuildLiteBehavior [ RunTime:0.000177s ]
INFO: [ app_init ] --END-- [ RunTime:0.000622s ]
INFO: [ app_begin ] --START--
INFO: Run Behavior\ReadHtmlCacheBehavior [ RunTime:0.000184s ]
INFO: [ app_begin ] --END-- [ RunTime:0.000471s ]
SQL: SHOW COLUMNS FROM `bocai_letoouyuce` [ RunTime:0.0007s ]
SQL: SELECT `times` FROM `bocai_letoouyuce` ORDER BY times desc LIMIT 1   [ RunTime:0.0005s ]
SQL: INSERT INTO `bocai_letoouyuce` (`code`,`times`) VALUES ('[\'16\', \'28\', \'8\', \'15\', \'26\', \'3\', \'8\', \'1\']','2017110') [ RunTime:0.0028s ]

[ 2017-09-24T16:17:12+08:00 ] 192.168.20.1 /caipiao/Admin/Pale/Pale
INFO: [ app_init ] --START--
INFO: Run Behavior\BuildLiteBehavior [ RunTime:0.000126s ]
INFO: [ app_init ] --END-- [ RunTime:0.001188s ]
INFO: [ app_begin ] --START--
INFO: Run Behavior\ReadHtmlCacheBehavior [ RunTime:0.000402s ]
INFO: [ app_begin ] --END-- [ RunTime:0.001215s ]
NOTIC: [2048] Declaration of Admin\Controller\PaleController::Show() should be compatible with Think\Controller::show($content, $charset = '', $contentType = '', $prefix = '') /var/www/caipiao/Application/Admin/Controller/PaleController.class.php 第 0 行.
SQL: SHOW COLUMNS FROM `bocai_letou` [ RunTime:0.0017s ]
SQL: SELECT `times` FROM `bocai_letou` WHERE ( `times` = '2017108' OR `times` = '2017109' OR `times` = '2017110' )  [ RunTime:0.0010s ]
NOTIC: [8] Undefined index: allcode /var/www/caipiao/Application/Admin/Controller/PaleController.class.php 第 114 行.
SQL: SHOW COLUMNS FROM `bocai_letou` [ RunTime:0.0015s ]
SQL: INSERT INTO `bocai_letou` (`times`,`allcode`,`red1`,`red2`,`red3`,`red4`,`red5`,`blue1`,`blue2`) VALUES ('2017110','10,14,20,21,35,02,05','10','14','20','21','35','02','05') [ RunTime:0.0015s ]
SQL: SHOW COLUMNS FROM `bocai_leyi` [ RunTime:0.0017s ]
SQL: INSERT INTO `bocai_leyi` (`times`,`redyi`,`blueyi`) VALUES ('2017110','[\"2\",\"10\",\"14\",\"2\",\"9\",\"1\",\"13\",\"11\",\"1\",\"0\",\"6\",\"4\",\"25\",\"0\",\"2\",\"19\",\"11\",\"4\",\"1\",\"0\",\"0\",\"2\",\"4\",\"5\",\"3\",\"1\",\"3\",\"14\",\"4\",\"6\",\"10\",\"5\",\"15\",\"1\",\"0\"]','[\"10\",\"0\",\"7\",\"2\",\"0\",\"3\",\"1\",\"8\",\"2\",\"12\",\"6\",\"3\"]') [ RunTime:0.0009s ]

[ 2017-09-24T16:17:16+08:00 ] 192.168.20.1 /caipiao/Admin/Pale/Show/times/2017110
INFO: [ app_init ] --START--
INFO: Run Behavior\BuildLiteBehavior [ RunTime:0.000207s ]
INFO: [ app_init ] --END-- [ RunTime:0.001001s ]

[ 2017-09-24T16:17:18+08:00 ] 192.168.20.1 /caipiao/Admin/Curlyu/Getcodeb
INFO: [ app_init ] --START--
INFO: Run Behavior\BuildLiteBehavior [ RunTime:0.000115s ]
INFO: [ app_init ] --END-- [ RunTime:0.000877s ]
INFO: [ app_begin ] --START--
INFO: Run Behavior\ReadHtmlCacheBehavior [ RunTime:0.000251s ]
INFO: [ app_begin ] --END-- [ RunTime:0.000795s ]
INFO: [ app_end ] --START--
INFO: Run Behavior\ShowPageTraceBehavior [ RunTime:0.000202s ]
INFO: [ app_end ] --END-- [ RunTime:0.000583s ]

[ 2017-09-24T16:17:19+08:00 ] 192.168.20.1 /caipiao/Admin/Curlyu/Indatab/times/2017110
INFO: [ app_init ] --START--
INFO: Run Behavior\BuildLiteBehavior [ RunTime:0.000075s ]
INFO: [ app_init ] --END-- [ RunTime:0.000528s ]
INFO: [ app_begin ] --START--
INFO: Run Behavior\ReadHtmlCacheBehavior [ RunTime:0.000177s ]
INFO: [ app_begin ] --END-- [ RunTime:0.000503s ]
SQL: SHOW COLUMNS FROM `bocai_letoouyuce` [ RunTime:0.0007s ]
SQL: SELECT `times` FROM `bocai_letoouyuce` ORDER BY times desc LIMIT 1   [ RunTime:0.0005s ]
SQL: INSERT INTO `bocai_letoouyuce` (`code`,`times`) VALUES ('[\'16\', \'28\', \'8\', \'4\', \'21\', \'1\', \'8\', \'3\']','2017111') [ RunTime:0.0027s ]

[ 2017-09-24T16:18:24+08:00 ] 192.168.20.1 /caipiao/Admin/Pale/Pale
INFO: [ app_init ] --START--
INFO: Run Behavior\BuildLiteBehavior [ RunTime:0.000077s ]
INFO: [ app_init ] --END-- [ RunTime:0.000552s ]
INFO: [ app_begin ] --START--
INFO: Run Behavior\ReadHtmlCacheBehavior [ RunTime:0.000288s ]
INFO: [ app_begin ] --END-- [ RunTime:0.000823s ]
NOTIC: [2048] Declaration of Admin\Controller\PaleController::Show() should be compatible with Think\Controller::show($content, $charset = '', $contentType = '', $prefix = '') /var/www/caipiao/Application/Admin/Controller/PaleController.class.php 第 0 行.
SQL: SHOW COLUMNS FROM `bocai_letou` [ RunTime:0.0761s ]
SQL: SELECT `times` FROM `bocai_letou` WHERE ( `times` = '2017108' OR `times` = '2017109' OR `times` = '2017110' OR `times` = '2017111' )  [ RunTime:0.0016s ]
NOTIC: [8] Undefined index: allcode /var/www/caipiao/Application/Admin/Controller/PaleController.class.php 第 114 行.
SQL: SHOW COLUMNS FROM `bocai_letou` [ RunTime:0.0021s ]
SQL: INSERT INTO `bocai_letou` (`times`,`allcode`,`red1`,`red2`,`red3`,`red4`,`red5`,`blue1`,`blue2`) VALUES ('2017111','02,14,17,26,34,08,12','02','14','17','26','34','08','12') [ RunTime:0.0040s ]
SQL: SHOW COLUMNS FROM `bocai_leyi` [ RunTime:0.0021s ]
SQL: INSERT INTO `bocai_leyi` (`times`,`redyi`,`blueyi`) VALUES ('2017111','[\"3\",\"0\",\"15\",\"3\",\"10\",\"2\",\"14\",\"12\",\"2\",\"1\",\"7\",\"5\",\"26\",\"0\",\"3\",\"20\",\"0\",\"5\",\"2\",\"1\",\"1\",\"3\",\"5\",\"6\",\"4\",\"0\",\"4\",\"15\",\"5\",\"7\",\"11\",\"6\",\"16\",\"0\",\"1\"]','[\"11\",\"1\",\"8\",\"3\",\"1\",\"4\",\"2\",\"0\",\"3\",\"13\",\"7\",\"0\"]') [ RunTime:0.0014s ]

[ 2017-09-24T16:18:30+08:00 ] 192.168.20.1 /caipiao/Admin/Pale/Show/times/2017111
INFO: [ app_init ] --START--
INFO: Run Behavior\BuildLiteBehavior [ RunTime:0.000085s ]
INFO: [ app_init ] --END-- [ RunTime:0.000597s ]

[ 2017-09-24T16:18:32+08:00 ] 192.168.20.1 /caipiao/Admin/Curlyu/Getcodeb
INFO: [ app_init ] --START--
INFO: Run Behavior\BuildLiteBehavior [ RunTime:0.000109s ]
INFO: [ app_init ] --END-- [ RunTime:0.000834s ]
INFO: [ app_begin ] --START--
INFO: Run Behavior\ReadHtmlCacheBehavior [ RunTime:0.000337s ]
INFO: [ app_begin ] --END-- [ RunTime:0.000816s ]
INFO: [ app_end ] --START--
INFO: Run Behavior\ShowPageTraceBehavior [ RunTime:0.000217s ]
INFO: [ app_end ] --END-- [ RunTime:0.000589s ]

[ 2017-09-24T16:18:33+08:00 ] 192.168.20.1 /caipiao/Admin/Curlyu/Indatab/times/2017111
INFO: [ app_init ] --START--
INFO: Run Behavior\BuildLiteBehavior [ RunTime:0.000129s ]
INFO: [ app_init ] --END-- [ RunTime:0.002246s ]
INFO: [ app_begin ] --START--
INFO: Run Behavior\ReadHtmlCacheBehavior [ RunTime:0.000198s ]
INFO: [ app_begin ] --END-- [ RunTime:0.000484s ]
SQL: SHOW COLUMNS FROM `bocai_letoouyuce` [ RunTime:0.0008s ]
SQL: SELECT `times` FROM `bocai_letoouyuce` ORDER BY times desc LIMIT 1   [ RunTime:0.0004s ]
SQL: INSERT INTO `bocai_letoouyuce` (`code`,`times`) VALUES ('[\'12\', \'16\', \'28\', \'8\', \'4\', \'1\', \'4\', \'3\']','2017112') [ RunTime:0.0029s ]

[ 2017-09-24T16:18:39+08:00 ] 192.168.20.1 /caipiao/Admin/Curl/Show/times/2017111
INFO: [ app_init ] --START--
INFO: Run Behavior\BuildLiteBehavior [ RunTime:0.000092s ]
INFO: [ app_init ] --END-- [ RunTime:0.000850s ]

[ 2017-09-24T16:18:41+08:00 ] 192.168.20.1 /caipiao/Admin/Curlyu/Getcode
INFO: [ app_init ] --START--
INFO: Run Behavior\BuildLiteBehavior [ RunTime:0.000067s ]
INFO: [ app_init ] --END-- [ RunTime:0.000473s ]
INFO: [ app_begin ] --START--
INFO: Run Behavior\ReadHtmlCacheBehavior [ RunTime:0.000138s ]
INFO: [ app_begin ] --END-- [ RunTime:0.000416s ]
INFO: [ app_end ] --START--
INFO: Run Behavior\ShowPageTraceBehavior [ RunTime:0.000178s ]
INFO: [ app_end ] --END-- [ RunTime:0.000554s ]

[ 2017-09-24T16:18:45+08:00 ] 192.168.20.1 /caipiao/Admin/Curlyu/Indata/times/2017111
INFO: [ app_init ] --START--
INFO: Run Behavior\BuildLiteBehavior [ RunTime:0.000164s ]
INFO: [ app_init ] --END-- [ RunTime:0.000887s ]
INFO: [ app_begin ] --START--
INFO: Run Behavior\ReadHtmlCacheBehavior [ RunTime:0.000284s ]
INFO: [ app_begin ] --END-- [ RunTime:0.000742s ]
SQL: SHOW COLUMNS FROM `bocai_shuangseyuce` [ RunTime:0.0015s ]
SQL: SELECT `times` FROM `bocai_shuangseyuce` ORDER BY times desc LIMIT 1   [ RunTime:0.0006s ]
SQL: INSERT INTO `bocai_shuangseyuce` (`code`,`times`) VALUES ('[\'24\', \'11\', \'33\', \'28\', \'9\', \'23\', \'8\', \'10\']','2017112') [ RunTime:0.0026s ]

[ 2017-09-24T16:18:55+08:00 ] 192.168.20.1 /caipiao/Admin/Pale/Show/times/2017111
INFO: [ app_init ] --START--
INFO: Run Behavior\BuildLiteBehavior [ RunTime:0.000077s ]
INFO: [ app_init ] --END-- [ RunTime:0.000627s ]

[ 2017-09-24T16:18:58+08:00 ] 192.168.20.1 /caipiao/Admin/Curlyu/Getcodeb
INFO: [ app_init ] --START--
INFO: Run Behavior\BuildLiteBehavior [ RunTime:0.000066s ]
INFO: [ app_init ] --END-- [ RunTime:0.000529s ]
INFO: [ app_begin ] --START--
INFO: Run Behavior\ReadHtmlCacheBehavior [ RunTime:0.000140s ]
INFO: [ app_begin ] --END-- [ RunTime:0.000570s ]
INFO: [ app_end ] --START--
INFO: Run Behavior\ShowPageTraceBehavior [ RunTime:0.000225s ]
INFO: [ app_end ] --END-- [ RunTime:0.000606s ]

[ 2017-09-24T16:19:00+08:00 ] 192.168.20.1 /caipiao/Admin/Curlyu/Indatab/times/2017111
INFO: [ app_init ] --START--
INFO: Run Behavior\BuildLiteBehavior [ RunTime:0.000067s ]
INFO: [ app_init ] --END-- [ RunTime:0.000474s ]
INFO: [ app_begin ] --START--
INFO: Run Behavior\ReadHtmlCacheBehavior [ RunTime:0.000143s ]
INFO: [ app_begin ] --END-- [ RunTime:0.000504s ]
SQL: SHOW COLUMNS FROM `bocai_letoouyuce` [ RunTime:0.0008s ]
SQL: SELECT `times` FROM `bocai_letoouyuce` ORDER BY times desc LIMIT 1   [ RunTime:0.0004s ]

[ 2017-09-24T16:19:44+08:00 ] 192.168.20.1 /caipiao/Admin/Curlyu/Getcodeb
INFO: [ app_init ] --START--
INFO: Run Behavior\BuildLiteBehavior [ RunTime:0.000116s ]
INFO: [ app_init ] --END-- [ RunTime:0.000892s ]
INFO: [ app_begin ] --START--
INFO: Run Behavior\ReadHtmlCacheBehavior [ RunTime:0.000161s ]
INFO: [ app_begin ] --END-- [ RunTime:0.000473s ]
INFO: [ app_end ] --START--
INFO: Run Behavior\ShowPageTraceBehavior [ RunTime:0.000215s ]
INFO: [ app_end ] --END-- [ RunTime:0.000589s ]

[ 2017-09-24T16:21:05+08:00 ] 192.168.20.1 /caipiao/Admin/Curl/Show/times/2017111
INFO: [ app_init ] --START--
INFO: Run Behavior\BuildLiteBehavior [ RunTime:0.000087s ]
INFO: [ app_init ] --END-- [ RunTime:0.000564s ]

[ 2017-09-24T16:21:06+08:00 ] 192.168.20.1 /caipiao/Admin/Curl/Show/times/2017111
INFO: [ app_init ] --START--
INFO: Run Behavior\BuildLiteBehavior [ RunTime:0.000114s ]
INFO: [ app_init ] --END-- [ RunTime:0.000754s ]

[ 2017-09-24T16:21:06+08:00 ] 192.168.20.1 /caipiao/Admin/Curl/Show/times/2017111
INFO: [ app_init ] --START--
INFO: Run Behavior\BuildLiteBehavior [ RunTime:0.000627s ]
INFO: [ app_init ] --END-- [ RunTime:0.001468s ]

[ 2017-09-24T16:21:09+08:00 ] 192.168.20.1 /caipiao/Admin/Curlyu/Getcode
INFO: [ app_init ] --START--
INFO: Run Behavior\BuildLiteBehavior [ RunTime:0.000088s ]
INFO: [ app_init ] --END-- [ RunTime:0.000595s ]
INFO: [ app_begin ] --START--
INFO: Run Behavior\ReadHtmlCacheBehavior [ RunTime:0.000147s ]
INFO: [ app_begin ] --END-- [ RunTime:0.000425s ]
INFO: [ app_end ] --START--
INFO: Run Behavior\ShowPageTraceBehavior [ RunTime:0.000238s ]
INFO: [ app_end ] --END-- [ RunTime:0.000641s ]

[ 2017-09-24T16:21:19+08:00 ] 192.168.20.1 /caipiao/Admin/Curlyu/Getcode
INFO: [ app_init ] --START--
INFO: Run Behavior\BuildLiteBehavior [ RunTime:0.000106s ]
INFO: [ app_init ] --END-- [ RunTime:0.000790s ]
INFO: [ app_begin ] --START--
INFO: Run Behavior\ReadHtmlCacheBehavior [ RunTime:0.000227s ]
INFO: [ app_begin ] --END-- [ RunTime:0.000700s ]
INFO: [ app_end ] --START--
INFO: Run Behavior\ShowPageTraceBehavior [ RunTime:0.000226s ]
INFO: [ app_end ] --END-- [ RunTime:0.000610s ]

[ 2017-09-24T16:21:21+08:00 ] 192.168.20.1 /caipiao/Admin/Curlyu/Getcode
INFO: [ app_init ] --START--
INFO: Run Behavior\BuildLiteBehavior [ RunTime:0.000082s ]
INFO: [ app_init ] --END-- [ RunTime:0.000515s ]
INFO: [ app_begin ] --START--
INFO: Run Behavior\ReadHtmlCacheBehavior [ RunTime:0.000189s ]
INFO: [ app_begin ] --END-- [ RunTime:0.000471s ]
INFO: [ app_end ] --START--
INFO: Run Behavior\ShowPageTraceBehavior [ RunTime:0.000261s ]
INFO: [ app_end ] --END-- [ RunTime:0.000626s ]

[ 2017-09-24T16:21:24+08:00 ] 192.168.20.1 /caipiao/Admin/Curlyu/Getcode
INFO: [ app_init ] --START--
INFO: Run Behavior\BuildLiteBehavior [ RunTime:0.000066s ]
INFO: [ app_init ] --END-- [ RunTime:0.000469s ]
INFO: [ app_begin ] --START--
INFO: Run Behavior\ReadHtmlCacheBehavior [ RunTime:0.000141s ]
INFO: [ app_begin ] --END-- [ RunTime:0.000424s ]
INFO: [ app_end ] --START--
INFO: Run Behavior\ShowPageTraceBehavior [ RunTime:0.000195s ]
INFO: [ app_end ] --END-- [ RunTime:0.000535s ]

[ 2017-09-24T16:21:25+08:00 ] 192.168.20.1 /caipiao/Admin/Curlyu/Getcode
INFO: [ app_init ] --START--
INFO: Run Behavior\BuildLiteBehavior [ RunTime:0.000066s ]
INFO: [ app_init ] --END-- [ RunTime:0.000473s ]
INFO: [ app_begin ] --START--
INFO: Run Behavior\ReadHtmlCacheBehavior [ RunTime:0.000151s ]
INFO: [ app_begin ] --END-- [ RunTime:0.000433s ]
INFO: [ app_end ] --START--
INFO: Run Behavior\ShowPageTraceBehavior [ RunTime:0.000196s ]
INFO: [ app_end ] --END-- [ RunTime:0.000563s ]

[ 2017-09-24T16:21:27+08:00 ] 192.168.20.1 /caipiao/Admin/Curlyu/Getcode
INFO: [ app_init ] --START--
INFO: Run Behavior\BuildLiteBehavior [ RunTime:0.000113s ]
INFO: [ app_init ] --END-- [ RunTime:0.000520s ]
INFO: [ app_begin ] --START--
INFO: Run Behavior\ReadHtmlCacheBehavior [ RunTime:0.000189s ]
INFO: [ app_begin ] --END-- [ RunTime:0.000469s ]
INFO: [ app_end ] --START--
INFO: Run Behavior\ShowPageTraceBehavior [ RunTime:0.000195s ]
INFO: [ app_end ] --END-- [ RunTime:0.000570s ]

[ 2017-09-24T16:21:35+08:00 ] 192.168.20.1 /caipiao/Admin/Curlyu/Getcode
INFO: [ app_init ] --START--
INFO: Run Behavior\BuildLiteBehavior [ RunTime:0.000084s ]
INFO: [ app_init ] --END-- [ RunTime:0.000655s ]
INFO: [ app_begin ] --START--
INFO: Run Behavior\ReadHtmlCacheBehavior [ RunTime:0.000151s ]
INFO: [ app_begin ] --END-- [ RunTime:0.000430s ]
INFO: [ app_end ] --START--
INFO: Run Behavior\ShowPageTraceBehavior [ RunTime:0.000263s ]
INFO: [ app_end ] --END-- [ RunTime:0.000601s ]

[ 2017-09-24T16:21:36+08:00 ] 192.168.20.1 /caipiao/Admin/Curlyu/Getcode
INFO: [ app_init ] --START--
INFO: Run Behavior\BuildLiteBehavior [ RunTime:0.000065s ]
INFO: [ app_init ] --END-- [ RunTime:0.000470s ]
INFO: [ app_begin ] --START--
INFO: Run Behavior\ReadHtmlCacheBehavior [ RunTime:0.000136s ]
INFO: [ app_begin ] --END-- [ RunTime:0.000412s ]
INFO: [ app_end ] --START--
INFO: Run Behavior\ShowPageTraceBehavior [ RunTime:0.000185s ]
INFO: [ app_end ] --END-- [ RunTime:0.000514s ]

[ 2017-09-24T16:21:36+08:00 ] 192.168.20.1 /caipiao/Admin/Curlyu/Getcode
INFO: [ app_init ] --START--
INFO: Run Behavior\BuildLiteBehavior [ RunTime:0.000065s ]
INFO: [ app_init ] --END-- [ RunTime:0.000457s ]
INFO: [ app_begin ] --START--
INFO: Run Behavior\ReadHtmlCacheBehavior [ RunTime:0.000137s ]
INFO: [ app_begin ] --END-- [ RunTime:0.000412s ]
INFO: [ app_end ] --START--
INFO: Run Behavior\ShowPageTraceBehavior [ RunTime:0.000198s ]
INFO: [ app_end ] --END-- [ RunTime:0.000594s ]

[ 2017-09-24T16:21:37+08:00 ] 192.168.20.1 /caipiao/Admin/Curlyu/Getcode
INFO: [ app_init ] --START--
INFO: Run Behavior\BuildLiteBehavior [ RunTime:0.000066s ]
INFO: [ app_init ] --END-- [ RunTime:0.000475s ]
INFO: [ app_begin ] --START--
INFO: Run Behavior\ReadHtmlCacheBehavior [ RunTime:0.000162s ]
INFO: [ app_begin ] --END-- [ RunTime:0.000478s ]
INFO: [ app_end ] --START--
INFO: Run Behavior\ShowPageTraceBehavior [ RunTime:0.000291s ]
INFO: [ app_end ] --END-- [ RunTime:0.000920s ]

[ 2017-09-24T16:21:38+08:00 ] 192.168.20.1 /caipiao/Admin/Curlyu/Getcode
INFO: [ app_init ] --START--
INFO: Run Behavior\BuildLiteBehavior [ RunTime:0.000110s ]
INFO: [ app_init ] --END-- [ RunTime:0.000817s ]
INFO: [ app_begin ] --START--
INFO: Run Behavior\ReadHtmlCacheBehavior [ RunTime:0.000266s ]
INFO: [ app_begin ] --END-- [ RunTime:0.000739s ]
INFO: [ app_end ] --START--
INFO: Run Behavior\ShowPageTraceBehavior [ RunTime:0.000185s ]
INFO: [ app_end ] --END-- [ RunTime:0.000602s ]

[ 2017-09-24T16:21:39+08:00 ] 192.168.20.1 /caipiao/Admin/Curlyu/Getcode
INFO: [ app_init ] --START--
INFO: Run Behavior\BuildLiteBehavior [ RunTime:0.000065s ]
INFO: [ app_init ] --END-- [ RunTime:0.000458s ]
INFO: [ app_begin ] --START--
INFO: Run Behavior\ReadHtmlCacheBehavior [ RunTime:0.000137s ]
INFO: [ app_begin ] --END-- [ RunTime:0.000414s ]
INFO: [ app_end ] --START--
INFO: Run Behavior\ShowPageTraceBehavior [ RunTime:0.000204s ]
INFO: [ app_end ] --END-- [ RunTime:0.000612s ]

[ 2017-09-24T16:21:39+08:00 ] 192.168.20.1 /caipiao/Admin/Curlyu/Getcode
INFO: [ app_init ] --START--
INFO: Run Behavior\BuildLiteBehavior [ RunTime:0.000119s ]
INFO: [ app_init ] --END-- [ RunTime:0.000843s ]
INFO: [ app_begin ] --START--
INFO: Run Behavior\ReadHtmlCacheBehavior [ RunTime:0.000176s ]
INFO: [ app_begin ] --END-- [ RunTime:0.000585s ]
INFO: [ app_end ] --START--
INFO: Run Behavior\ShowPageTraceBehavior [ RunTime:0.000187s ]
INFO: [ app_end ] --END-- [ RunTime:0.000583s ]

[ 2017-09-24T16:21:40+08:00 ] 192.168.20.1 /caipiao/Admin/Curlyu/Getcode
INFO: [ app_init ] --START--
INFO: Run Behavior\BuildLiteBehavior [ RunTime:0.000066s ]
INFO: [ app_init ] --END-- [ RunTime:0.000464s ]
INFO: [ app_begin ] --START--
INFO: Run Behavior\ReadHtmlCacheBehavior [ RunTime:0.000137s ]
INFO: [ app_begin ] --END-- [ RunTime:0.000413s ]
INFO: [ app_end ] --START--
INFO: Run Behavior\ShowPageTraceBehavior [ RunTime:0.000194s ]
INFO: [ app_end ] --END-- [ RunTime:0.000519s ]

[ 2017-09-24T16:21:41+08:00 ] 192.168.20.1 /caipiao/Admin/Curlyu/Getcode
INFO: [ app_init ] --START--
INFO: Run Behavior\BuildLiteBehavior [ RunTime:0.000101s ]
INFO: [ app_init ] --END-- [ RunTime:0.000718s ]
INFO: [ app_begin ] --START--
INFO: Run Behavior\ReadHtmlCacheBehavior [ RunTime:0.000179s ]
INFO: [ app_begin ] --END-- [ RunTime:0.000612s ]
INFO: [ app_end ] --START--
INFO: Run Behavior\ShowPageTraceBehavior [ RunTime:0.000483s ]
INFO: [ app_end ] --END-- [ RunTime:0.001267s ]

[ 2017-09-24T16:21:43+08:00 ] 192.168.20.1 /caipiao/Admin/Curlyu/Getcode
INFO: [ app_init ] --START--
INFO: Run Behavior\BuildLiteBehavior [ RunTime:0.000110s ]
INFO: [ app_init ] --END-- [ RunTime:0.000864s ]
INFO: [ app_begin ] --START--
INFO: Run Behavior\ReadHtmlCacheBehavior [ RunTime:0.000223s ]
INFO: [ app_begin ] --END-- [ RunTime:0.000754s ]
INFO: [ app_end ] --START--
INFO: Run Behavior\ShowPageTraceBehavior [ RunTime:0.000219s ]
INFO: [ app_end ] --END-- [ RunTime:0.000694s ]

[ 2017-09-24T16:21:43+08:00 ] 192.168.20.1 /caipiao/Admin/Curlyu/Getcode
INFO: [ app_init ] --START--
INFO: Run Behavior\BuildLiteBehavior [ RunTime:0.000065s ]
INFO: [ app_init ] --END-- [ RunTime:0.000459s ]
INFO: [ app_begin ] --START--
INFO: Run Behavior\ReadHtmlCacheBehavior [ RunTime:0.000143s ]
INFO: [ app_begin ] --END-- [ RunTime:0.000423s ]
INFO: [ app_end ] --START--
INFO: Run Behavior\ShowPageTraceBehavior [ RunTime:0.000268s ]
INFO: [ app_end ] --END-- [ RunTime:0.000650s ]

[ 2017-09-24T16:21:44+08:00 ] 192.168.20.1 /caipiao/Admin/Curlyu/Getcode
INFO: [ app_init ] --START--
INFO: Run Behavior\BuildLiteBehavior [ RunTime:0.000066s ]
INFO: [ app_init ] --END-- [ RunTime:0.000468s ]
INFO: [ app_begin ] --START--
INFO: Run Behavior\ReadHtmlCacheBehavior [ RunTime:0.000158s ]
INFO: [ app_begin ] --END-- [ RunTime:0.000471s ]
INFO: [ app_end ] --START--
INFO: Run Behavior\ShowPageTraceBehavior [ RunTime:0.000212s ]
INFO: [ app_end ] --END-- [ RunTime:0.000583s ]

[ 2017-09-24T16:21:45+08:00 ] 192.168.20.1 /caipiao/Admin/Curlyu/Getcode
INFO: [ app_init ] --START--
INFO: Run Behavior\BuildLiteBehavior [ RunTime:0.000067s ]
INFO: [ app_init ] --END-- [ RunTime:0.000550s ]
INFO: [ app_begin ] --START--
INFO: Run Behavior\ReadHtmlCacheBehavior [ RunTime:0.000140s ]
INFO: [ app_begin ] --END-- [ RunTime:0.000427s ]
INFO: [ app_end ] --START--
INFO: Run Behavior\ShowPageTraceBehavior [ RunTime:0.000232s ]
INFO: [ app_end ] --END-- [ RunTime:0.000569s ]

[ 2017-09-24T16:21:46+08:00 ] 192.168.20.1 /caipiao/Admin/Curlyu/Getcode
INFO: [ app_init ] --START--
INFO: Run Behavior\BuildLiteBehavior [ RunTime:0.000080s ]
INFO: [ app_init ] --END-- [ RunTime:0.000635s ]
INFO: [ app_begin ] --START--
INFO: Run Behavior\ReadHtmlCacheBehavior [ RunTime:0.000157s ]
INFO: [ app_begin ] --END-- [ RunTime:0.000470s ]
INFO: [ app_end ] --START--
INFO: Run Behavior\ShowPageTraceBehavior [ RunTime:0.000349s ]
INFO: [ app_end ] --END-- [ RunTime:0.001023s ]

