[ 2017-07-27T15:32:11+08:00 ] 192.168.20.1 /caipiao/Admin/Curl/Show/times/2017085
INFO: [ app_init ] --START--
INFO: Run Behavior\BuildLiteBehavior [ RunTime:0.000124s ]
INFO: [ app_init ] --END-- [ RunTime:0.001531s ]

[ 2017-07-27T15:33:47+08:00 ] 192.168.20.1 /caipiao/Admin/Pale/Showtimes/
INFO: [ app_init ] --START--
INFO: Run Behavior\BuildLiteBehavior [ RunTime:0.000110s ]
INFO: [ app_init ] --END-- [ RunTime:0.000898s ]
ERR: 非法操作:Showtimes

[ 2017-07-27T15:33:57+08:00 ] 192.168.20.1 /caipiao/Admin/Pale/Showtimes/
INFO: [ app_init ] --START--
INFO: Run Behavior\BuildLiteBehavior [ RunTime:0.000100s ]
INFO: [ app_init ] --END-- [ RunTime:0.000725s ]
ERR: 非法操作:Showtimes

[ 2017-07-27T15:34:01+08:00 ] 192.168.20.1 /caipiao/Admin/Pale/Showtimes/
INFO: [ app_init ] --START--
INFO: Run Behavior\BuildLiteBehavior [ RunTime:0.000069s ]
INFO: [ app_init ] --END-- [ RunTime:0.000490s ]
ERR: 非法操作:Showtimes

[ 2017-07-27T15:34:10+08:00 ] 192.168.20.1 /caipiao/Admin/Curl/Show/times/
INFO: [ app_init ] --START--
INFO: Run Behavior\BuildLiteBehavior [ RunTime:0.000123s ]
INFO: [ app_init ] --END-- [ RunTime:0.000956s ]

[ 2017-07-27T15:34:13+08:00 ] 192.168.20.1 /caipiao/Admin/Pale/Showtimes/
INFO: [ app_init ] --START--
INFO: Run Behavior\BuildLiteBehavior [ RunTime:0.000146s ]
INFO: [ app_init ] --END-- [ RunTime:0.000950s ]
ERR: 非法操作:Showtimes

[ 2017-07-27T15:34:16+08:00 ] 192.168.20.1 /caipiao/Admin/Curl/Show/times/
INFO: [ app_init ] --START--
INFO: Run Behavior\BuildLiteBehavior [ RunTime:0.000178s ]
INFO: [ app_init ] --END-- [ RunTime:0.001248s ]

[ 2017-07-27T15:34:19+08:00 ] 192.168.20.1 /caipiao/Admin/Pale/Showtimes/
INFO: [ app_init ] --START--
INFO: Run Behavior\BuildLiteBehavior [ RunTime:0.000111s ]
INFO: [ app_init ] --END-- [ RunTime:0.000847s ]
ERR: 非法操作:Showtimes

[ 2017-07-27T15:34:41+08:00 ] 192.168.20.1 /caipiao/Admin/Pale/Show/times/
INFO: [ app_init ] --START--
INFO: Run Behavior\BuildLiteBehavior [ RunTime:0.000110s ]
INFO: [ app_init ] --END-- [ RunTime:0.000938s ]

[ 2017-07-27T15:34:46+08:00 ] 192.168.20.1 /caipiao/Admin/Pale/Show/times/?address=https%3A%2F%2Fwww.8200.cn%2Fzs_dlt%2Fchzs-2017085-2017086.htm&sub=
INFO: [ app_init ] --START--
INFO: Run Behavior\BuildLiteBehavior [ RunTime:0.000120s ]
INFO: [ app_init ] --END-- [ RunTime:0.000971s ]

[ 2017-07-27T15:35:00+08:00 ] 192.168.20.1 /caipiao/Admin/Pale/Show/times/?address=https%3A%2F%2Fwww.8200.cn%2Fzs_dlt%2Fchzs-2017085-2017086.htm&sub=
INFO: [ app_init ] --START--
INFO: Run Behavior\BuildLiteBehavior [ RunTime:0.000095s ]
INFO: [ app_init ] --END-- [ RunTime:0.000829s ]

[ 2017-07-27T15:35:07+08:00 ] 192.168.20.1 /caipiao/Admin/Pale/Show/times/?address=&back=
INFO: [ app_init ] --START--
INFO: Run Behavior\BuildLiteBehavior [ RunTime:0.000076s ]
INFO: [ app_init ] --END-- [ RunTime:0.000575s ]

[ 2017-07-27T15:35:09+08:00 ] 192.168.20.1 /caipiao/Admin/Pale/Show/times/?address=&back=
INFO: [ app_init ] --START--
INFO: Run Behavior\BuildLiteBehavior [ RunTime:0.000084s ]
INFO: [ app_init ] --END-- [ RunTime:0.000528s ]

[ 2017-07-27T15:36:25+08:00 ] 192.168.20.1 /caipiao/Admin/Pale/Show/times/?address=&back=
INFO: [ app_init ] --START--
INFO: Run Behavior\BuildLiteBehavior [ RunTime:0.000130s ]
INFO: [ app_init ] --END-- [ RunTime:0.000929s ]

[ 2017-07-27T15:36:27+08:00 ] 192.168.20.1 /caipiao/Admin/Pale/Show/times/?address=https%3A%2F%2Fwww.8200.cn%2Fzs_dlt%2Fchzs-2017085-2017086.htm&sub=
INFO: [ app_init ] --START--
INFO: Run Behavior\BuildLiteBehavior [ RunTime:0.000082s ]
INFO: [ app_init ] --END-- [ RunTime:0.000646s ]

[ 2017-07-27T15:36:28+08:00 ] 192.168.20.1 /caipiao/Admin/Pale/Show/times/
INFO: [ app_init ] --START--
INFO: Run Behavior\BuildLiteBehavior [ RunTime:0.000075s ]
INFO: [ app_init ] --END-- [ RunTime:0.000553s ]

[ 2017-07-27T15:36:30+08:00 ] 192.168.20.1 /caipiao/Admin/Curl/Show/times/
INFO: [ app_init ] --START--
INFO: Run Behavior\BuildLiteBehavior [ RunTime:0.000098s ]
INFO: [ app_init ] --END-- [ RunTime:0.001148s ]

[ 2017-07-27T15:36:38+08:00 ] 192.168.20.1 /caipiao/Admin/Curl/Show/times/?address=&back=
INFO: [ app_init ] --START--
INFO: Run Behavior\BuildLiteBehavior [ RunTime:0.000070s ]
INFO: [ app_init ] --END-- [ RunTime:0.000577s ]

[ 2017-07-27T15:36:40+08:00 ] 192.168.20.1 /caipiao/Admin/Curl/Show/times/?address=&back=
INFO: [ app_init ] --START--
INFO: Run Behavior\BuildLiteBehavior [ RunTime:0.000069s ]
INFO: [ app_init ] --END-- [ RunTime:0.000558s ]

[ 2017-07-27T15:36:41+08:00 ] 192.168.20.1 /caipiao/Admin/Curl/Show/times/
INFO: [ app_init ] --START--
INFO: Run Behavior\BuildLiteBehavior [ RunTime:0.000075s ]
INFO: [ app_init ] --END-- [ RunTime:0.000533s ]

[ 2017-07-27T15:41:35+08:00 ] 192.168.20.1 /caipiao/Admin/Curl/Show/times/
INFO: [ app_init ] --START--
INFO: Run Behavior\BuildLiteBehavior [ RunTime:0.000081s ]
INFO: [ app_init ] --END-- [ RunTime:0.000779s ]

[ 2017-07-27T15:44:37+08:00 ] 192.168.20.1 /caipiao/Admin/Pale/Show/times/2017084
INFO: [ app_init ] --START--
INFO: Run Behavior\BuildLiteBehavior [ RunTime:0.000072s ]
INFO: [ app_init ] --END-- [ RunTime:0.000533s ]

[ 2017-07-27T15:44:57+08:00 ] 192.168.20.1 /caipiao/Admin/Pale/Show/times/2017084?address=https%3A%2F%2Fwww.8200.cn%2Fzs_dlt%2Fchzs-2017085-2017086.htm&sub=
INFO: [ app_init ] --START--
INFO: Run Behavior\BuildLiteBehavior [ RunTime:0.000156s ]
INFO: [ app_init ] --END-- [ RunTime:0.000958s ]

[ 2017-07-27T15:45:22+08:00 ] 192.168.20.1 /caipiao/Admin/Pale/Show/times/2017084?address=https%3A%2F%2Fwww.8200.cn%2Fzs_dlt%2Fchzs-2017085-2017086.htm&sub=
INFO: [ app_init ] --START--
INFO: Run Behavior\BuildLiteBehavior [ RunTime:0.000157s ]
INFO: [ app_init ] --END-- [ RunTime:0.001193s ]

[ 2017-07-27T15:48:50+08:00 ] 192.168.20.1 /caipiao/Admin/Pale/Show/times/2017084?address=https%3A%2F%2Fwww.8200.cn%2Fzs_dlt%2Fchzs-2017085-2017086.htm&sub=
INFO: [ app_init ] --START--
INFO: Run Behavior\BuildLiteBehavior [ RunTime:0.000114s ]
INFO: [ app_init ] --END-- [ RunTime:0.000872s ]

[ 2017-07-27T15:49:18+08:00 ] 192.168.20.1 /caipiao/Admin/Pale/Show/times/2017084?address=https%3A%2F%2Fwww.8200.cn%2Fzs_dlt%2Fchzs-2017085-2017086.htm&sub=
INFO: [ app_init ] --START--
INFO: Run Behavior\BuildLiteBehavior [ RunTime:0.000148s ]
INFO: [ app_init ] --END-- [ RunTime:0.001258s ]

[ 2017-07-27T15:49:23+08:00 ] 192.168.20.1 /caipiao/Admin/Pale/Show/times/2017084
INFO: [ app_init ] --START--
INFO: Run Behavior\BuildLiteBehavior [ RunTime:0.000075s ]
INFO: [ app_init ] --END-- [ RunTime:0.000573s ]

[ 2017-07-27T15:49:43+08:00 ] 192.168.20.1 /caipiao/Admin/Pale/Show/times/2017084?address=https%3A%2F%2Fwww.8200.cn%2Fzs_dlt%2Fchzs-2017085-2017086.htm&sub=
INFO: [ app_init ] --START--
INFO: Run Behavior\BuildLiteBehavior [ RunTime:0.000195s ]
INFO: [ app_init ] --END-- [ RunTime:0.001469s ]

[ 2017-07-27T15:49:45+08:00 ] 192.168.20.1 /caipiao/Admin/Pale/Show/times/2017084?address=&back=
INFO: [ app_init ] --START--
INFO: Run Behavior\BuildLiteBehavior [ RunTime:0.000109s ]
INFO: [ app_init ] --END-- [ RunTime:0.000839s ]

[ 2017-07-27T15:49:46+08:00 ] 192.168.20.1 /caipiao/Admin/Pale/Show/times/2017084?address=&back=
INFO: [ app_init ] --START--
INFO: Run Behavior\BuildLiteBehavior [ RunTime:0.000156s ]
INFO: [ app_init ] --END-- [ RunTime:0.001126s ]

[ 2017-07-27T15:49:46+08:00 ] 192.168.20.1 /caipiao/Admin/Pale/Show/times/2017084?address=&back=
INFO: [ app_init ] --START--
INFO: Run Behavior\BuildLiteBehavior [ RunTime:0.000098s ]
INFO: [ app_init ] --END-- [ RunTime:0.000543s ]

[ 2017-07-27T15:49:48+08:00 ] 192.168.20.1 /caipiao/Admin/Pale/Show/times/2017084?address=https%3A%2F%2Fwww.8200.cn%2Fzs_dlt%2Fchzs-2017085-2017086.htm&sub=
INFO: [ app_init ] --START--
INFO: Run Behavior\BuildLiteBehavior [ RunTime:0.000081s ]
INFO: [ app_init ] --END-- [ RunTime:0.000701s ]

[ 2017-07-27T15:49:48+08:00 ] 192.168.20.1 /caipiao/Admin/Pale/Show/times/2017084
INFO: [ app_init ] --START--
INFO: Run Behavior\BuildLiteBehavior [ RunTime:0.000117s ]
INFO: [ app_init ] --END-- [ RunTime:0.000862s ]

[ 2017-07-27T15:49:48+08:00 ] 192.168.20.1 /caipiao/Admin/Curl/Show/times/2017085
INFO: [ app_init ] --START--
INFO: Run Behavior\BuildLiteBehavior [ RunTime:0.000127s ]
INFO: [ app_init ] --END-- [ RunTime:0.001126s ]

[ 2017-07-27T15:49:50+08:00 ] 192.168.20.1 /caipiao/Admin/Curl/Show/times/2017085
INFO: [ app_init ] --START--
INFO: Run Behavior\BuildLiteBehavior [ RunTime:0.000078s ]
INFO: [ app_init ] --END-- [ RunTime:0.000700s ]

[ 2017-07-27T15:49:51+08:00 ] 192.168.20.1 /caipiao/Admin/Pale/Show/times/2017084
INFO: [ app_init ] --START--
INFO: Run Behavior\BuildLiteBehavior [ RunTime:0.000066s ]
INFO: [ app_init ] --END-- [ RunTime:0.000524s ]

[ 2017-07-27T15:51:26+08:00 ] 192.168.20.1 /caipiao/Admin/Pale/Show/times/2017084
INFO: [ app_init ] --START--
INFO: Run Behavior\BuildLiteBehavior [ RunTime:0.000092s ]
INFO: [ app_init ] --END-- [ RunTime:0.000772s ]

[ 2017-07-27T15:51:34+08:00 ] 192.168.20.1 /caipiao/Admin/Pale/Pale
INFO: [ app_init ] --START--
INFO: Run Behavior\BuildLiteBehavior [ RunTime:0.000166s ]
INFO: [ app_init ] --END-- [ RunTime:0.000767s ]
INFO: [ app_begin ] --START--
INFO: Run Behavior\ReadHtmlCacheBehavior [ RunTime:0.000167s ]
INFO: [ app_begin ] --END-- [ RunTime:0.000523s ]
NOTIC: [2048] Declaration of Admin\Controller\PaleController::Show() should be compatible with Think\Controller::show($content, $charset = '', $contentType = '', $prefix = '') /var/www/caipiao/Application/Admin/Controller/PaleController.class.php 第 0 行.
SQL: SHOW COLUMNS FROM `bocai_letou` [ RunTime:0.0008s ]
SQL: SELECT `times` FROM `bocai_letou` WHERE ( `times` = '2017085' OR `times` = '2017086' )  [ RunTime:0.0007s ]
NOTIC: [8] Undefined index: allcode /var/www/caipiao/Application/Admin/Controller/PaleController.class.php 第 114 行.
SQL: SHOW COLUMNS FROM `bocai_letou` [ RunTime:0.0008s ]
SQL: INSERT INTO `bocai_letou` (`times`,`allcode`,`red1`,`red2`,`red3`,`red4`,`red5`,`blue1`,`blue2`) VALUES ('2017085','09,13,14,25,30,02,05','09','13','14','25','30','02','05') [ RunTime:0.0008s ]
SQL: SHOW COLUMNS FROM `bocai_leyi` [ RunTime:0.0007s ]
SQL: INSERT INTO `bocai_leyi` (`times`,`redyi`,`blueyi`) VALUES ('2017085','[\"6\",\"2\",\"8\",\"7\",\"2\",\"1\",\"9\",\"5\",\"0\",\"5\",\"1\",\"4\",\"0\",\"0\",\"4\",\"10\",\"6\",\"10\",\"6\",\"3\",\"1\",\"2\",\"16\",\"17\",\"0\",\"15\",\"7\",\"12\",\"13\",\"0\",\"1\",\"6\",\"6\",\"2\",\"9\"]','[\"4\",\"0\",\"2\",\"21\",\"0\",\"4\",\"9\",\"3\",\"1\",\"18\",\"6\",\"1\"]') [ RunTime:0.0005s ]
NOTIC: [8] Undefined index: allcode /var/www/caipiao/Application/Admin/Controller/PaleController.class.php 第 114 行.
SQL: SHOW COLUMNS FROM `bocai_letou` [ RunTime:0.0007s ]
SQL: INSERT INTO `bocai_letou` (`times`,`allcode`,`red1`,`red2`,`red3`,`red4`,`red5`,`blue1`,`blue2`) VALUES ('2017086','12,15,18,22,31,01,08','12','15','18','22','31','01','08') [ RunTime:0.0006s ]
SQL: SHOW COLUMNS FROM `bocai_leyi` [ RunTime:0.0007s ]
SQL: INSERT INTO `bocai_leyi` (`times`,`redyi`,`blueyi`) VALUES ('2017086','[\"7\",\"3\",\"9\",\"8\",\"3\",\"2\",\"10\",\"6\",\"1\",\"6\",\"2\",\"0\",\"1\",\"1\",\"0\",\"11\",\"7\",\"0\",\"7\",\"4\",\"2\",\"0\",\"17\",\"18\",\"1\",\"16\",\"8\",\"13\",\"14\",\"1\",\"0\",\"7\",\"7\",\"3\",\"10\"]','[\"0\",\"1\",\"3\",\"22\",\"1\",\"5\",\"10\",\"0\",\"2\",\"19\",\"7\",\"2\"]') [ RunTime:0.0004s ]

[ 2017-07-27T15:51:39+08:00 ] 192.168.20.1 /caipiao/Admin/Pale/Show/times/2017086
INFO: [ app_init ] --START--
INFO: Run Behavior\BuildLiteBehavior [ RunTime:0.000077s ]
INFO: [ app_init ] --END-- [ RunTime:0.000627s ]

[ 2017-07-27T15:51:44+08:00 ] 192.168.20.1 /caipiao/Admin/Curl/Show/times/2017086
INFO: [ app_init ] --START--
INFO: Run Behavior\BuildLiteBehavior [ RunTime:0.000087s ]
INFO: [ app_init ] --END-- [ RunTime:0.000568s ]

[ 2017-07-27T15:52:11+08:00 ] 192.168.20.1 /caipiao/Admin/Curl/Curl
INFO: [ app_init ] --START--
INFO: Run Behavior\BuildLiteBehavior [ RunTime:0.000105s ]
INFO: [ app_init ] --END-- [ RunTime:0.000923s ]
INFO: [ app_begin ] --START--
INFO: Run Behavior\ReadHtmlCacheBehavior [ RunTime:0.000237s ]
INFO: [ app_begin ] --END-- [ RunTime:0.000804s ]
NOTIC: [2048] Declaration of Admin\Controller\CurlController::Show() should be compatible with Think\Controller::show($content, $charset = '', $contentType = '', $prefix = '') /var/www/caipiao/Application/Admin/Controller/CurlController.class.php 第 0 行.
SQL: SHOW COLUMNS FROM `bocai_shuangse` [ RunTime:0.0008s ]
SQL: SELECT `times` FROM `bocai_shuangse` WHERE ( `times` = '2017083' OR `times` = '2017084' OR `times` = '2017085' OR `times` = '2017086' )  [ RunTime:0.0008s ]
NOTIC: [8] Undefined index: allcode /var/www/caipiao/Application/Admin/Controller/CurlController.class.php 第 116 行.
SQL: SHOW COLUMNS FROM `bocai_shuangse` [ RunTime:0.0007s ]
SQL: INSERT INTO `bocai_shuangse` (`times`,`allcode`,`red1`,`red2`,`red3`,`red4`,`red5`,`red6`,`blue`) VALUES ('2017086','03,05,06,13,20,22,07','03','05','06','13','20','22','07') [ RunTime:0.0006s ]
SQL: SHOW COLUMNS FROM `bocai_shuangseyi` [ RunTime:0.0006s ]
SQL: INSERT INTO `bocai_shuangseyi` (`times`,`redyilou`,`blueyilou`) VALUES ('2017086','[\"1\",\"9\",\"0\",\"9\",\"0\",\"0\",\"7\",\"3\",\"10\",\"18\",\"2\",\"6\",\"0\",\"3\",\"9\",\"1\",\"9\",\"4\",\"8\",\"0\",\"4\",\"0\",\"7\",\"2\",\"1\",\"3\",\"7\",\"4\",\"4\",\"1\",\"12\",\"15\",\"32\"]','[\"71\",\"2\",\"15\",\"19\",\"5\",\"30\",\"0\",\"6\",\"1\",\"4\",\"25\",\"3\",\"10\",\"9\",\"18\",\"8\"]') [ RunTime:0.0006s ]

[ 2017-07-27T15:52:15+08:00 ] 192.168.20.1 /caipiao/Admin/Curl/Show/times/2017086
INFO: [ app_init ] --START--
INFO: Run Behavior\BuildLiteBehavior [ RunTime:0.000122s ]
INFO: [ app_init ] --END-- [ RunTime:0.000879s ]

[ 2017-07-27T15:52:19+08:00 ] 192.168.20.1 /caipiao/Admin/Curlyu/Getcode
INFO: [ app_init ] --START--
INFO: Run Behavior\BuildLiteBehavior [ RunTime:0.000126s ]
INFO: [ app_init ] --END-- [ RunTime:0.000862s ]
INFO: [ app_begin ] --START--
INFO: Run Behavior\ReadHtmlCacheBehavior [ RunTime:0.000169s ]
INFO: [ app_begin ] --END-- [ RunTime:0.000499s ]
SQL: SHOW COLUMNS FROM `bocai_shuangseyuce` [ RunTime:0.0012s ]
SQL: INSERT INTO `bocai_shuangseyuce` (`times`,`code`) VALUES ('2017086','[\'15\', \'21\', \'23\', \'33\', \'9\', \'29\', \'4\', \'6\']') [ RunTime:0.0049s ]

[ 2017-07-27T15:53:55+08:00 ] 192.168.20.1 /caipiao/Admin/Curlyu/Indata
INFO: [ app_init ] --START--
INFO: Run Behavior\BuildLiteBehavior [ RunTime:0.000077s ]
INFO: [ app_init ] --END-- [ RunTime:0.000621s ]
INFO: [ app_begin ] --START--
INFO: Run Behavior\ReadHtmlCacheBehavior [ RunTime:0.000148s ]
INFO: [ app_begin ] --END-- [ RunTime:0.000502s ]
NOTIC: [8] Undefined index: yuce /var/www/caipiao/Application/Admin/Controller/CurlyuController.class.php 第 39 行.
INFO: [ app_end ] --START--
INFO: Run Behavior\ShowPageTraceBehavior [ RunTime:0.000143s ]
INFO: [ app_end ] --END-- [ RunTime:0.000470s ]

[ 2017-07-27T15:56:36+08:00 ] 192.168.20.1 /caipiao/Admin/Curlyu/Indata
INFO: [ app_init ] --START--
INFO: Run Behavior\BuildLiteBehavior [ RunTime:0.000112s ]
INFO: [ app_init ] --END-- [ RunTime:0.000880s ]
INFO: [ app_begin ] --START--
INFO: Run Behavior\ReadHtmlCacheBehavior [ RunTime:0.000154s ]
INFO: [ app_begin ] --END-- [ RunTime:0.000499s ]
NOTIC: [8] Undefined index: yuce /var/www/caipiao/Application/Admin/Controller/CurlyuController.class.php 第 39 行.
INFO: [ app_end ] --START--
INFO: Run Behavior\ShowPageTraceBehavior [ RunTime:0.000149s ]
INFO: [ app_end ] --END-- [ RunTime:0.000542s ]

[ 2017-07-27T15:56:38+08:00 ] 192.168.20.1 /caipiao/Admin/Curl/Show/times/2017086
INFO: [ app_init ] --START--
INFO: Run Behavior\BuildLiteBehavior [ RunTime:0.000449s ]
INFO: [ app_init ] --END-- [ RunTime:0.001338s ]

[ 2017-07-27T15:56:41+08:00 ] 192.168.20.1 /caipiao/Admin/Curlyu/Getcode
INFO: [ app_init ] --START--
INFO: Run Behavior\BuildLiteBehavior [ RunTime:0.000129s ]
INFO: [ app_init ] --END-- [ RunTime:0.000943s ]
INFO: [ app_begin ] --START--
INFO: Run Behavior\ReadHtmlCacheBehavior [ RunTime:0.000182s ]
INFO: [ app_begin ] --END-- [ RunTime:0.000599s ]
SQL: SHOW COLUMNS FROM `bocai_shuangseyuce` [ RunTime:0.0010s ]
SQL: INSERT INTO `bocai_shuangseyuce` (`times`,`code`) VALUES ('2017086','[\'15\', \'21\', \'23\', \'33\', \'9\', \'24\', \'4\', \'6\']') [ RunTime:0.0022s ]

[ 2017-07-27T15:56:42+08:00 ] 192.168.20.1 /caipiao/Admin/Curlyu/Indata
INFO: [ app_init ] --START--
INFO: Run Behavior\BuildLiteBehavior [ RunTime:0.000169s ]
INFO: [ app_init ] --END-- [ RunTime:0.001279s ]
INFO: [ app_begin ] --START--
INFO: Run Behavior\ReadHtmlCacheBehavior [ RunTime:0.000423s ]
INFO: [ app_begin ] --END-- [ RunTime:0.001072s ]
NOTIC: [8] Undefined index: yuce /var/www/caipiao/Application/Admin/Controller/CurlyuController.class.php 第 39 行.
INFO: [ app_end ] --START--
INFO: Run Behavior\ShowPageTraceBehavior [ RunTime:0.000352s ]
INFO: [ app_end ] --END-- [ RunTime:0.001118s ]

[ 2017-07-27T15:57:30+08:00 ] 192.168.20.1 /caipiao/Admin/Curl/Show/times/2017086
INFO: [ app_init ] --START--
INFO: Run Behavior\BuildLiteBehavior [ RunTime:0.000126s ]
INFO: [ app_init ] --END-- [ RunTime:0.001038s ]

[ 2017-07-27T15:57:31+08:00 ] 192.168.20.1 /caipiao/Admin/Curlyu/Getcode
INFO: [ app_init ] --START--
INFO: Run Behavior\BuildLiteBehavior [ RunTime:0.000078s ]
INFO: [ app_init ] --END-- [ RunTime:0.000666s ]
INFO: [ app_begin ] --START--
INFO: Run Behavior\ReadHtmlCacheBehavior [ RunTime:0.000148s ]
INFO: [ app_begin ] --END-- [ RunTime:0.000438s ]
SQL: SHOW COLUMNS FROM `bocai_shuangseyuce` [ RunTime:0.0006s ]
SQL: INSERT INTO `bocai_shuangseyuce` (`times`,`code`) VALUES ('2017086','[\'15\', \'21\', \'23\', \'33\', \'9\', \'24\', \'4\', \'6\']') [ RunTime:0.0032s ]

[ 2017-07-27T15:57:32+08:00 ] 192.168.20.1 /caipiao/Admin/Curlyu/Indata
INFO: [ app_init ] --START--
INFO: Run Behavior\BuildLiteBehavior [ RunTime:0.000117s ]
INFO: [ app_init ] --END-- [ RunTime:0.000586s ]
INFO: [ app_begin ] --START--
INFO: Run Behavior\ReadHtmlCacheBehavior [ RunTime:0.000157s ]
INFO: [ app_begin ] --END-- [ RunTime:0.000445s ]
NOTIC: [8] Undefined index: yuce /var/www/caipiao/Application/Admin/Controller/CurlyuController.class.php 第 39 行.
INFO: [ app_end ] --START--
INFO: Run Behavior\ShowPageTraceBehavior [ RunTime:0.000140s ]
INFO: [ app_end ] --END-- [ RunTime:0.000413s ]

[ 2017-07-27T15:59:22+08:00 ] 192.168.20.1 /caipiao/Admin/Curlyu/Indata
INFO: [ app_init ] --START--
INFO: Run Behavior\BuildLiteBehavior [ RunTime:0.000119s ]
INFO: [ app_init ] --END-- [ RunTime:0.000964s ]
INFO: [ app_begin ] --START--
INFO: Run Behavior\ReadHtmlCacheBehavior [ RunTime:0.000203s ]
INFO: [ app_begin ] --END-- [ RunTime:0.000530s ]
NOTIC: [8] Undefined index: yuce /var/www/caipiao/Application/Admin/Controller/CurlyuController.class.php 第 39 行.
INFO: [ app_end ] --START--
INFO: Run Behavior\ShowPageTraceBehavior [ RunTime:0.000207s ]
INFO: [ app_end ] --END-- [ RunTime:0.000522s ]

[ 2017-07-27T15:59:24+08:00 ] 192.168.20.1 /caipiao/Admin/Curlyu/Indata
INFO: [ app_init ] --START--
INFO: Run Behavior\BuildLiteBehavior [ RunTime:0.000079s ]
INFO: [ app_init ] --END-- [ RunTime:0.000742s ]
INFO: [ app_begin ] --START--
INFO: Run Behavior\ReadHtmlCacheBehavior [ RunTime:0.000262s ]
INFO: [ app_begin ] --END-- [ RunTime:0.000688s ]
NOTIC: [8] Undefined index: yuce /var/www/caipiao/Application/Admin/Controller/CurlyuController.class.php 第 39 行.
INFO: [ app_end ] --START--
INFO: Run Behavior\ShowPageTraceBehavior [ RunTime:0.000151s ]
INFO: [ app_end ] --END-- [ RunTime:0.000490s ]

[ 2017-07-27T16:03:04+08:00 ] 192.168.20.1 /caipiao/Admin/Curlyu/Indata
INFO: [ app_init ] --START--
INFO: Run Behavior\BuildLiteBehavior [ RunTime:0.000211s ]
INFO: [ app_init ] --END-- [ RunTime:0.001099s ]

[ 2017-07-27T16:03:17+08:00 ] 192.168.20.1 /caipiao/Admin/Curlyu/Indata
INFO: [ app_init ] --START--
INFO: Run Behavior\BuildLiteBehavior [ RunTime:0.000078s ]
INFO: [ app_init ] --END-- [ RunTime:0.000572s ]

[ 2017-07-27T16:04:08+08:00 ] 192.168.20.1 /caipiao/Admin/Curl/Show/times/2017086
INFO: [ app_init ] --START--
INFO: Run Behavior\BuildLiteBehavior [ RunTime:0.000120s ]
INFO: [ app_init ] --END-- [ RunTime:0.000527s ]

[ 2017-07-27T16:04:10+08:00 ] 192.168.20.1 /caipiao/Admin/Curlyu/Getcode
INFO: [ app_init ] --START--
INFO: Run Behavior\BuildLiteBehavior [ RunTime:0.000074s ]
INFO: [ app_init ] --END-- [ RunTime:0.000515s ]
INFO: [ app_begin ] --START--
INFO: Run Behavior\ReadHtmlCacheBehavior [ RunTime:0.000267s ]
INFO: [ app_begin ] --END-- [ RunTime:0.000743s ]
SQL: SHOW COLUMNS FROM `bocai_shuangseyuce` [ RunTime:0.0007s ]
SQL: INSERT INTO `bocai_shuangseyuce` (`times`,`code`) VALUES ('2017086','[\'15\', \'21\', \'23\', \'33\', \'9\', \'24\', \'4\', \'6\']') [ RunTime:0.0055s ]

[ 2017-07-27T16:04:34+08:00 ] 192.168.20.1 /caipiao/Admin/Curlyu/Indata
INFO: [ app_init ] --START--
INFO: Run Behavior\BuildLiteBehavior [ RunTime:0.000077s ]
INFO: [ app_init ] --END-- [ RunTime:0.000601s ]
INFO: [ app_begin ] --START--
INFO: Run Behavior\ReadHtmlCacheBehavior [ RunTime:0.000144s ]
INFO: [ app_begin ] --END-- [ RunTime:0.000425s ]
NOTIC: [8] Undefined index: yuce /var/www/caipiao/Application/Admin/Controller/CurlyuController.class.php 第 39 行.
INFO: [ app_end ] --START--
INFO: Run Behavior\ShowPageTraceBehavior [ RunTime:0.000193s ]
INFO: [ app_end ] --END-- [ RunTime:0.000470s ]

[ 2017-07-27T16:05:13+08:00 ] 192.168.20.1 /caipiao/Admin/Curl/Show/times/2017086
INFO: [ app_init ] --START--
INFO: Run Behavior\BuildLiteBehavior [ RunTime:0.000116s ]
INFO: [ app_init ] --END-- [ RunTime:0.000592s ]

[ 2017-07-27T16:05:14+08:00 ] 192.168.20.1 /caipiao/Admin/Curlyu/Getcode
INFO: [ app_init ] --START--
INFO: Run Behavior\BuildLiteBehavior [ RunTime:0.000066s ]
INFO: [ app_init ] --END-- [ RunTime:0.000461s ]
INFO: [ app_begin ] --START--
INFO: Run Behavior\ReadHtmlCacheBehavior [ RunTime:0.000139s ]
INFO: [ app_begin ] --END-- [ RunTime:0.000418s ]
SQL: SHOW COLUMNS FROM `bocai_shuangseyuce` [ RunTime:0.0008s ]
SQL: INSERT INTO `bocai_shuangseyuce` (`times`,`code`) VALUES ('2017086','[\'15\', \'21\', \'23\', \'33\', \'9\', \'24\', \'4\', \'6\']') [ RunTime:0.0030s ]

[ 2017-07-27T16:05:14+08:00 ] 192.168.20.1 /caipiao/Admin/Curlyu/Indata
INFO: [ app_init ] --START--
INFO: Run Behavior\BuildLiteBehavior [ RunTime:0.000076s ]
INFO: [ app_init ] --END-- [ RunTime:0.000616s ]
INFO: [ app_begin ] --START--
INFO: Run Behavior\ReadHtmlCacheBehavior [ RunTime:0.000226s ]
INFO: [ app_begin ] --END-- [ RunTime:0.000749s ]
NOTIC: [8] Undefined index: yuce /var/www/caipiao/Application/Admin/Controller/CurlyuController.class.php 第 39 行.
INFO: [ app_end ] --START--
INFO: Run Behavior\ShowPageTraceBehavior [ RunTime:0.000171s ]
INFO: [ app_end ] --END-- [ RunTime:0.000478s ]

[ 2017-07-27T16:05:17+08:00 ] 192.168.20.1 /caipiao/Admin/Curlyu/Indata
INFO: [ app_init ] --START--
INFO: Run Behavior\BuildLiteBehavior [ RunTime:0.000078s ]
INFO: [ app_init ] --END-- [ RunTime:0.000587s ]
INFO: [ app_begin ] --START--
INFO: Run Behavior\ReadHtmlCacheBehavior [ RunTime:0.000153s ]
INFO: [ app_begin ] --END-- [ RunTime:0.000445s ]
NOTIC: [8] Undefined index: yuce /var/www/caipiao/Application/Admin/Controller/CurlyuController.class.php 第 39 行.
INFO: [ app_end ] --START--
INFO: Run Behavior\ShowPageTraceBehavior [ RunTime:0.000139s ]
INFO: [ app_end ] --END-- [ RunTime:0.000463s ]

[ 2017-07-27T16:05:34+08:00 ] 192.168.20.1 /caipiao/Admin/Curlyu/Indata
INFO: [ app_init ] --START--
INFO: Run Behavior\BuildLiteBehavior [ RunTime:0.000078s ]
INFO: [ app_init ] --END-- [ RunTime:0.000600s ]
INFO: [ app_begin ] --START--
INFO: Run Behavior\ReadHtmlCacheBehavior [ RunTime:0.000282s ]
INFO: [ app_begin ] --END-- [ RunTime:0.000999s ]
NOTIC: [8] Undefined index: yuce /var/www/caipiao/Application/Admin/Controller/CurlyuController.class.php 第 39 行.
INFO: [ app_end ] --START--
INFO: Run Behavior\ShowPageTraceBehavior [ RunTime:0.000346s ]
INFO: [ app_end ] --END-- [ RunTime:0.000650s ]

[ 2017-07-27T16:05:36+08:00 ] 192.168.20.1 /caipiao/Admin/Curlyu/Indata
INFO: [ app_init ] --START--
INFO: Run Behavior\BuildLiteBehavior [ RunTime:0.000179s ]
INFO: [ app_init ] --END-- [ RunTime:0.000856s ]
INFO: [ app_begin ] --START--
INFO: Run Behavior\ReadHtmlCacheBehavior [ RunTime:0.000250s ]
INFO: [ app_begin ] --END-- [ RunTime:0.000568s ]
NOTIC: [8] Undefined index: yuce /var/www/caipiao/Application/Admin/Controller/CurlyuController.class.php 第 39 行.
INFO: [ app_end ] --START--
INFO: Run Behavior\ShowPageTraceBehavior [ RunTime:0.000138s ]
INFO: [ app_end ] --END-- [ RunTime:0.000462s ]

[ 2017-07-27T16:08:11+08:00 ] 192.168.20.1 /caipiao/Admin/Curlyu/Indata
INFO: [ app_init ] --START--
INFO: Run Behavior\BuildLiteBehavior [ RunTime:0.000068s ]
INFO: [ app_init ] --END-- [ RunTime:0.000490s ]
INFO: [ app_begin ] --START--
INFO: Run Behavior\ReadHtmlCacheBehavior [ RunTime:0.000145s ]
INFO: [ app_begin ] --END-- [ RunTime:0.000426s ]
NOTIC: [8] Undefined index: yuce /var/www/caipiao/Application/Admin/Controller/CurlyuController.class.php 第 39 行.
INFO: [ app_end ] --START--
INFO: Run Behavior\ShowPageTraceBehavior [ RunTime:0.000222s ]
INFO: [ app_end ] --END-- [ RunTime:0.000502s ]

[ 2017-07-27T16:08:29+08:00 ] 192.168.20.1 /caipiao/Admin/Curl/Show/times/2017086
INFO: [ app_init ] --START--
INFO: Run Behavior\BuildLiteBehavior [ RunTime:0.000142s ]
INFO: [ app_init ] --END-- [ RunTime:0.000993s ]

[ 2017-07-27T16:08:30+08:00 ] 192.168.20.1 /caipiao/Admin/Curlyu/Getcode
INFO: [ app_init ] --START--
INFO: Run Behavior\BuildLiteBehavior [ RunTime:0.000100s ]
INFO: [ app_init ] --END-- [ RunTime:0.000679s ]
INFO: [ app_begin ] --START--
INFO: Run Behavior\ReadHtmlCacheBehavior [ RunTime:0.000168s ]
INFO: [ app_begin ] --END-- [ RunTime:0.000490s ]
SQL: SHOW COLUMNS FROM `bocai_shuangseyuce` [ RunTime:0.0009s ]
SQL: INSERT INTO `bocai_shuangseyuce` (`times`,`code`) VALUES ('2017086','[\'15\', \'21\', \'23\', \'33\', \'9\', \'31\', \'4\', \'6\']') [ RunTime:0.0037s ]

[ 2017-07-27T16:08:32+08:00 ] 192.168.20.1 /caipiao/Admin/Curlyu/Indata
INFO: [ app_init ] --START--
INFO: Run Behavior\BuildLiteBehavior [ RunTime:0.000066s ]
INFO: [ app_init ] --END-- [ RunTime:0.000469s ]
INFO: [ app_begin ] --START--
INFO: Run Behavior\ReadHtmlCacheBehavior [ RunTime:0.000142s ]
INFO: [ app_begin ] --END-- [ RunTime:0.000440s ]
NOTIC: [8] Undefined index: yuce /var/www/caipiao/Application/Admin/Controller/CurlyuController.class.php 第 39 行.
INFO: [ app_end ] --START--
INFO: Run Behavior\ShowPageTraceBehavior [ RunTime:0.000138s ]
INFO: [ app_end ] --END-- [ RunTime:0.000480s ]

[ 2017-07-27T16:08:34+08:00 ] 192.168.20.1 /caipiao/Admin/Curlyu/Indata
INFO: [ app_init ] --START--
INFO: Run Behavior\BuildLiteBehavior [ RunTime:0.000068s ]
INFO: [ app_init ] --END-- [ RunTime:0.000466s ]
INFO: [ app_begin ] --START--
INFO: Run Behavior\ReadHtmlCacheBehavior [ RunTime:0.000214s ]
INFO: [ app_begin ] --END-- [ RunTime:0.000506s ]
NOTIC: [8] Undefined index: yuce /var/www/caipiao/Application/Admin/Controller/CurlyuController.class.php 第 39 行.
INFO: [ app_end ] --START--
INFO: Run Behavior\ShowPageTraceBehavior [ RunTime:0.000158s ]
INFO: [ app_end ] --END-- [ RunTime:0.000447s ]

[ 2017-07-27T16:12:20+08:00 ] 192.168.20.1 /caipiao/Admin/Curl/Show/times/2017086
INFO: [ app_init ] --START--
INFO: Run Behavior\BuildLiteBehavior [ RunTime:0.000073s ]
INFO: [ app_init ] --END-- [ RunTime:0.000766s ]

[ 2017-07-27T16:12:21+08:00 ] 192.168.20.1 /caipiao/Admin/Curlyu/Getcode
INFO: [ app_init ] --START--
INFO: Run Behavior\BuildLiteBehavior [ RunTime:0.000068s ]
INFO: [ app_init ] --END-- [ RunTime:0.000524s ]
INFO: [ app_begin ] --START--
INFO: Run Behavior\ReadHtmlCacheBehavior [ RunTime:0.000155s ]
INFO: [ app_begin ] --END-- [ RunTime:0.000470s ]
SQL: SHOW COLUMNS FROM `bocai_shuangseyuce` [ RunTime:0.0009s ]
SQL: INSERT INTO `bocai_shuangseyuce` (`times`,`code`) VALUES ('2017086','[\'15\', \'21\', \'23\', \'33\', \'9\', \'24\', \'4\', \'6\']') [ RunTime:0.0034s ]

[ 2017-07-27T16:12:22+08:00 ] 192.168.20.1 /caipiao/Admin/Curlyu/Indata/times/2017086
INFO: [ app_init ] --START--
INFO: Run Behavior\BuildLiteBehavior [ RunTime:0.000109s ]
INFO: [ app_init ] --END-- [ RunTime:0.000852s ]
INFO: [ app_begin ] --START--
INFO: Run Behavior\ReadHtmlCacheBehavior [ RunTime:0.000350s ]
INFO: [ app_begin ] --END-- [ RunTime:0.000906s ]
NOTIC: [8] Undefined index: yuce /var/www/caipiao/Application/Admin/Controller/CurlyuController.class.php 第 39 行.
INFO: [ app_end ] --START--
INFO: Run Behavior\ShowPageTraceBehavior [ RunTime:0.000235s ]
INFO: [ app_end ] --END-- [ RunTime:0.000828s ]

[ 2017-07-27T16:13:06+08:00 ] 192.168.20.1 /caipiao/Admin/Curl/Show/times/2017086
INFO: [ app_init ] --START--
INFO: Run Behavior\BuildLiteBehavior [ RunTime:0.000163s ]
INFO: [ app_init ] --END-- [ RunTime:0.000998s ]

[ 2017-07-27T16:13:41+08:00 ] 192.168.20.1 /caipiao/Admin/Curl/Show/times/2017086
INFO: [ app_init ] --START--
INFO: Run Behavior\BuildLiteBehavior [ RunTime:0.000092s ]
INFO: [ app_init ] --END-- [ RunTime:0.000637s ]

[ 2017-07-27T16:13:43+08:00 ] 192.168.20.1 /caipiao/Admin/Curlyu/Getcode
INFO: [ app_init ] --START--
INFO: Run Behavior\BuildLiteBehavior [ RunTime:0.000387s ]
INFO: [ app_init ] --END-- [ RunTime:0.000976s ]
INFO: [ app_begin ] --START--
INFO: Run Behavior\ReadHtmlCacheBehavior [ RunTime:0.000147s ]
INFO: [ app_begin ] --END-- [ RunTime:0.000446s ]
SQL: SHOW COLUMNS FROM `bocai_shuangseyuce` [ RunTime:0.0008s ]
SQL: INSERT INTO `bocai_shuangseyuce` (`times`,`code`) VALUES ('2017086','[\'15\', \'21\', \'23\', \'33\', \'9\', \'11\', \'4\', \'6\']') [ RunTime:0.0286s ]

[ 2017-07-27T16:13:43+08:00 ] 192.168.20.1 /caipiao/Admin/Curlyu/Indata/times/2017086
INFO: [ app_init ] --START--
INFO: Run Behavior\BuildLiteBehavior [ RunTime:0.000068s ]
INFO: [ app_init ] --END-- [ RunTime:0.000629s ]
INFO: [ app_begin ] --START--
INFO: Run Behavior\ReadHtmlCacheBehavior [ RunTime:0.000152s ]
INFO: [ app_begin ] --END-- [ RunTime:0.000448s ]
NOTIC: [8] Undefined index: yuce /var/www/caipiao/Application/Admin/Controller/CurlyuController.class.php 第 39 行.
INFO: [ app_end ] --START--
INFO: Run Behavior\ShowPageTraceBehavior [ RunTime:0.000134s ]
INFO: [ app_end ] --END-- [ RunTime:0.000454s ]

[ 2017-07-27T16:13:45+08:00 ] 192.168.20.1 /caipiao/Admin/Curlyu/Indata/times/2017086
INFO: [ app_init ] --START--
INFO: Run Behavior\BuildLiteBehavior [ RunTime:0.000101s ]
INFO: [ app_init ] --END-- [ RunTime:0.000774s ]
INFO: [ app_begin ] --START--
INFO: Run Behavior\ReadHtmlCacheBehavior [ RunTime:0.000216s ]
INFO: [ app_begin ] --END-- [ RunTime:0.000697s ]
NOTIC: [8] Undefined index: yuce /var/www/caipiao/Application/Admin/Controller/CurlyuController.class.php 第 39 行.
INFO: [ app_end ] --START--
INFO: Run Behavior\ShowPageTraceBehavior [ RunTime:0.000329s ]
INFO: [ app_end ] --END-- [ RunTime:0.000810s ]

[ 2017-07-27T16:14:35+08:00 ] 192.168.20.1 /caipiao/Admin/Curlyu/Indata/times/2017086
INFO: [ app_init ] --START--
INFO: Run Behavior\BuildLiteBehavior [ RunTime:0.000110s ]
INFO: [ app_init ] --END-- [ RunTime:0.000877s ]
INFO: [ app_begin ] --START--
INFO: Run Behavior\ReadHtmlCacheBehavior [ RunTime:0.000341s ]
INFO: [ app_begin ] --END-- [ RunTime:0.000837s ]
NOTIC: [8] Undefined index: yuce /var/www/caipiao/Application/Admin/Controller/CurlyuController.class.php 第 39 行.
INFO: [ app_end ] --START--
INFO: Run Behavior\ShowPageTraceBehavior [ RunTime:0.000243s ]
INFO: [ app_end ] --END-- [ RunTime:0.000751s ]

[ 2017-07-27T16:15:39+08:00 ] 192.168.20.1 /caipiao/Admin/Curlyu/Indata/times/2017086
INFO: [ app_init ] --START--
INFO: Run Behavior\BuildLiteBehavior [ RunTime:0.000105s ]
INFO: [ app_init ] --END-- [ RunTime:0.000692s ]
INFO: [ app_begin ] --START--
INFO: Run Behavior\ReadHtmlCacheBehavior [ RunTime:0.000240s ]
INFO: [ app_begin ] --END-- [ RunTime:0.000578s ]

[ 2017-07-27T16:16:01+08:00 ] 192.168.20.1 /caipiao/Admin/Curlyu/Indata/times/2017086
INFO: [ app_init ] --START--
INFO: Run Behavior\BuildLiteBehavior [ RunTime:0.000327s ]
INFO: [ app_init ] --END-- [ RunTime:0.001250s ]
INFO: [ app_begin ] --START--
INFO: Run Behavior\ReadHtmlCacheBehavior [ RunTime:0.000433s ]
INFO: [ app_begin ] --END-- [ RunTime:0.000756s ]
NOTIC: [8] Undefined index: yuce /var/www/caipiao/Application/Admin/Controller/CurlyuController.class.php 第 39 行.
INFO: [ app_end ] --START--
INFO: Run Behavior\ShowPageTraceBehavior [ RunTime:0.000190s ]
INFO: [ app_end ] --END-- [ RunTime:0.000496s ]

[ 2017-07-27T16:16:26+08:00 ] 192.168.20.1 /caipiao/Admin/Curlyu/Indata/times/2017086
INFO: [ app_init ] --START--
INFO: Run Behavior\BuildLiteBehavior [ RunTime:0.000118s ]
INFO: [ app_init ] --END-- [ RunTime:0.001301s ]
INFO: [ app_begin ] --START--
INFO: Run Behavior\ReadHtmlCacheBehavior [ RunTime:0.000181s ]
INFO: [ app_begin ] --END-- [ RunTime:0.000586s ]
NOTIC: [8] Undefined index: yuce /var/www/caipiao/Application/Admin/Controller/CurlyuController.class.php 第 39 行.
INFO: [ app_end ] --START--
INFO: Run Behavior\ShowPageTraceBehavior [ RunTime:0.000297s ]
INFO: [ app_end ] --END-- [ RunTime:0.000724s ]

[ 2017-07-27T16:17:06+08:00 ] 192.168.20.1 /caipiao/Admin/Curlyu/Indata/times/2017086
INFO: [ app_init ] --START--
INFO: Run Behavior\BuildLiteBehavior [ RunTime:0.000125s ]
INFO: [ app_init ] --END-- [ RunTime:0.000979s ]
INFO: [ app_begin ] --START--
INFO: Run Behavior\ReadHtmlCacheBehavior [ RunTime:0.000274s ]
INFO: [ app_begin ] --END-- [ RunTime:0.000863s ]
NOTIC: [8] Undefined index: yuce /var/www/caipiao/Application/Admin/Controller/CurlyuController.class.php 第 39 行.
INFO: [ app_end ] --START--
INFO: Run Behavior\ShowPageTraceBehavior [ RunTime:0.000298s ]
INFO: [ app_end ] --END-- [ RunTime:0.000620s ]

[ 2017-07-27T16:17:10+08:00 ] 192.168.20.1 /caipiao/Admin/Curlyu/Indata/times/2017086
INFO: [ app_init ] --START--
INFO: Run Behavior\BuildLiteBehavior [ RunTime:0.000107s ]
INFO: [ app_init ] --END-- [ RunTime:0.000816s ]
INFO: [ app_begin ] --START--
INFO: Run Behavior\ReadHtmlCacheBehavior [ RunTime:0.000371s ]
INFO: [ app_begin ] --END-- [ RunTime:0.001239s ]
NOTIC: [8] Undefined index: yuce /var/www/caipiao/Application/Admin/Controller/CurlyuController.class.php 第 39 行.
INFO: [ app_end ] --START--
INFO: Run Behavior\ShowPageTraceBehavior [ RunTime:0.000145s ]
INFO: [ app_end ] --END-- [ RunTime:0.000423s ]

[ 2017-07-27T16:17:31+08:00 ] 192.168.20.1 /caipiao/Admin/Curlyu/Indata/times/2017086
INFO: [ app_init ] --START--
INFO: Run Behavior\BuildLiteBehavior [ RunTime:0.000082s ]
INFO: [ app_init ] --END-- [ RunTime:0.000635s ]
INFO: [ app_begin ] --START--
INFO: Run Behavior\ReadHtmlCacheBehavior [ RunTime:0.000158s ]
INFO: [ app_begin ] --END-- [ RunTime:0.000652s ]
NOTIC: [8] Undefined index: yuce /var/www/caipiao/Application/Admin/Controller/CurlyuController.class.php 第 39 行.
INFO: [ app_end ] --START--
INFO: Run Behavior\ShowPageTraceBehavior [ RunTime:0.000264s ]
INFO: [ app_end ] --END-- [ RunTime:0.000937s ]

[ 2017-07-27T16:17:50+08:00 ] 192.168.20.1 /caipiao/Admin/Curlyu/Indata/times/2017086
INFO: [ app_init ] --START--
INFO: Run Behavior\BuildLiteBehavior [ RunTime:0.000118s ]
INFO: [ app_init ] --END-- [ RunTime:0.000929s ]
INFO: [ app_begin ] --START--
INFO: Run Behavior\ReadHtmlCacheBehavior [ RunTime:0.000147s ]
INFO: [ app_begin ] --END-- [ RunTime:0.000487s ]
NOTIC: [8] Undefined index: yuce /var/www/caipiao/Application/Admin/Controller/CurlyuController.class.php 第 40 行.
INFO: [ app_end ] --START--
INFO: Run Behavior\ShowPageTraceBehavior [ RunTime:0.000359s ]
INFO: [ app_end ] --END-- [ RunTime:0.000774s ]

[ 2017-07-27T16:18:15+08:00 ] 192.168.20.1 /caipiao/Admin/Curlyu/Indata/times/2017086
INFO: [ app_init ] --START--
INFO: Run Behavior\BuildLiteBehavior [ RunTime:0.000185s ]
INFO: [ app_init ] --END-- [ RunTime:0.001722s ]
INFO: [ app_begin ] --START--
INFO: Run Behavior\ReadHtmlCacheBehavior [ RunTime:0.000294s ]
INFO: [ app_begin ] --END-- [ RunTime:0.000886s ]
NOTIC: [8] Undefined index: yuce /var/www/caipiao/Application/Admin/Controller/CurlyuController.class.php 第 40 行.
INFO: [ app_end ] --START--
INFO: Run Behavior\ShowPageTraceBehavior [ RunTime:0.000283s ]
INFO: [ app_end ] --END-- [ RunTime:0.000911s ]

[ 2017-07-27T16:18:52+08:00 ] 192.168.20.1 /caipiao/Admin/Curlyu/Indata/times/2017086
INFO: [ app_init ] --START--
INFO: Run Behavior\BuildLiteBehavior [ RunTime:0.000141s ]
INFO: [ app_init ] --END-- [ RunTime:0.001044s ]
INFO: [ app_begin ] --START--
INFO: Run Behavior\ReadHtmlCacheBehavior [ RunTime:0.000682s ]
INFO: [ app_begin ] --END-- [ RunTime:0.001390s ]
NOTIC: [8] Undefined index: yuce /var/www/caipiao/Application/Admin/Controller/CurlyuController.class.php 第 39 行.
NOTIC: [8] Undefined index: yuce /var/www/caipiao/Application/Admin/Controller/CurlyuController.class.php 第 40 行.
INFO: [ app_end ] --START--
INFO: Run Behavior\ShowPageTraceBehavior [ RunTime:0.000281s ]
INFO: [ app_end ] --END-- [ RunTime:0.000928s ]

[ 2017-07-27T16:19:12+08:00 ] 192.168.20.1 /caipiao/Admin/Curlyu/Indata/times/2017086
INFO: [ app_init ] --START--
INFO: Run Behavior\BuildLiteBehavior [ RunTime:0.000177s ]
INFO: [ app_init ] --END-- [ RunTime:0.001269s ]
INFO: [ app_begin ] --START--
INFO: Run Behavior\ReadHtmlCacheBehavior [ RunTime:0.000311s ]
INFO: [ app_begin ] --END-- [ RunTime:0.001044s ]
NOTIC: [8] Undefined index: yuce /var/www/caipiao/Application/Admin/Controller/CurlyuController.class.php 第 40 行.
INFO: [ app_end ] --START--
INFO: Run Behavior\ShowPageTraceBehavior [ RunTime:0.000228s ]
INFO: [ app_end ] --END-- [ RunTime:0.000709s ]

[ 2017-07-27T16:19:22+08:00 ] 192.168.20.1 /caipiao/Admin/Curlyu/Indata/times/2017086
INFO: [ app_init ] --START--
INFO: Run Behavior\BuildLiteBehavior [ RunTime:0.000129s ]
INFO: [ app_init ] --END-- [ RunTime:0.000890s ]
INFO: [ app_begin ] --START--
INFO: Run Behavior\ReadHtmlCacheBehavior [ RunTime:0.000280s ]
INFO: [ app_begin ] --END-- [ RunTime:0.000808s ]
NOTIC: [8] Undefined index: yuce /var/www/caipiao/Application/Admin/Controller/CurlyuController.class.php 第 39 行.
NOTIC: [8] Undefined index: yuce /var/www/caipiao/Application/Admin/Controller/CurlyuController.class.php 第 40 行.
INFO: [ app_end ] --START--
INFO: Run Behavior\ShowPageTraceBehavior [ RunTime:0.000385s ]
INFO: [ app_end ] --END-- [ RunTime:0.000941s ]

[ 2017-07-27T16:19:58+08:00 ] 192.168.20.1 /caipiao/Admin/Curlyu/Indata/times/2017086
INFO: [ app_init ] --START--
INFO: Run Behavior\BuildLiteBehavior [ RunTime:0.000119s ]
INFO: [ app_init ] --END-- [ RunTime:0.001178s ]
INFO: [ app_begin ] --START--
INFO: Run Behavior\ReadHtmlCacheBehavior [ RunTime:0.000154s ]
INFO: [ app_begin ] --END-- [ RunTime:0.000448s ]
NOTIC: [8] Undefined index: yuce /var/www/caipiao/Application/Admin/Controller/CurlyuController.class.php 第 40 行.
SQL: SHOW COLUMNS FROM `bocai_shuangseyuce` [ RunTime:0.0007s ]
ERR: 1048:Column 'code' cannot be null
 [ SQL语句 ] : INSERT INTO `bocai_shuangseyuce` (`code`,`times`) VALUES (NULL,'2017087')
ERR: 1048:Column 'code' cannot be null
 [ SQL语句 ] : INSERT INTO `bocai_shuangseyuce` (`code`,`times`) VALUES (NULL,'2017087')

[ 2017-07-27T16:20:08+08:00 ] 192.168.20.1 /caipiao/Admin/Curlyu/Indata/times/2017086
INFO: [ app_init ] --START--
INFO: Run Behavior\BuildLiteBehavior [ RunTime:0.000199s ]
INFO: [ app_init ] --END-- [ RunTime:0.001008s ]
INFO: [ app_begin ] --START--
INFO: Run Behavior\ReadHtmlCacheBehavior [ RunTime:0.000536s ]
INFO: [ app_begin ] --END-- [ RunTime:0.001063s ]
SQL: SHOW COLUMNS FROM `bocai_shuangseyuce` [ RunTime:0.0008s ]
SQL: INSERT INTO `bocai_shuangseyuce` (`code`,`times`) VALUES ('[\'15\', \'21\', \'23\', \'33\', \'9\', \'11\', \'4\', \'6\']','2017087') [ RunTime:0.0044s ]
INFO: [ app_end ] --START--
INFO: Run Behavior\ShowPageTraceBehavior [ RunTime:0.000241s ]
INFO: [ app_end ] --END-- [ RunTime:0.000583s ]

[ 2017-07-27T16:20:35+08:00 ] 192.168.20.1 /caipiao/Admin/Curlyu/Indata/times/2017086
INFO: [ app_init ] --START--
INFO: Run Behavior\BuildLiteBehavior [ RunTime:0.000117s ]
INFO: [ app_init ] --END-- [ RunTime:0.000974s ]
INFO: [ app_begin ] --START--
INFO: Run Behavior\ReadHtmlCacheBehavior [ RunTime:0.000261s ]
INFO: [ app_begin ] --END-- [ RunTime:0.000825s ]
SQL: SHOW COLUMNS FROM `bocai_shuangseyuce` [ RunTime:0.0009s ]
SQL: INSERT INTO `bocai_shuangseyuce` (`code`,`times`) VALUES ('[\'15\', \'21\', \'23\', \'33\', \'9\', \'11\', \'4\', \'6\']','2017087') [ RunTime:0.0020s ]

[ 2017-07-27T16:22:12+08:00 ] 192.168.20.1 /caipiao/Admin/Curlyu/Indata/times/2017086
INFO: [ app_init ] --START--
INFO: Run Behavior\BuildLiteBehavior [ RunTime:0.000078s ]
INFO: [ app_init ] --END-- [ RunTime:0.000703s ]
INFO: [ app_begin ] --START--
INFO: Run Behavior\ReadHtmlCacheBehavior [ RunTime:0.000148s ]
INFO: [ app_begin ] --END-- [ RunTime:0.000465s ]
SQL: SHOW COLUMNS FROM `bocai_shuangseyuce` [ RunTime:0.0020s ]
SQL: INSERT INTO `bocai_shuangseyuce` (`code`,`times`) VALUES ('[\'15\', \'21\', \'23\', \'33\', \'9\', \'11\', \'4\', \'6\']','2017087') [ RunTime:0.0031s ]

[ 2017-07-27T16:23:11+08:00 ] 192.168.20.1 /caipiao/Admin/Curlyu/Indata/times/2017086
INFO: [ app_init ] --START--
INFO: Run Behavior\BuildLiteBehavior [ RunTime:0.000117s ]
INFO: [ app_init ] --END-- [ RunTime:0.000901s ]
INFO: [ app_begin ] --START--
INFO: Run Behavior\ReadHtmlCacheBehavior [ RunTime:0.000169s ]
INFO: [ app_begin ] --END-- [ RunTime:0.000504s ]
SQL: SHOW COLUMNS FROM `bocai_shuangseyuce` [ RunTime:0.0022s ]
SQL: INSERT INTO `bocai_shuangseyuce` (`code`,`times`) VALUES ('[\'15\', \'21\', \'23\', \'33\', \'9\', \'11\', \'4\', \'6\']','2017087') [ RunTime:0.0030s ]

[ 2017-07-27T16:23:14+08:00 ] 192.168.20.1 /caipiao/Admin/Curl/Show/times/2017086
INFO: [ app_init ] --START--
INFO: Run Behavior\BuildLiteBehavior [ RunTime:0.000108s ]
INFO: [ app_init ] --END-- [ RunTime:0.000676s ]

[ 2017-07-27T16:23:16+08:00 ] 192.168.20.1 /caipiao/Admin/Curlyu/Getcode
INFO: [ app_init ] --START--
INFO: Run Behavior\BuildLiteBehavior [ RunTime:0.000073s ]
INFO: [ app_init ] --END-- [ RunTime:0.000599s ]
INFO: [ app_begin ] --START--
INFO: Run Behavior\ReadHtmlCacheBehavior [ RunTime:0.000169s ]
INFO: [ app_begin ] --END-- [ RunTime:0.000584s ]
SQL: SHOW COLUMNS FROM `bocai_shuangseyuce` [ RunTime:0.0007s ]
SQL: INSERT INTO `bocai_shuangseyuce` (`times`,`code`) VALUES ('2017086','[\'15\', \'21\', \'23\', \'33\', \'9\', \'28\', \'4\', \'6\']') [ RunTime:0.0027s ]

[ 2017-07-27T16:23:17+08:00 ] 192.168.20.1 /caipiao/Admin/Curlyu/Indata/times/2017086
INFO: [ app_init ] --START--
INFO: Run Behavior\BuildLiteBehavior [ RunTime:0.000108s ]
INFO: [ app_init ] --END-- [ RunTime:0.000813s ]
INFO: [ app_begin ] --START--
INFO: Run Behavior\ReadHtmlCacheBehavior [ RunTime:0.000146s ]
INFO: [ app_begin ] --END-- [ RunTime:0.000429s ]
SQL: SHOW COLUMNS FROM `bocai_shuangseyuce` [ RunTime:0.0007s ]
ERR: 1062:Duplicate entry '2017087' for key 'times'
 [ SQL语句 ] : INSERT INTO `bocai_shuangseyuce` (`code`,`times`) VALUES ('[\'15\', \'21\', \'23\', \'33\', \'9\', \'28\', \'4\', \'6\']','2017087')
ERR: 1062:Duplicate entry '2017087' for key 'times'
 [ SQL语句 ] : INSERT INTO `bocai_shuangseyuce` (`code`,`times`) VALUES ('[\'15\', \'21\', \'23\', \'33\', \'9\', \'28\', \'4\', \'6\']','2017087')

[ 2017-07-27T16:24:40+08:00 ] 192.168.20.1 /caipiao/Admin/Curlyu/Indata/times/2017086
INFO: [ app_init ] --START--
INFO: Run Behavior\BuildLiteBehavior [ RunTime:0.000094s ]
INFO: [ app_init ] --END-- [ RunTime:0.000711s ]
INFO: [ app_begin ] --START--
INFO: Run Behavior\ReadHtmlCacheBehavior [ RunTime:0.000314s ]
INFO: [ app_begin ] --END-- [ RunTime:0.000763s ]
SQL: SHOW COLUMNS FROM `bocai_shuangseyuce` [ RunTime:0.0008s ]
ERR: 1062:Duplicate entry '2017087' for key 'times'
 [ SQL语句 ] : INSERT INTO `bocai_shuangseyuce` (`code`,`times`) VALUES ('[\'15\', \'21\', \'23\', \'33\', \'9\', \'28\', \'4\', \'6\']','2017087')
ERR: 1062:Duplicate entry '2017087' for key 'times'
 [ SQL语句 ] : INSERT INTO `bocai_shuangseyuce` (`code`,`times`) VALUES ('[\'15\', \'21\', \'23\', \'33\', \'9\', \'28\', \'4\', \'6\']','2017087')

[ 2017-07-27T16:24:42+08:00 ] 192.168.20.1 /caipiao/Admin/Curlyu/Indata/times/2017086
INFO: [ app_init ] --START--
INFO: Run Behavior\BuildLiteBehavior [ RunTime:0.000075s ]
INFO: [ app_init ] --END-- [ RunTime:0.000647s ]
INFO: [ app_begin ] --START--
INFO: Run Behavior\ReadHtmlCacheBehavior [ RunTime:0.000160s ]
INFO: [ app_begin ] --END-- [ RunTime:0.000502s ]
SQL: SHOW COLUMNS FROM `bocai_shuangseyuce` [ RunTime:0.0007s ]
ERR: 1062:Duplicate entry '2017087' for key 'times'
 [ SQL语句 ] : INSERT INTO `bocai_shuangseyuce` (`code`,`times`) VALUES ('[\'15\', \'21\', \'23\', \'33\', \'9\', \'28\', \'4\', \'6\']','2017087')
ERR: 1062:Duplicate entry '2017087' for key 'times'
 [ SQL语句 ] : INSERT INTO `bocai_shuangseyuce` (`code`,`times`) VALUES ('[\'15\', \'21\', \'23\', \'33\', \'9\', \'28\', \'4\', \'6\']','2017087')

[ 2017-07-27T16:24:45+08:00 ] 192.168.20.1 /caipiao/Admin/Curl/Show/times/2017086
INFO: [ app_init ] --START--
INFO: Run Behavior\BuildLiteBehavior [ RunTime:0.000074s ]
INFO: [ app_init ] --END-- [ RunTime:0.000553s ]

[ 2017-07-27T16:24:46+08:00 ] 192.168.20.1 /caipiao/Admin/Curlyu/Getcode
INFO: [ app_init ] --START--
INFO: Run Behavior\BuildLiteBehavior [ RunTime:0.000172s ]
INFO: [ app_init ] --END-- [ RunTime:0.000694s ]
INFO: [ app_begin ] --START--
INFO: Run Behavior\ReadHtmlCacheBehavior [ RunTime:0.000144s ]
INFO: [ app_begin ] --END-- [ RunTime:0.000533s ]
SQL: SHOW COLUMNS FROM `bocai_shuangseyuce` [ RunTime:0.0008s ]
ERR: 1062:Duplicate entry '2017086' for key 'times'
 [ SQL语句 ] : INSERT INTO `bocai_shuangseyuce` (`times`,`code`) VALUES ('2017086','[\'15\', \'21\', \'23\', \'33\', \'9\', \'29\', \'4\', \'6\']')
ERR: 1062:Duplicate entry '2017086' for key 'times'
 [ SQL语句 ] : INSERT INTO `bocai_shuangseyuce` (`times`,`code`) VALUES ('2017086','[\'15\', \'21\', \'23\', \'33\', \'9\', \'29\', \'4\', \'6\']')

[ 2017-07-27T16:24:50+08:00 ] 192.168.20.1 /caipiao/Admin/Curlyu/Getcode
INFO: [ app_init ] --START--
INFO: Run Behavior\BuildLiteBehavior [ RunTime:0.000240s ]
INFO: [ app_init ] --END-- [ RunTime:0.001010s ]
INFO: [ app_begin ] --START--
INFO: Run Behavior\ReadHtmlCacheBehavior [ RunTime:0.000279s ]
INFO: [ app_begin ] --END-- [ RunTime:0.000960s ]
SQL: SHOW COLUMNS FROM `bocai_shuangseyuce` [ RunTime:0.0126s ]
ERR: 1062:Duplicate entry '2017086' for key 'times'
 [ SQL语句 ] : INSERT INTO `bocai_shuangseyuce` (`times`,`code`) VALUES ('2017086','[\'15\', \'21\', \'23\', \'33\', \'9\', \'29\', \'4\', \'6\']')
ERR: 1062:Duplicate entry '2017086' for key 'times'
 [ SQL语句 ] : INSERT INTO `bocai_shuangseyuce` (`times`,`code`) VALUES ('2017086','[\'15\', \'21\', \'23\', \'33\', \'9\', \'29\', \'4\', \'6\']')

[ 2017-07-27T16:25:20+08:00 ] 192.168.20.1 /caipiao/Admin/Curlyu/Getcode
INFO: [ app_init ] --START--
INFO: Run Behavior\BuildLiteBehavior [ RunTime:0.000074s ]
INFO: [ app_init ] --END-- [ RunTime:0.000569s ]
INFO: [ app_begin ] --START--
INFO: Run Behavior\ReadHtmlCacheBehavior [ RunTime:0.000167s ]
INFO: [ app_begin ] --END-- [ RunTime:0.000591s ]
SQL: SHOW COLUMNS FROM `bocai_shuangseyuce` [ RunTime:0.0006s ]
ERR: 1062:Duplicate entry '2017086' for key 'times'
 [ SQL语句 ] : INSERT INTO `bocai_shuangseyuce` (`times`,`code`) VALUES ('2017086','[\'15\', \'21\', \'23\', \'33\', \'9\', \'28\', \'4\', \'6\']')
ERR: 1062:Duplicate entry '2017086' for key 'times'
 [ SQL语句 ] : INSERT INTO `bocai_shuangseyuce` (`times`,`code`) VALUES ('2017086','[\'15\', \'21\', \'23\', \'33\', \'9\', \'28\', \'4\', \'6\']')

[ 2017-07-27T16:25:26+08:00 ] 192.168.20.1 /caipiao/Admin/Curl/Show/times/2017086
INFO: [ app_init ] --START--
INFO: Run Behavior\BuildLiteBehavior [ RunTime:0.000074s ]
INFO: [ app_init ] --END-- [ RunTime:0.000564s ]

[ 2017-07-27T16:25:27+08:00 ] 192.168.20.1 /caipiao/Admin/Curlyu/Getcode
INFO: [ app_init ] --START--
INFO: Run Behavior\BuildLiteBehavior [ RunTime:0.000090s ]
INFO: [ app_init ] --END-- [ RunTime:0.000871s ]
INFO: [ app_begin ] --START--
INFO: Run Behavior\ReadHtmlCacheBehavior [ RunTime:0.000147s ]
INFO: [ app_begin ] --END-- [ RunTime:0.000539s ]
SQL: SHOW COLUMNS FROM `bocai_shuangseyuce` [ RunTime:0.0008s ]
ERR: 1062:Duplicate entry '2017086' for key 'times'
 [ SQL语句 ] : INSERT INTO `bocai_shuangseyuce` (`times`,`code`) VALUES ('2017086','[\'15\', \'21\', \'23\', \'33\', \'9\', \'24\', \'4\', \'6\']')
ERR: 1062:Duplicate entry '2017086' for key 'times'
 [ SQL语句 ] : INSERT INTO `bocai_shuangseyuce` (`times`,`code`) VALUES ('2017086','[\'15\', \'21\', \'23\', \'33\', \'9\', \'24\', \'4\', \'6\']')

[ 2017-07-27T16:27:14+08:00 ] 192.168.20.1 /caipiao/Admin/Curlyu/Getcode
INFO: [ app_init ] --START--
INFO: Run Behavior\BuildLiteBehavior [ RunTime:0.000131s ]
INFO: [ app_init ] --END-- [ RunTime:0.001007s ]
INFO: [ app_begin ] --START--
INFO: Run Behavior\ReadHtmlCacheBehavior [ RunTime:0.000394s ]
INFO: [ app_begin ] --END-- [ RunTime:0.001084s ]
INFO: [ app_end ] --START--
INFO: Run Behavior\ShowPageTraceBehavior [ RunTime:0.000280s ]
INFO: [ app_end ] --END-- [ RunTime:0.000823s ]

[ 2017-07-27T16:27:15+08:00 ] 192.168.20.1 /caipiao/Admin/Curlyu/Indata/times/2017086
INFO: [ app_init ] --START--
INFO: Run Behavior\BuildLiteBehavior [ RunTime:0.000108s ]
INFO: [ app_init ] --END-- [ RunTime:0.000758s ]
INFO: [ app_begin ] --START--
INFO: Run Behavior\ReadHtmlCacheBehavior [ RunTime:0.000360s ]
INFO: [ app_begin ] --END-- [ RunTime:0.000954s ]
SQL: SHOW COLUMNS FROM `bocai_shuangseyuce` [ RunTime:0.0009s ]
ERR: 1062:Duplicate entry '2017087' for key 'times'
 [ SQL语句 ] : INSERT INTO `bocai_shuangseyuce` (`code`,`times`) VALUES ('[\'15\', \'21\', \'23\', \'33\', \'9\', \'31\', \'4\', \'6\']','2017087')
ERR: 1062:Duplicate entry '2017087' for key 'times'
 [ SQL语句 ] : INSERT INTO `bocai_shuangseyuce` (`code`,`times`) VALUES ('[\'15\', \'21\', \'23\', \'33\', \'9\', \'31\', \'4\', \'6\']','2017087')

[ 2017-07-27T16:32:22+08:00 ] 192.168.20.1 /caipiao/Admin/Curl/Show/times/2017086
INFO: [ app_init ] --START--
INFO: Run Behavior\BuildLiteBehavior [ RunTime:0.000228s ]
INFO: [ app_init ] --END-- [ RunTime:0.001380s ]

[ 2017-07-27T16:32:23+08:00 ] 192.168.20.1 /caipiao/Admin/Curlyu/Getcode
INFO: [ app_init ] --START--
INFO: Run Behavior\BuildLiteBehavior [ RunTime:0.000388s ]
INFO: [ app_init ] --END-- [ RunTime:0.001400s ]
INFO: [ app_begin ] --START--
INFO: Run Behavior\ReadHtmlCacheBehavior [ RunTime:0.000365s ]
INFO: [ app_begin ] --END-- [ RunTime:0.001299s ]
INFO: [ app_end ] --START--
INFO: Run Behavior\ShowPageTraceBehavior [ RunTime:0.000295s ]
INFO: [ app_end ] --END-- [ RunTime:0.000908s ]

[ 2017-07-27T16:32:24+08:00 ] 192.168.20.1 /caipiao/Admin/Curlyu/Indata/times/2017086
INFO: [ app_init ] --START--
INFO: Run Behavior\BuildLiteBehavior [ RunTime:0.000141s ]
INFO: [ app_init ] --END-- [ RunTime:0.000928s ]
INFO: [ app_begin ] --START--
INFO: Run Behavior\ReadHtmlCacheBehavior [ RunTime:0.000284s ]
INFO: [ app_begin ] --END-- [ RunTime:0.000876s ]
SQL: SHOW COLUMNS FROM `bocai_shuangseyuce` [ RunTime:0.0009s ]
SQL: SELECT `times` FROM `bocai_shuangseyuce` ORDER BY times desc LIMIT 1   [ RunTime:0.0004s ]

[ 2017-07-27T16:33:09+08:00 ] 192.168.20.1 /caipiao/Admin/Curl/Show/times/2017086
INFO: [ app_init ] --START--
INFO: Run Behavior\BuildLiteBehavior [ RunTime:0.000109s ]
INFO: [ app_init ] --END-- [ RunTime:0.000856s ]

[ 2017-07-27T16:33:10+08:00 ] 192.168.20.1 /caipiao/Admin/Curlyu/Getcode
INFO: [ app_init ] --START--
INFO: Run Behavior\BuildLiteBehavior [ RunTime:0.000123s ]
INFO: [ app_init ] --END-- [ RunTime:0.000876s ]
INFO: [ app_begin ] --START--
INFO: Run Behavior\ReadHtmlCacheBehavior [ RunTime:0.000228s ]
INFO: [ app_begin ] --END-- [ RunTime:0.000803s ]
INFO: [ app_end ] --START--
INFO: Run Behavior\ShowPageTraceBehavior [ RunTime:0.000195s ]
INFO: [ app_end ] --END-- [ RunTime:0.000757s ]

[ 2017-07-27T16:33:11+08:00 ] 192.168.20.1 /caipiao/Admin/Curlyu/Indata/times/2017086
INFO: [ app_init ] --START--
INFO: Run Behavior\BuildLiteBehavior [ RunTime:0.000069s ]
INFO: [ app_init ] --END-- [ RunTime:0.000496s ]
INFO: [ app_begin ] --START--
INFO: Run Behavior\ReadHtmlCacheBehavior [ RunTime:0.000169s ]
INFO: [ app_begin ] --END-- [ RunTime:0.000529s ]
SQL: SHOW COLUMNS FROM `bocai_shuangseyuce` [ RunTime:0.0006s ]
SQL: SELECT `times` FROM `bocai_shuangseyuce` ORDER BY times desc LIMIT 1   [ RunTime:0.0002s ]

[ 2017-07-27T16:43:19+08:00 ] 192.168.20.1 /caipiao/Admin/Curl/Show/times/2017086
INFO: [ app_init ] --START--
INFO: Run Behavior\BuildLiteBehavior [ RunTime:0.000177s ]
INFO: [ app_init ] --END-- [ RunTime:0.000768s ]

[ 2017-07-27T16:43:20+08:00 ] 192.168.20.1 /caipiao/Admin/Curlyu/Getcode
INFO: [ app_init ] --START--
INFO: Run Behavior\BuildLiteBehavior [ RunTime:0.000068s ]
INFO: [ app_init ] --END-- [ RunTime:0.000467s ]
INFO: [ app_begin ] --START--
INFO: Run Behavior\ReadHtmlCacheBehavior [ RunTime:0.000143s ]
INFO: [ app_begin ] --END-- [ RunTime:0.000425s ]
INFO: [ app_end ] --START--
INFO: Run Behavior\ShowPageTraceBehavior [ RunTime:0.000521s ]
INFO: [ app_end ] --END-- [ RunTime:0.001621s ]

[ 2017-07-27T16:43:24+08:00 ] 192.168.20.1 /caipiao/Admin/Curlyu/Indata/times/2017086
INFO: [ app_init ] --START--
INFO: Run Behavior\BuildLiteBehavior [ RunTime:0.000180s ]
INFO: [ app_init ] --END-- [ RunTime:0.000898s ]
INFO: [ app_begin ] --START--
INFO: Run Behavior\ReadHtmlCacheBehavior [ RunTime:0.000153s ]
INFO: [ app_begin ] --END-- [ RunTime:0.000522s ]
SQL: SHOW COLUMNS FROM `bocai_shuangseyuce` [ RunTime:0.0010s ]
SQL: SELECT `times` FROM `bocai_shuangseyuce` ORDER BY times desc LIMIT 1   [ RunTime:0.0005s ]
NOTIC: [8] Undefined offset: 0 /var/www/caipiao/Application/Admin/Controller/CurlyuController.class.php 第 30 行.
SQL: INSERT INTO `bocai_shuangseyuce` (`code`,`times`) VALUES ('[\'15\', \'21\', \'23\', \'33\', \'9\', \'28\', \'4\', \'6\']','2017087') [ RunTime:0.1848s ]

[ 2017-07-27T16:44:04+08:00 ] 192.168.20.1 /caipiao/Admin/Curlyu/Indata/times/2017086
INFO: [ app_init ] --START--
INFO: Run Behavior\BuildLiteBehavior [ RunTime:0.000076s ]
INFO: [ app_init ] --END-- [ RunTime:0.000725s ]
INFO: [ app_begin ] --START--
INFO: Run Behavior\ReadHtmlCacheBehavior [ RunTime:0.000151s ]
INFO: [ app_begin ] --END-- [ RunTime:0.000443s ]
SQL: SHOW COLUMNS FROM `bocai_shuangseyuce` [ RunTime:0.0007s ]
SQL: SELECT `times` FROM `bocai_shuangseyuce` ORDER BY times desc LIMIT 1   [ RunTime:0.0004s ]

[ 2017-07-27T16:44:33+08:00 ] 192.168.20.1 /caipiao/Admin/Curlyu/Getcode
INFO: [ app_init ] --START--
INFO: Run Behavior\BuildLiteBehavior [ RunTime:0.000114s ]
INFO: [ app_init ] --END-- [ RunTime:0.000833s ]
INFO: [ app_begin ] --START--
INFO: Run Behavior\ReadHtmlCacheBehavior [ RunTime:0.000532s ]
INFO: [ app_begin ] --END-- [ RunTime:0.001167s ]
INFO: [ app_end ] --START--
INFO: Run Behavior\ShowPageTraceBehavior [ RunTime:0.000376s ]
INFO: [ app_end ] --END-- [ RunTime:0.001144s ]

[ 2017-07-27T16:44:36+08:00 ] 192.168.20.1 /caipiao/Admin/Curlyu/Getcode
INFO: [ app_init ] --START--
INFO: Run Behavior\BuildLiteBehavior [ RunTime:0.000108s ]
INFO: [ app_init ] --END-- [ RunTime:0.000814s ]
INFO: [ app_begin ] --START--
INFO: Run Behavior\ReadHtmlCacheBehavior [ RunTime:0.000305s ]
INFO: [ app_begin ] --END-- [ RunTime:0.000797s ]
INFO: [ app_end ] --START--
INFO: Run Behavior\ShowPageTraceBehavior [ RunTime:0.000204s ]
INFO: [ app_end ] --END-- [ RunTime:0.000547s ]

[ 2017-07-27T16:45:31+08:00 ] 192.168.20.1 /caipiao/Admin/Curlyu/Indata/times/2017086
INFO: [ app_init ] --START--
INFO: Run Behavior\BuildLiteBehavior [ RunTime:0.000123s ]
INFO: [ app_init ] --END-- [ RunTime:0.000968s ]
INFO: [ app_begin ] --START--
INFO: Run Behavior\ReadHtmlCacheBehavior [ RunTime:0.000173s ]
INFO: [ app_begin ] --END-- [ RunTime:0.000571s ]
SQL: SHOW COLUMNS FROM `bocai_shuangseyuce` [ RunTime:0.0007s ]
SQL: SELECT `times` FROM `bocai_shuangseyuce` ORDER BY times desc LIMIT 1   [ RunTime:0.0003s ]
NOTIC: [8] Undefined offset: 0 /var/www/caipiao/Application/Admin/Controller/CurlyuController.class.php 第 30 行.
SQL: INSERT INTO `bocai_shuangseyuce` (`code`,`times`) VALUES ('[\'15\', \'28\', \'23\', \'31\', \'9\', \'10\', \'4\', \'6\']','2017087') [ RunTime:0.0030s ]

[ 2017-07-27T16:46:13+08:00 ] 192.168.20.1 /caipiao/Admin/Curlyu/Indata/times/2017086
INFO: [ app_init ] --START--
INFO: Run Behavior\BuildLiteBehavior [ RunTime:0.000085s ]
INFO: [ app_init ] --END-- [ RunTime:0.000686s ]
INFO: [ app_begin ] --START--
INFO: Run Behavior\ReadHtmlCacheBehavior [ RunTime:0.000245s ]
INFO: [ app_begin ] --END-- [ RunTime:0.000693s ]
SQL: SHOW COLUMNS FROM `bocai_shuangseyuce` [ RunTime:0.0006s ]
SQL: SELECT `times` FROM `bocai_shuangseyuce` ORDER BY times desc LIMIT 1   [ RunTime:0.0004s ]

[ 2017-07-27T17:33:03+08:00 ] 192.168.20.1 /caipiao/Admin/Curl/Show/times/2017086
INFO: [ app_init ] --START--
INFO: Run Behavior\BuildLiteBehavior [ RunTime:0.000157s ]
INFO: [ app_init ] --END-- [ RunTime:0.000845s ]

[ 2017-07-27T17:33:13+08:00 ] 192.168.20.1 /caipiao/Admin/Curl/Show/times/2017086
INFO: [ app_init ] --START--
INFO: Run Behavior\BuildLiteBehavior [ RunTime:0.000114s ]
INFO: [ app_init ] --END-- [ RunTime:0.000947s ]

[ 2017-07-27T17:44:31+08:00 ] 192.168.20.1 /caipiao/Admin/Curl/Show/times/2017086
INFO: [ app_init ] --START--
INFO: Run Behavior\BuildLiteBehavior [ RunTime:0.000155s ]
INFO: [ app_init ] --END-- [ RunTime:0.001335s ]

[ 2017-07-27T17:44:32+08:00 ] 192.168.20.1 /caipiao/Admin/Bidui/Biduishuang
INFO: [ app_init ] --START--
INFO: Run Behavior\BuildLiteBehavior [ RunTime:0.000173s ]
INFO: [ app_init ] --END-- [ RunTime:0.001937s ]
ERR: 非法操作:Biduishuang

[ 2017-07-27T17:44:49+08:00 ] 192.168.20.1 /caipiao/Admin/Bidui/Biduishuang
INFO: [ app_init ] --START--
INFO: Run Behavior\BuildLiteBehavior [ RunTime:0.000115s ]
INFO: [ app_init ] --END-- [ RunTime:0.000994s ]

[ 2017-07-27T17:45:25+08:00 ] 192.168.20.1 /caipiao/Admin/Bidui/Biduishuang
INFO: [ app_init ] --START--
INFO: Run Behavior\BuildLiteBehavior [ RunTime:0.000077s ]
INFO: [ app_init ] --END-- [ RunTime:0.000551s ]

[ 2017-07-27T17:46:44+08:00 ] 192.168.20.1 /caipiao/Admin/Bidui/Biduishuang
INFO: [ app_init ] --START--
INFO: Run Behavior\BuildLiteBehavior [ RunTime:0.000100s ]
INFO: [ app_init ] --END-- [ RunTime:0.000812s ]

